{"C:\\Cavepot\\Git\\kiwi\\dist\\samples\\test-controller.js":{"path":"C:\\Cavepot\\Git\\kiwi\\dist\\samples\\test-controller.js","statementMap":{"0":{"start":{"line":2,"column":17},"end":{"line":7,"column":1}},"1":{"start":{"line":3,"column":12},"end":{"line":3,"column":28}},"2":{"start":{"line":3,"column":34},"end":{"line":3,"column":125}},"3":{"start":{"line":4,"column":4},"end":{"line":5,"column":150}},"4":{"start":{"line":4,"column":79},"end":{"line":4,"column":131}},"5":{"start":{"line":5,"column":9},"end":{"line":5,"column":150}},"6":{"start":{"line":5,"column":58},"end":{"line":5,"column":150}},"7":{"start":{"line":5,"column":81},"end":{"line":5,"column":150}},"8":{"start":{"line":6,"column":4},"end":{"line":6,"column":66}},"9":{"start":{"line":8,"column":17},"end":{"line":10,"column":1}},"10":{"start":{"line":9,"column":4},"end":{"line":9,"column":109}},"11":{"start":{"line":9,"column":79},"end":{"line":9,"column":109}},"12":{"start":{"line":11,"column":14},"end":{"line":13,"column":1}},"13":{"start":{"line":12,"column":4},"end":{"line":12,"column":73}},"14":{"start":{"line":12,"column":36},"end":{"line":12,"column":71}},"15":{"start":{"line":14,"column":0},"end":{"line":14,"column":62}},"16":{"start":{"line":15,"column":16},"end":{"line":15,"column":39}},"17":{"start":{"line":16,"column":16},"end":{"line":16,"column":34}},"18":{"start":{"line":17,"column":21},"end":{"line":48,"column":1}},"19":{"start":{"line":19,"column":8},"end":{"line":19,"column":27}},"20":{"start":{"line":22,"column":8},"end":{"line":22,"column":20}},"21":{"start":{"line":25,"column":8},"end":{"line":25,"column":27}},"22":{"start":{"line":26,"column":8},"end":{"line":26,"column":22}},"23":{"start":{"line":29,"column":8},"end":{"line":29,"column":30}},"24":{"start":{"line":32,"column":8},"end":{"line":32,"column":26}},"25":{"start":{"line":35,"column":8},"end":{"line":35,"column":41}},"26":{"start":{"line":38,"column":8},"end":{"line":41,"column":10}},"27":{"start":{"line":44,"column":8},"end":{"line":46,"column":10}},"28":{"start":{"line":49,"column":0},"end":{"line":55,"column":45}},"29":{"start":{"line":56,"column":0},"end":{"line":63,"column":49}},"30":{"start":{"line":64,"column":0},"end":{"line":70,"column":43}},"31":{"start":{"line":71,"column":0},"end":{"line":77,"column":42}},"32":{"start":{"line":78,"column":0},"end":{"line":83,"column":60}},"33":{"start":{"line":84,"column":0},"end":{"line":90,"column":43}},"34":{"start":{"line":91,"column":0},"end":{"line":97,"column":46}},"35":{"start":{"line":98,"column":0},"end":{"line":102,"column":19}},"36":{"start":{"line":103,"column":0},"end":{"line":103,"column":40}}},"fnMap":{"0":{"name":"(anonymous_0)","decl":{"start":{"line":2,"column":46},"end":{"line":2,"column":47}},"loc":{"start":{"line":2,"column":87},"end":{"line":7,"column":1}},"line":2},"1":{"name":"(anonymous_1)","decl":{"start":{"line":8,"column":46},"end":{"line":8,"column":47}},"loc":{"start":{"line":8,"column":62},"end":{"line":10,"column":1}},"line":8},"2":{"name":"(anonymous_2)","decl":{"start":{"line":11,"column":40},"end":{"line":11,"column":41}},"loc":{"start":{"line":11,"column":73},"end":{"line":13,"column":1}},"line":11},"3":{"name":"(anonymous_3)","decl":{"start":{"line":12,"column":11},"end":{"line":12,"column":12}},"loc":{"start":{"line":12,"column":34},"end":{"line":12,"column":73}},"line":12},"4":{"name":"(anonymous_4)","decl":{"start":{"line":18,"column":4},"end":{"line":18,"column":5}},"loc":{"start":{"line":18,"column":23},"end":{"line":20,"column":5}},"line":18},"5":{"name":"(anonymous_5)","decl":{"start":{"line":21,"column":4},"end":{"line":21,"column":5}},"loc":{"start":{"line":21,"column":17},"end":{"line":23,"column":5}},"line":21},"6":{"name":"(anonymous_6)","decl":{"start":{"line":24,"column":4},"end":{"line":24,"column":5}},"loc":{"start":{"line":24,"column":43},"end":{"line":27,"column":5}},"line":24},"7":{"name":"(anonymous_7)","decl":{"start":{"line":28,"column":4},"end":{"line":28,"column":5}},"loc":{"start":{"line":28,"column":15},"end":{"line":30,"column":5}},"line":28},"8":{"name":"(anonymous_8)","decl":{"start":{"line":31,"column":4},"end":{"line":31,"column":5}},"loc":{"start":{"line":31,"column":22},"end":{"line":33,"column":5}},"line":31},"9":{"name":"(anonymous_9)","decl":{"start":{"line":34,"column":4},"end":{"line":34,"column":5}},"loc":{"start":{"line":34,"column":28},"end":{"line":36,"column":5}},"line":34},"10":{"name":"(anonymous_10)","decl":{"start":{"line":37,"column":4},"end":{"line":37,"column":5}},"loc":{"start":{"line":37,"column":22},"end":{"line":42,"column":5}},"line":37},"11":{"name":"(anonymous_11)","decl":{"start":{"line":43,"column":4},"end":{"line":43,"column":5}},"loc":{"start":{"line":43,"column":16},"end":{"line":47,"column":5}},"line":43}},"branchMap":{"0":{"loc":{"start":{"line":2,"column":17},"end":{"line":7,"column":1}},"type":"binary-expr","locations":[{"start":{"line":2,"column":18},"end":{"line":2,"column":22}},{"start":{"line":2,"column":26},"end":{"line":2,"column":41}},{"start":{"line":2,"column":46},"end":{"line":7,"column":1}}],"line":2},"1":{"loc":{"start":{"line":3,"column":34},"end":{"line":3,"column":125}},"type":"cond-expr","locations":[{"start":{"line":3,"column":42},"end":{"line":3,"column":48}},{"start":{"line":3,"column":51},"end":{"line":3,"column":125}}],"line":3},"2":{"loc":{"start":{"line":3,"column":51},"end":{"line":3,"column":125}},"type":"cond-expr","locations":[{"start":{"line":3,"column":67},"end":{"line":3,"column":118}},{"start":{"line":3,"column":121},"end":{"line":3,"column":125}}],"line":3},"3":{"loc":{"start":{"line":4,"column":4},"end":{"line":5,"column":150}},"type":"if","locations":[{"start":{"line":4,"column":4},"end":{"line":5,"column":150}},{"start":{"line":4,"column":4},"end":{"line":5,"column":150}}],"line":4},"4":{"loc":{"start":{"line":4,"column":8},"end":{"line":4,"column":77}},"type":"binary-expr","locations":[{"start":{"line":4,"column":8},"end":{"line":4,"column":35}},{"start":{"line":4,"column":39},"end":{"line":4,"column":77}}],"line":4},"5":{"loc":{"start":{"line":5,"column":58},"end":{"line":5,"column":150}},"type":"if","locations":[{"start":{"line":5,"column":58},"end":{"line":5,"column":150}},{"start":{"line":5,"column":58},"end":{"line":5,"column":150}}],"line":5},"6":{"loc":{"start":{"line":5,"column":85},"end":{"line":5,"column":149}},"type":"binary-expr","locations":[{"start":{"line":5,"column":86},"end":{"line":5,"column":143}},{"start":{"line":5,"column":148},"end":{"line":5,"column":149}}],"line":5},"7":{"loc":{"start":{"line":5,"column":86},"end":{"line":5,"column":143}},"type":"cond-expr","locations":[{"start":{"line":5,"column":94},"end":{"line":5,"column":98}},{"start":{"line":5,"column":101},"end":{"line":5,"column":143}}],"line":5},"8":{"loc":{"start":{"line":5,"column":101},"end":{"line":5,"column":143}},"type":"cond-expr","locations":[{"start":{"line":5,"column":109},"end":{"line":5,"column":126}},{"start":{"line":5,"column":129},"end":{"line":5,"column":143}}],"line":5},"9":{"loc":{"start":{"line":6,"column":11},"end":{"line":6,"column":62}},"type":"binary-expr","locations":[{"start":{"line":6,"column":11},"end":{"line":6,"column":16}},{"start":{"line":6,"column":20},"end":{"line":6,"column":21}},{"start":{"line":6,"column":25},"end":{"line":6,"column":62}}],"line":6},"10":{"loc":{"start":{"line":8,"column":17},"end":{"line":10,"column":1}},"type":"binary-expr","locations":[{"start":{"line":8,"column":18},"end":{"line":8,"column":22}},{"start":{"line":8,"column":26},"end":{"line":8,"column":41}},{"start":{"line":8,"column":46},"end":{"line":10,"column":1}}],"line":8},"11":{"loc":{"start":{"line":9,"column":4},"end":{"line":9,"column":109}},"type":"if","locations":[{"start":{"line":9,"column":4},"end":{"line":9,"column":109}},{"start":{"line":9,"column":4},"end":{"line":9,"column":109}}],"line":9},"12":{"loc":{"start":{"line":9,"column":8},"end":{"line":9,"column":77}},"type":"binary-expr","locations":[{"start":{"line":9,"column":8},"end":{"line":9,"column":35}},{"start":{"line":9,"column":39},"end":{"line":9,"column":77}}],"line":9},"13":{"loc":{"start":{"line":11,"column":14},"end":{"line":13,"column":1}},"type":"binary-expr","locations":[{"start":{"line":11,"column":15},"end":{"line":11,"column":19}},{"start":{"line":11,"column":23},"end":{"line":11,"column":35}},{"start":{"line":11,"column":40},"end":{"line":13,"column":1}}],"line":11}},"s":{"0":1,"1":8,"2":8,"3":8,"4":8,"5":0,"6":0,"7":0,"8":8,"9":1,"10":22,"11":22,"12":1,"13":12,"14":12,"15":1,"16":1,"17":1,"18":1,"19":0,"20":0,"21":0,"22":0,"23":0,"24":0,"25":0,"26":0,"27":0,"28":1,"29":1,"30":1,"31":1,"32":1,"33":1,"34":1,"35":1,"36":1},"f":{"0":8,"1":22,"2":12,"3":12,"4":0,"5":0,"6":0,"7":0,"8":0,"9":0,"10":0,"11":0},"b":{"0":[1,1,1],"1":[1,7],"2":[7,0],"3":[8,0],"4":[8,8],"5":[0,0],"6":[0,0],"7":[0,0],"8":[0,0],"9":[8,7,7],"10":[1,1,1],"11":[22,0],"12":[22,22],"13":[1,1,1]},"_coverageSchema":"43e27e138ebf9cfc5966b082cf9a028302ed4184","hash":"6c69e74fea37a14c427ca69e1db7eeabe45f5aab","contentHash":"e710314135f90969f145425ab68efb79"},"C:\\Cavepot\\Git\\kiwi\\dist\\src\\index.js":{"path":"C:\\Cavepot\\Git\\kiwi\\dist\\src\\index.js","statementMap":{"0":{"start":{"line":2,"column":16},"end":{"line":9,"column":1}},"1":{"start":{"line":3,"column":4},"end":{"line":8,"column":7}},"2":{"start":{"line":4,"column":36},"end":{"line":4,"column":97}},"3":{"start":{"line":4,"column":42},"end":{"line":4,"column":70}},"4":{"start":{"line":4,"column":85},"end":{"line":4,"column":95}},"5":{"start":{"line":5,"column":35},"end":{"line":5,"column":100}},"6":{"start":{"line":5,"column":41},"end":{"line":5,"column":73}},"7":{"start":{"line":5,"column":88},"end":{"line":5,"column":98}},"8":{"start":{"line":6,"column":32},"end":{"line":6,"column":149}},"9":{"start":{"line":6,"column":97},"end":{"line":6,"column":119}},"10":{"start":{"line":7,"column":8},"end":{"line":7,"column":78}},"11":{"start":{"line":11,"column":4},"end":{"line":11,"column":71}},"12":{"start":{"line":11,"column":21},"end":{"line":11,"column":71}},"13":{"start":{"line":11,"column":53},"end":{"line":11,"column":71}},"14":{"start":{"line":13,"column":0},"end":{"line":13,"column":62}},"15":{"start":{"line":14,"column":13},"end":{"line":14,"column":28}},"16":{"start":{"line":15,"column":17},"end":{"line":15,"column":34}},"17":{"start":{"line":16,"column":26},"end":{"line":16,"column":63}},"18":{"start":{"line":17,"column":24},"end":{"line":17,"column":62}},"19":{"start":{"line":18,"column":23},"end":{"line":18,"column":60}},"20":{"start":{"line":19,"column":24},"end":{"line":19,"column":62}},"21":{"start":{"line":20,"column":17},"end":{"line":20,"column":44}},"22":{"start":{"line":21,"column":0},"end":{"line":21,"column":38}},"23":{"start":{"line":22,"column":0},"end":{"line":22,"column":39}},"24":{"start":{"line":23,"column":0},"end":{"line":23,"column":38}},"25":{"start":{"line":24,"column":0},"end":{"line":24,"column":41}},"26":{"start":{"line":25,"column":0},"end":{"line":25,"column":49}},"27":{"start":{"line":26,"column":0},"end":{"line":26,"column":40}},"28":{"start":{"line":27,"column":0},"end":{"line":27,"column":45}},"29":{"start":{"line":28,"column":0},"end":{"line":28,"column":46}},"30":{"start":{"line":29,"column":0},"end":{"line":29,"column":39}},"31":{"start":{"line":30,"column":0},"end":{"line":30,"column":44}},"32":{"start":{"line":31,"column":0},"end":{"line":31,"column":51}},"33":{"start":{"line":32,"column":0},"end":{"line":32,"column":50}},"34":{"start":{"line":33,"column":0},"end":{"line":33,"column":40}},"35":{"start":{"line":34,"column":22},"end":{"line":40,"column":1}},"36":{"start":{"line":42,"column":4},"end":{"line":42,"column":30}},"37":{"start":{"line":43,"column":4},"end":{"line":43,"column":29}},"38":{"start":{"line":44,"column":4},"end":{"line":44,"column":60}},"39":{"start":{"line":45,"column":4},"end":{"line":50,"column":5}},"40":{"start":{"line":46,"column":8},"end":{"line":48,"column":11}},"41":{"start":{"line":49,"column":8},"end":{"line":49,"column":63}},"42":{"start":{"line":51,"column":4},"end":{"line":55,"column":5}},"43":{"start":{"line":52,"column":8},"end":{"line":54,"column":11}},"44":{"start":{"line":56,"column":4},"end":{"line":60,"column":5}},"45":{"start":{"line":57,"column":8},"end":{"line":59,"column":11}},"46":{"start":{"line":61,"column":19},"end":{"line":61,"column":52}},"47":{"start":{"line":62,"column":4},"end":{"line":64,"column":5}},"48":{"start":{"line":63,"column":8},"end":{"line":63,"column":49}},"49":{"start":{"line":65,"column":4},"end":{"line":70,"column":7}},"50":{"start":{"line":66,"column":8},"end":{"line":66,"column":81}},"51":{"start":{"line":67,"column":8},"end":{"line":69,"column":9}},"52":{"start":{"line":68,"column":12},"end":{"line":68,"column":23}},"53":{"start":{"line":72,"column":0},"end":{"line":72,"column":44}},"54":{"start":{"line":74,"column":4},"end":{"line":74,"column":21}},"55":{"start":{"line":76,"column":0},"end":{"line":76,"column":30}},"56":{"start":{"line":78,"column":4},"end":{"line":124,"column":7}},"57":{"start":{"line":79,"column":8},"end":{"line":123,"column":9}},"58":{"start":{"line":80,"column":34},"end":{"line":80,"column":130}},"59":{"start":{"line":81,"column":12},"end":{"line":83,"column":13}},"60":{"start":{"line":82,"column":16},"end":{"line":82,"column":23}},"61":{"start":{"line":84,"column":30},"end":{"line":84,"column":52}},"62":{"start":{"line":85,"column":24},"end":{"line":85,"column":36}},"63":{"start":{"line":86,"column":31},"end":{"line":86,"column":75}},"64":{"start":{"line":87,"column":26},"end":{"line":87,"column":91}},"65":{"start":{"line":88,"column":12},"end":{"line":92,"column":13}},"66":{"start":{"line":89,"column":16},"end":{"line":89,"column":40}},"67":{"start":{"line":90,"column":16},"end":{"line":90,"column":52}},"68":{"start":{"line":91,"column":16},"end":{"line":91,"column":23}},"69":{"start":{"line":93,"column":12},"end":{"line":100,"column":13}},"70":{"start":{"line":94,"column":29},"end":{"line":94,"column":100}},"71":{"start":{"line":95,"column":16},"end":{"line":99,"column":17}},"72":{"start":{"line":96,"column":20},"end":{"line":96,"column":44}},"73":{"start":{"line":97,"column":20},"end":{"line":97,"column":50}},"74":{"start":{"line":98,"column":20},"end":{"line":98,"column":27}},"75":{"start":{"line":101,"column":26},"end":{"line":101,"column":98}},"76":{"start":{"line":101,"column":70},"end":{"line":101,"column":97}},"77":{"start":{"line":102,"column":12},"end":{"line":102,"column":67}},"78":{"start":{"line":103,"column":12},"end":{"line":108,"column":13}},"79":{"start":{"line":104,"column":31},"end":{"line":104,"column":58}},"80":{"start":{"line":105,"column":27},"end":{"line":105,"column":54}},"81":{"start":{"line":106,"column":30},"end":{"line":106,"column":99}},"82":{"start":{"line":106,"column":79},"end":{"line":106,"column":98}},"83":{"start":{"line":107,"column":16},"end":{"line":107,"column":48}},"84":{"start":{"line":109,"column":12},"end":{"line":109,"column":46}},"85":{"start":{"line":110,"column":27},"end":{"line":110,"column":66}},"86":{"start":{"line":111,"column":33},"end":{"line":111,"column":128}},"87":{"start":{"line":112,"column":12},"end":{"line":114,"column":13}},"88":{"start":{"line":113,"column":16},"end":{"line":113,"column":23}},"89":{"start":{"line":115,"column":12},"end":{"line":115,"column":67}},"90":{"start":{"line":116,"column":12},"end":{"line":116,"column":49}},"91":{"start":{"line":117,"column":12},"end":{"line":117,"column":28}},"92":{"start":{"line":120,"column":12},"end":{"line":120,"column":40}},"93":{"start":{"line":121,"column":12},"end":{"line":121,"column":36}},"94":{"start":{"line":122,"column":12},"end":{"line":122,"column":43}},"95":{"start":{"line":127,"column":4},"end":{"line":129,"column":5}},"96":{"start":{"line":128,"column":8},"end":{"line":128,"column":20}},"97":{"start":{"line":130,"column":16},"end":{"line":130,"column":18}},"98":{"start":{"line":131,"column":19},"end":{"line":131,"column":41}},"99":{"start":{"line":132,"column":4},"end":{"line":135,"column":7}},"100":{"start":{"line":133,"column":20},"end":{"line":133,"column":36}},"101":{"start":{"line":134,"column":8},"end":{"line":134,"column":29}},"102":{"start":{"line":136,"column":4},"end":{"line":136,"column":15}},"103":{"start":{"line":139,"column":25},"end":{"line":139,"column":95}},"104":{"start":{"line":139,"column":66},"end":{"line":139,"column":94}},"105":{"start":{"line":140,"column":4},"end":{"line":143,"column":7}},"106":{"start":{"line":141,"column":22},"end":{"line":141,"column":98}},"107":{"start":{"line":141,"column":66},"end":{"line":141,"column":97}},"108":{"start":{"line":142,"column":8},"end":{"line":142,"column":69}},"109":{"start":{"line":144,"column":4},"end":{"line":144,"column":17}},"110":{"start":{"line":147,"column":4},"end":{"line":160,"column":7}},"111":{"start":{"line":148,"column":16},"end":{"line":152,"column":10}},"112":{"start":{"line":149,"column":23},"end":{"line":149,"column":25}},"113":{"start":{"line":150,"column":12},"end":{"line":150,"column":55}},"114":{"start":{"line":150,"column":40},"end":{"line":150,"column":53}},"115":{"start":{"line":151,"column":12},"end":{"line":151,"column":51}},"116":{"start":{"line":151,"column":36},"end":{"line":151,"column":49}},"117":{"start":{"line":153,"column":19},"end":{"line":158,"column":10}},"118":{"start":{"line":154,"column":12},"end":{"line":156,"column":13}},"119":{"start":{"line":155,"column":16},"end":{"line":155,"column":28}},"120":{"start":{"line":157,"column":12},"end":{"line":157,"column":38}},"121":{"start":{"line":159,"column":8},"end":{"line":159,"column":20}},"122":{"start":{"line":163,"column":4},"end":{"line":172,"column":7}},"123":{"start":{"line":164,"column":25},"end":{"line":164,"column":52}},"124":{"start":{"line":165,"column":8},"end":{"line":167,"column":9}},"125":{"start":{"line":166,"column":12},"end":{"line":166,"column":35}},"126":{"start":{"line":168,"column":8},"end":{"line":168,"column":40}},"127":{"start":{"line":169,"column":8},"end":{"line":169,"column":41}},"128":{"start":{"line":170,"column":23},"end":{"line":170,"column":87}},"129":{"start":{"line":171,"column":8},"end":{"line":171,"column":22}},"130":{"start":{"line":175,"column":4},"end":{"line":190,"column":7}},"131":{"start":{"line":176,"column":23},"end":{"line":176,"column":40}},"132":{"start":{"line":177,"column":8},"end":{"line":184,"column":11}},"133":{"start":{"line":178,"column":12},"end":{"line":183,"column":15}},"134":{"start":{"line":179,"column":16},"end":{"line":182,"column":19}},"135":{"start":{"line":180,"column":37},"end":{"line":180,"column":77}},"136":{"start":{"line":181,"column":20},"end":{"line":181,"column":90}},"137":{"start":{"line":185,"column":8},"end":{"line":187,"column":11}},"138":{"start":{"line":186,"column":12},"end":{"line":186,"column":24}},"139":{"start":{"line":188,"column":23},"end":{"line":188,"column":37}},"140":{"start":{"line":189,"column":8},"end":{"line":189,"column":22}},"141":{"start":{"line":193,"column":19},"end":{"line":193,"column":88}},"142":{"start":{"line":194,"column":15},"end":{"line":194,"column":17}},"143":{"start":{"line":195,"column":4},"end":{"line":198,"column":7}},"144":{"start":{"line":196,"column":23},"end":{"line":196,"column":56}},"145":{"start":{"line":197,"column":8},"end":{"line":197,"column":28}},"146":{"start":{"line":199,"column":4},"end":{"line":199,"column":46}}},"fnMap":{"0":{"name":"(anonymous_0)","decl":{"start":{"line":2,"column":44},"end":{"line":2,"column":45}},"loc":{"start":{"line":2,"column":89},"end":{"line":9,"column":1}},"line":2},"1":{"name":"(anonymous_1)","decl":{"start":{"line":3,"column":36},"end":{"line":3,"column":37}},"loc":{"start":{"line":3,"column":63},"end":{"line":8,"column":5}},"line":3},"2":{"name":"fulfilled","decl":{"start":{"line":4,"column":17},"end":{"line":4,"column":26}},"loc":{"start":{"line":4,"column":34},"end":{"line":4,"column":99}},"line":4},"3":{"name":"rejected","decl":{"start":{"line":5,"column":17},"end":{"line":5,"column":25}},"loc":{"start":{"line":5,"column":33},"end":{"line":5,"column":102}},"line":5},"4":{"name":"step","decl":{"start":{"line":6,"column":17},"end":{"line":6,"column":21}},"loc":{"start":{"line":6,"column":30},"end":{"line":6,"column":151}},"line":6},"5":{"name":"(anonymous_5)","decl":{"start":{"line":6,"column":76},"end":{"line":6,"column":77}},"loc":{"start":{"line":6,"column":95},"end":{"line":6,"column":121}},"line":6},"6":{"name":"__export","decl":{"start":{"line":10,"column":9},"end":{"line":10,"column":17}},"loc":{"start":{"line":10,"column":21},"end":{"line":12,"column":1}},"line":10},"7":{"name":"createKiwiServer","decl":{"start":{"line":41,"column":9},"end":{"line":41,"column":25}},"loc":{"start":{"line":41,"column":45},"end":{"line":71,"column":1}},"line":41},"8":{"name":"(anonymous_8)","decl":{"start":{"line":65,"column":32},"end":{"line":65,"column":33}},"loc":{"start":{"line":65,"column":38},"end":{"line":70,"column":5}},"line":65},"9":{"name":"getSocket","decl":{"start":{"line":73,"column":9},"end":{"line":73,"column":18}},"loc":{"start":{"line":73,"column":21},"end":{"line":75,"column":1}},"line":73},"10":{"name":"processRequest","decl":{"start":{"line":77,"column":9},"end":{"line":77,"column":23}},"loc":{"start":{"line":77,"column":43},"end":{"line":125,"column":1}},"line":77},"11":{"name":"(anonymous_11)","decl":{"start":{"line":78,"column":43},"end":{"line":78,"column":44}},"loc":{"start":{"line":78,"column":56},"end":{"line":124,"column":5}},"line":78},"12":{"name":"(anonymous_12)","decl":{"start":{"line":101,"column":59},"end":{"line":101,"column":60}},"loc":{"start":{"line":101,"column":70},"end":{"line":101,"column":97}},"line":101},"13":{"name":"(anonymous_13)","decl":{"start":{"line":106,"column":68},"end":{"line":106,"column":69}},"loc":{"start":{"line":106,"column":79},"end":{"line":106,"column":98}},"line":106},"14":{"name":"parseQueryParam","decl":{"start":{"line":126,"column":9},"end":{"line":126,"column":24}},"loc":{"start":{"line":126,"column":38},"end":{"line":137,"column":1}},"line":126},"15":{"name":"(anonymous_15)","decl":{"start":{"line":132,"column":29},"end":{"line":132,"column":30}},"loc":{"start":{"line":132,"column":40},"end":{"line":135,"column":5}},"line":132},"16":{"name":"parseHeaderParams","decl":{"start":{"line":138,"column":9},"end":{"line":138,"column":26}},"loc":{"start":{"line":138,"column":43},"end":{"line":145,"column":1}},"line":138},"17":{"name":"(anonymous_17)","decl":{"start":{"line":139,"column":55},"end":{"line":139,"column":56}},"loc":{"start":{"line":139,"column":66},"end":{"line":139,"column":94}},"line":139},"18":{"name":"(anonymous_18)","decl":{"start":{"line":140,"column":35},"end":{"line":140,"column":36}},"loc":{"start":{"line":140,"column":52},"end":{"line":143,"column":5}},"line":140},"19":{"name":"(anonymous_19)","decl":{"start":{"line":141,"column":55},"end":{"line":141,"column":56}},"loc":{"start":{"line":141,"column":66},"end":{"line":141,"column":97}},"line":141},"20":{"name":"parseBody","decl":{"start":{"line":146,"column":9},"end":{"line":146,"column":18}},"loc":{"start":{"line":146,"column":28},"end":{"line":161,"column":1}},"line":146},"21":{"name":"(anonymous_21)","decl":{"start":{"line":147,"column":43},"end":{"line":147,"column":44}},"loc":{"start":{"line":147,"column":56},"end":{"line":160,"column":5}},"line":147},"22":{"name":"(anonymous_22)","decl":{"start":{"line":148,"column":28},"end":{"line":148,"column":29}},"loc":{"start":{"line":148,"column":49},"end":{"line":152,"column":9}},"line":148},"23":{"name":"(anonymous_23)","decl":{"start":{"line":150,"column":31},"end":{"line":150,"column":32}},"loc":{"start":{"line":150,"column":40},"end":{"line":150,"column":53}},"line":150},"24":{"name":"(anonymous_24)","decl":{"start":{"line":151,"column":30},"end":{"line":151,"column":31}},"loc":{"start":{"line":151,"column":36},"end":{"line":151,"column":49}},"line":151},"25":{"name":"(anonymous_25)","decl":{"start":{"line":153,"column":32},"end":{"line":153,"column":33}},"loc":{"start":{"line":153,"column":44},"end":{"line":158,"column":9}},"line":153},"26":{"name":"execute","decl":{"start":{"line":162,"column":9},"end":{"line":162,"column":16}},"loc":{"start":{"line":162,"column":43},"end":{"line":173,"column":1}},"line":162},"27":{"name":"(anonymous_27)","decl":{"start":{"line":163,"column":43},"end":{"line":163,"column":44}},"loc":{"start":{"line":163,"column":56},"end":{"line":172,"column":5}},"line":163},"28":{"name":"executeMiddlewares","decl":{"start":{"line":174,"column":9},"end":{"line":174,"column":27}},"loc":{"start":{"line":174,"column":60},"end":{"line":191,"column":1}},"line":174},"29":{"name":"(anonymous_29)","decl":{"start":{"line":175,"column":43},"end":{"line":175,"column":44}},"loc":{"start":{"line":175,"column":56},"end":{"line":190,"column":5}},"line":175},"30":{"name":"(anonymous_30)","decl":{"start":{"line":177,"column":38},"end":{"line":177,"column":39}},"loc":{"start":{"line":177,"column":54},"end":{"line":184,"column":9}},"line":177},"31":{"name":"(anonymous_31)","decl":{"start":{"line":178,"column":37},"end":{"line":178,"column":38}},"loc":{"start":{"line":178,"column":43},"end":{"line":183,"column":13}},"line":178},"32":{"name":"(anonymous_32)","decl":{"start":{"line":179,"column":35},"end":{"line":179,"column":36}},"loc":{"start":{"line":179,"column":56},"end":{"line":182,"column":17}},"line":179},"33":{"name":"(anonymous_33)","decl":{"start":{"line":185,"column":33},"end":{"line":185,"column":34}},"loc":{"start":{"line":185,"column":39},"end":{"line":187,"column":9}},"line":185},"34":{"name":"getInstance","decl":{"start":{"line":192,"column":9},"end":{"line":192,"column":20}},"loc":{"start":{"line":192,"column":32},"end":{"line":200,"column":1}},"line":192},"35":{"name":"(anonymous_35)","decl":{"start":{"line":195,"column":29},"end":{"line":195,"column":30}},"loc":{"start":{"line":195,"column":40},"end":{"line":198,"column":5}},"line":195}},"branchMap":{"0":{"loc":{"start":{"line":2,"column":16},"end":{"line":9,"column":1}},"type":"binary-expr","locations":[{"start":{"line":2,"column":17},"end":{"line":2,"column":21}},{"start":{"line":2,"column":25},"end":{"line":2,"column":39}},{"start":{"line":2,"column":44},"end":{"line":9,"column":1}}],"line":2},"1":{"loc":{"start":{"line":3,"column":16},"end":{"line":3,"column":34}},"type":"binary-expr","locations":[{"start":{"line":3,"column":16},"end":{"line":3,"column":17}},{"start":{"line":3,"column":22},"end":{"line":3,"column":33}}],"line":3},"2":{"loc":{"start":{"line":6,"column":32},"end":{"line":6,"column":148}},"type":"cond-expr","locations":[{"start":{"line":6,"column":46},"end":{"line":6,"column":67}},{"start":{"line":6,"column":70},"end":{"line":6,"column":148}}],"line":6},"3":{"loc":{"start":{"line":7,"column":51},"end":{"line":7,"column":67}},"type":"binary-expr","locations":[{"start":{"line":7,"column":51},"end":{"line":7,"column":61}},{"start":{"line":7,"column":65},"end":{"line":7,"column":67}}],"line":7},"4":{"loc":{"start":{"line":11,"column":21},"end":{"line":11,"column":71}},"type":"if","locations":[{"start":{"line":11,"column":21},"end":{"line":11,"column":71}},{"start":{"line":11,"column":21},"end":{"line":11,"column":71}}],"line":11},"5":{"loc":{"start":{"line":45,"column":4},"end":{"line":50,"column":5}},"type":"if","locations":[{"start":{"line":45,"column":4},"end":{"line":50,"column":5}},{"start":{"line":45,"column":4},"end":{"line":50,"column":5}}],"line":45},"6":{"loc":{"start":{"line":51,"column":4},"end":{"line":55,"column":5}},"type":"if","locations":[{"start":{"line":51,"column":4},"end":{"line":55,"column":5}},{"start":{"line":51,"column":4},"end":{"line":55,"column":5}}],"line":51},"7":{"loc":{"start":{"line":56,"column":4},"end":{"line":60,"column":5}},"type":"if","locations":[{"start":{"line":56,"column":4},"end":{"line":60,"column":5}},{"start":{"line":56,"column":4},"end":{"line":60,"column":5}}],"line":56},"8":{"loc":{"start":{"line":62,"column":4},"end":{"line":64,"column":5}},"type":"if","locations":[{"start":{"line":62,"column":4},"end":{"line":64,"column":5}},{"start":{"line":62,"column":4},"end":{"line":64,"column":5}}],"line":62},"9":{"loc":{"start":{"line":67,"column":8},"end":{"line":69,"column":9}},"type":"if","locations":[{"start":{"line":67,"column":8},"end":{"line":69,"column":9}},{"start":{"line":67,"column":8},"end":{"line":69,"column":9}}],"line":67},"10":{"loc":{"start":{"line":81,"column":12},"end":{"line":83,"column":13}},"type":"if","locations":[{"start":{"line":81,"column":12},"end":{"line":83,"column":13}},{"start":{"line":81,"column":12},"end":{"line":83,"column":13}}],"line":81},"11":{"loc":{"start":{"line":86,"column":31},"end":{"line":86,"column":75}},"type":"cond-expr","locations":[{"start":{"line":86,"column":56},"end":{"line":86,"column":68}},{"start":{"line":86,"column":71},"end":{"line":86,"column":75}}],"line":86},"12":{"loc":{"start":{"line":88,"column":12},"end":{"line":92,"column":13}},"type":"if","locations":[{"start":{"line":88,"column":12},"end":{"line":92,"column":13}},{"start":{"line":88,"column":12},"end":{"line":92,"column":13}}],"line":88},"13":{"loc":{"start":{"line":93,"column":12},"end":{"line":100,"column":13}},"type":"if","locations":[{"start":{"line":93,"column":12},"end":{"line":100,"column":13}},{"start":{"line":93,"column":12},"end":{"line":100,"column":13}}],"line":93},"14":{"loc":{"start":{"line":95,"column":16},"end":{"line":99,"column":17}},"type":"if","locations":[{"start":{"line":95,"column":16},"end":{"line":99,"column":17}},{"start":{"line":95,"column":16},"end":{"line":99,"column":17}}],"line":95},"15":{"loc":{"start":{"line":103,"column":12},"end":{"line":108,"column":13}},"type":"if","locations":[{"start":{"line":103,"column":12},"end":{"line":108,"column":13}},{"start":{"line":103,"column":12},"end":{"line":108,"column":13}}],"line":103},"16":{"loc":{"start":{"line":112,"column":12},"end":{"line":114,"column":13}},"type":"if","locations":[{"start":{"line":112,"column":12},"end":{"line":114,"column":13}},{"start":{"line":112,"column":12},"end":{"line":114,"column":13}}],"line":112},"17":{"loc":{"start":{"line":127,"column":4},"end":{"line":129,"column":5}},"type":"if","locations":[{"start":{"line":127,"column":4},"end":{"line":129,"column":5}},{"start":{"line":127,"column":4},"end":{"line":129,"column":5}}],"line":127},"18":{"loc":{"start":{"line":154,"column":12},"end":{"line":156,"column":13}},"type":"if","locations":[{"start":{"line":154,"column":12},"end":{"line":156,"column":13}},{"start":{"line":154,"column":12},"end":{"line":156,"column":13}}],"line":154},"19":{"loc":{"start":{"line":154,"column":16},"end":{"line":154,"column":55}},"type":"binary-expr","locations":[{"start":{"line":154,"column":16},"end":{"line":154,"column":38}},{"start":{"line":154,"column":42},"end":{"line":154,"column":55}}],"line":154},"20":{"loc":{"start":{"line":165,"column":8},"end":{"line":167,"column":9}},"type":"if","locations":[{"start":{"line":165,"column":8},"end":{"line":167,"column":9}},{"start":{"line":165,"column":8},"end":{"line":167,"column":9}}],"line":165},"21":{"loc":{"start":{"line":193,"column":19},"end":{"line":193,"column":88}},"type":"binary-expr","locations":[{"start":{"line":193,"column":19},"end":{"line":193,"column":82}},{"start":{"line":193,"column":86},"end":{"line":193,"column":88}}],"line":193}},"s":{"0":1,"1":0,"2":0,"3":0,"4":0,"5":0,"6":0,"7":0,"8":0,"9":0,"10":0,"11":13,"12":13,"13":13,"14":1,"15":1,"16":1,"17":1,"18":1,"19":1,"20":1,"21":1,"22":1,"23":1,"24":1,"25":1,"26":1,"27":1,"28":1,"29":1,"30":1,"31":1,"32":1,"33":1,"34":1,"35":1,"36":0,"37":0,"38":0,"39":0,"40":0,"41":0,"42":0,"43":0,"44":0,"45":0,"46":0,"47":0,"48":0,"49":0,"50":0,"51":0,"52":0,"53":1,"54":0,"55":1,"56":0,"57":0,"58":0,"59":0,"60":0,"61":0,"62":0,"63":0,"64":0,"65":0,"66":0,"67":0,"68":0,"69":0,"70":0,"71":0,"72":0,"73":0,"74":0,"75":0,"76":0,"77":0,"78":0,"79":0,"80":0,"81":0,"82":0,"83":0,"84":0,"85":0,"86":0,"87":0,"88":0,"89":0,"90":0,"91":0,"92":0,"93":0,"94":0,"95":0,"96":0,"97":0,"98":0,"99":0,"100":0,"101":0,"102":0,"103":0,"104":0,"105":0,"106":0,"107":0,"108":0,"109":0,"110":0,"111":0,"112":0,"113":0,"114":0,"115":0,"116":0,"117":0,"118":0,"119":0,"120":0,"121":0,"122":0,"123":0,"124":0,"125":0,"126":0,"127":0,"128":0,"129":0,"130":0,"131":0,"132":0,"133":0,"134":0,"135":0,"136":0,"137":0,"138":0,"139":0,"140":0,"141":0,"142":0,"143":0,"144":0,"145":0,"146":0},"f":{"0":0,"1":0,"2":0,"3":0,"4":0,"5":0,"6":13,"7":0,"8":0,"9":0,"10":0,"11":0,"12":0,"13":0,"14":0,"15":0,"16":0,"17":0,"18":0,"19":0,"20":0,"21":0,"22":0,"23":0,"24":0,"25":0,"26":0,"27":0,"28":0,"29":0,"30":0,"31":0,"32":0,"33":0,"34":0,"35":0},"b":{"0":[1,1,1],"1":[0,0],"2":[0,0],"3":[0,0],"4":[13,0],"5":[0,0],"6":[0,0],"7":[0,0],"8":[0,0],"9":[0,0],"10":[0,0],"11":[0,0],"12":[0,0],"13":[0,0],"14":[0,0],"15":[0,0],"16":[0,0],"17":[0,0],"18":[0,0],"19":[0,0],"20":[0,0],"21":[0,0]},"_coverageSchema":"43e27e138ebf9cfc5966b082cf9a028302ed4184","hash":"16d9e9153d71a139068afbbba8a2f2975c566d48","contentHash":"41451121855218dd6d570516891dd244"},"C:\\Cavepot\\Git\\kiwi\\dist\\src\\metadata\\metadataStorage.js":{"path":"C:\\Cavepot\\Git\\kiwi\\dist\\src\\metadata\\metadataStorage.js","statementMap":{"0":{"start":{"line":2,"column":16},"end":{"line":9,"column":1}},"1":{"start":{"line":3,"column":4},"end":{"line":8,"column":7}},"2":{"start":{"line":4,"column":36},"end":{"line":4,"column":97}},"3":{"start":{"line":4,"column":42},"end":{"line":4,"column":70}},"4":{"start":{"line":4,"column":85},"end":{"line":4,"column":95}},"5":{"start":{"line":5,"column":35},"end":{"line":5,"column":100}},"6":{"start":{"line":5,"column":41},"end":{"line":5,"column":73}},"7":{"start":{"line":5,"column":88},"end":{"line":5,"column":98}},"8":{"start":{"line":6,"column":32},"end":{"line":6,"column":149}},"9":{"start":{"line":6,"column":97},"end":{"line":6,"column":119}},"10":{"start":{"line":7,"column":8},"end":{"line":7,"column":78}},"11":{"start":{"line":10,"column":0},"end":{"line":10,"column":62}},"12":{"start":{"line":11,"column":17},"end":{"line":11,"column":34}},"13":{"start":{"line":12,"column":19},"end":{"line":12,"column":40}},"14":{"start":{"line":15,"column":8},"end":{"line":16,"column":56}},"15":{"start":{"line":16,"column":12},"end":{"line":16,"column":56}},"16":{"start":{"line":17,"column":8},"end":{"line":17,"column":39}},"17":{"start":{"line":21,"column":8},"end":{"line":22,"column":56}},"18":{"start":{"line":22,"column":12},"end":{"line":22,"column":56}},"19":{"start":{"line":23,"column":8},"end":{"line":23,"column":43}},"20":{"start":{"line":27,"column":8},"end":{"line":28,"column":56}},"21":{"start":{"line":28,"column":12},"end":{"line":28,"column":56}},"22":{"start":{"line":29,"column":8},"end":{"line":29,"column":38}},"23":{"start":{"line":33,"column":8},"end":{"line":34,"column":56}},"24":{"start":{"line":34,"column":12},"end":{"line":34,"column":56}},"25":{"start":{"line":35,"column":8},"end":{"line":35,"column":49}},"26":{"start":{"line":39,"column":8},"end":{"line":40,"column":56}},"27":{"start":{"line":40,"column":12},"end":{"line":40,"column":56}},"28":{"start":{"line":41,"column":8},"end":{"line":41,"column":48}},"29":{"start":{"line":45,"column":8},"end":{"line":46,"column":56}},"30":{"start":{"line":46,"column":12},"end":{"line":46,"column":56}},"31":{"start":{"line":47,"column":8},"end":{"line":47,"column":44}},"32":{"start":{"line":51,"column":8},"end":{"line":52,"column":56}},"33":{"start":{"line":52,"column":12},"end":{"line":52,"column":56}},"34":{"start":{"line":53,"column":8},"end":{"line":53,"column":41}},"35":{"start":{"line":57,"column":8},"end":{"line":58,"column":56}},"36":{"start":{"line":58,"column":12},"end":{"line":58,"column":56}},"37":{"start":{"line":59,"column":8},"end":{"line":59,"column":38}},"38":{"start":{"line":63,"column":8},"end":{"line":64,"column":56}},"39":{"start":{"line":64,"column":12},"end":{"line":64,"column":56}},"40":{"start":{"line":65,"column":24},"end":{"line":67,"column":10}},"41":{"start":{"line":66,"column":12},"end":{"line":66,"column":137}},"42":{"start":{"line":66,"column":85},"end":{"line":66,"column":128}},"43":{"start":{"line":68,"column":8},"end":{"line":92,"column":11}},"44":{"start":{"line":69,"column":31},"end":{"line":71,"column":14}},"45":{"start":{"line":70,"column":16},"end":{"line":70,"column":66}},"46":{"start":{"line":72,"column":25},"end":{"line":72,"column":107}},"47":{"start":{"line":73,"column":12},"end":{"line":75,"column":13}},"48":{"start":{"line":74,"column":16},"end":{"line":74,"column":50}},"49":{"start":{"line":76,"column":30},"end":{"line":79,"column":14}},"50":{"start":{"line":77,"column":16},"end":{"line":78,"column":105}},"51":{"start":{"line":81,"column":12},"end":{"line":87,"column":14}},"52":{"start":{"line":88,"column":25},"end":{"line":90,"column":14}},"53":{"start":{"line":89,"column":16},"end":{"line":89,"column":102}},"54":{"start":{"line":91,"column":12},"end":{"line":91,"column":72}},"55":{"start":{"line":93,"column":8},"end":{"line":93,"column":58}},"56":{"start":{"line":96,"column":20},"end":{"line":96,"column":24}},"57":{"start":{"line":97,"column":8},"end":{"line":97,"column":46}},"58":{"start":{"line":98,"column":21},"end":{"line":98,"column":56}},"59":{"start":{"line":99,"column":25},"end":{"line":99,"column":30}},"60":{"start":{"line":100,"column":16},"end":{"line":100,"column":17}},"61":{"start":{"line":101,"column":8},"end":{"line":115,"column":9}},"62":{"start":{"line":102,"column":22},"end":{"line":102,"column":70}},"63":{"start":{"line":103,"column":31},"end":{"line":103,"column":46}},"64":{"start":{"line":104,"column":12},"end":{"line":113,"column":13}},"65":{"start":{"line":105,"column":38},"end":{"line":105,"column":77}},"66":{"start":{"line":106,"column":36},"end":{"line":106,"column":90}},"67":{"start":{"line":107,"column":36},"end":{"line":107,"column":78}},"68":{"start":{"line":108,"column":16},"end":{"line":108,"column":68}},"69":{"start":{"line":109,"column":16},"end":{"line":112,"column":17}},"70":{"start":{"line":110,"column":20},"end":{"line":110,"column":96}},"71":{"start":{"line":111,"column":20},"end":{"line":111,"column":38}},"72":{"start":{"line":114,"column":12},"end":{"line":114,"column":16}},"73":{"start":{"line":116,"column":8},"end":{"line":116,"column":21}},"74":{"start":{"line":119,"column":31},"end":{"line":121,"column":10}},"75":{"start":{"line":120,"column":12},"end":{"line":120,"column":155}},"76":{"start":{"line":120,"column":91},"end":{"line":120,"column":146}},"77":{"start":{"line":122,"column":32},"end":{"line":124,"column":10}},"78":{"start":{"line":123,"column":12},"end":{"line":123,"column":155}},"79":{"start":{"line":123,"column":91},"end":{"line":123,"column":146}},"80":{"start":{"line":125,"column":8},"end":{"line":125,"column":98}},"81":{"start":{"line":126,"column":8},"end":{"line":126,"column":100}},"82":{"start":{"line":129,"column":8},"end":{"line":151,"column":11}},"83":{"start":{"line":130,"column":21},"end":{"line":130,"column":34}},"84":{"start":{"line":131,"column":28},"end":{"line":135,"column":13}},"85":{"start":{"line":136,"column":27},"end":{"line":136,"column":49}},"86":{"start":{"line":137,"column":12},"end":{"line":149,"column":15}},"87":{"start":{"line":138,"column":16},"end":{"line":138,"column":40}},"88":{"start":{"line":139,"column":16},"end":{"line":148,"column":19}},"89":{"start":{"line":140,"column":31},"end":{"line":140,"column":72}},"90":{"start":{"line":141,"column":33},"end":{"line":141,"column":58}},"91":{"start":{"line":142,"column":20},"end":{"line":147,"column":22}},"92":{"start":{"line":150,"column":31},"end":{"line":150,"column":105}},"93":{"start":{"line":154,"column":19},"end":{"line":154,"column":104}},"94":{"start":{"line":155,"column":8},"end":{"line":155,"column":49}},"95":{"start":{"line":156,"column":8},"end":{"line":156,"column":20}},"96":{"start":{"line":159,"column":23},"end":{"line":159,"column":25}},"97":{"start":{"line":160,"column":8},"end":{"line":163,"column":11}},"98":{"start":{"line":161,"column":26},"end":{"line":161,"column":87}},"99":{"start":{"line":161,"column":67},"end":{"line":161,"column":86}},"100":{"start":{"line":162,"column":12},"end":{"line":162,"column":53}},"101":{"start":{"line":164,"column":8},"end":{"line":164,"column":22}},"102":{"start":{"line":167,"column":25},"end":{"line":167,"column":27}},"103":{"start":{"line":168,"column":8},"end":{"line":180,"column":11}},"104":{"start":{"line":169,"column":12},"end":{"line":179,"column":13}},"105":{"start":{"line":170,"column":16},"end":{"line":176,"column":19}},"106":{"start":{"line":178,"column":17},"end":{"line":179,"column":13}},"107":{"start":{"line":181,"column":8},"end":{"line":181,"column":24}},"108":{"start":{"line":184,"column":0},"end":{"line":184,"column":42}}},"fnMap":{"0":{"name":"(anonymous_0)","decl":{"start":{"line":2,"column":44},"end":{"line":2,"column":45}},"loc":{"start":{"line":2,"column":89},"end":{"line":9,"column":1}},"line":2},"1":{"name":"(anonymous_1)","decl":{"start":{"line":3,"column":36},"end":{"line":3,"column":37}},"loc":{"start":{"line":3,"column":63},"end":{"line":8,"column":5}},"line":3},"2":{"name":"fulfilled","decl":{"start":{"line":4,"column":17},"end":{"line":4,"column":26}},"loc":{"start":{"line":4,"column":34},"end":{"line":4,"column":99}},"line":4},"3":{"name":"rejected","decl":{"start":{"line":5,"column":17},"end":{"line":5,"column":25}},"loc":{"start":{"line":5,"column":33},"end":{"line":5,"column":102}},"line":5},"4":{"name":"step","decl":{"start":{"line":6,"column":17},"end":{"line":6,"column":21}},"loc":{"start":{"line":6,"column":30},"end":{"line":6,"column":151}},"line":6},"5":{"name":"(anonymous_5)","decl":{"start":{"line":6,"column":76},"end":{"line":6,"column":77}},"loc":{"start":{"line":6,"column":95},"end":{"line":6,"column":121}},"line":6},"6":{"name":"(anonymous_6)","decl":{"start":{"line":14,"column":4},"end":{"line":14,"column":5}},"loc":{"start":{"line":14,"column":25},"end":{"line":18,"column":5}},"line":14},"7":{"name":"(anonymous_7)","decl":{"start":{"line":20,"column":4},"end":{"line":20,"column":5}},"loc":{"start":{"line":20,"column":29},"end":{"line":24,"column":5}},"line":20},"8":{"name":"(anonymous_8)","decl":{"start":{"line":26,"column":4},"end":{"line":26,"column":5}},"loc":{"start":{"line":26,"column":24},"end":{"line":30,"column":5}},"line":26},"9":{"name":"(anonymous_9)","decl":{"start":{"line":32,"column":4},"end":{"line":32,"column":5}},"loc":{"start":{"line":32,"column":35},"end":{"line":36,"column":5}},"line":32},"10":{"name":"(anonymous_10)","decl":{"start":{"line":38,"column":4},"end":{"line":38,"column":5}},"loc":{"start":{"line":38,"column":34},"end":{"line":42,"column":5}},"line":38},"11":{"name":"(anonymous_11)","decl":{"start":{"line":44,"column":4},"end":{"line":44,"column":5}},"loc":{"start":{"line":44,"column":30},"end":{"line":48,"column":5}},"line":44},"12":{"name":"(anonymous_12)","decl":{"start":{"line":50,"column":4},"end":{"line":50,"column":5}},"loc":{"start":{"line":50,"column":27},"end":{"line":54,"column":5}},"line":50},"13":{"name":"(anonymous_13)","decl":{"start":{"line":56,"column":4},"end":{"line":56,"column":5}},"loc":{"start":{"line":56,"column":24},"end":{"line":60,"column":5}},"line":56},"14":{"name":"(anonymous_14)","decl":{"start":{"line":62,"column":4},"end":{"line":62,"column":5}},"loc":{"start":{"line":62,"column":33},"end":{"line":94,"column":5}},"line":62},"15":{"name":"(anonymous_15)","decl":{"start":{"line":65,"column":65},"end":{"line":65,"column":66}},"loc":{"start":{"line":65,"column":77},"end":{"line":67,"column":9}},"line":65},"16":{"name":"(anonymous_16)","decl":{"start":{"line":66,"column":67},"end":{"line":66,"column":68}},"loc":{"start":{"line":66,"column":83},"end":{"line":66,"column":130}},"line":66},"17":{"name":"(anonymous_17)","decl":{"start":{"line":68,"column":50},"end":{"line":68,"column":51}},"loc":{"start":{"line":68,"column":62},"end":{"line":92,"column":9}},"line":68},"18":{"name":"(anonymous_18)","decl":{"start":{"line":69,"column":74},"end":{"line":69,"column":75}},"loc":{"start":{"line":69,"column":90},"end":{"line":71,"column":13}},"line":69},"19":{"name":"(anonymous_19)","decl":{"start":{"line":76,"column":71},"end":{"line":76,"column":72}},"loc":{"start":{"line":76,"column":81},"end":{"line":79,"column":13}},"line":76},"20":{"name":"(anonymous_20)","decl":{"start":{"line":88,"column":65},"end":{"line":88,"column":66}},"loc":{"start":{"line":88,"column":76},"end":{"line":90,"column":13}},"line":88},"21":{"name":"(anonymous_21)","decl":{"start":{"line":95,"column":4},"end":{"line":95,"column":5}},"loc":{"start":{"line":95,"column":41},"end":{"line":117,"column":5}},"line":95},"22":{"name":"(anonymous_22)","decl":{"start":{"line":118,"column":4},"end":{"line":118,"column":5}},"loc":{"start":{"line":118,"column":45},"end":{"line":127,"column":5}},"line":118},"23":{"name":"(anonymous_23)","decl":{"start":{"line":119,"column":81},"end":{"line":119,"column":82}},"loc":{"start":{"line":119,"column":97},"end":{"line":121,"column":9}},"line":119},"24":{"name":"(anonymous_24)","decl":{"start":{"line":120,"column":67},"end":{"line":120,"column":68}},"loc":{"start":{"line":120,"column":89},"end":{"line":120,"column":148}},"line":120},"25":{"name":"(anonymous_25)","decl":{"start":{"line":122,"column":83},"end":{"line":122,"column":84}},"loc":{"start":{"line":122,"column":99},"end":{"line":124,"column":9}},"line":122},"26":{"name":"(anonymous_26)","decl":{"start":{"line":123,"column":67},"end":{"line":123,"column":68}},"loc":{"start":{"line":123,"column":89},"end":{"line":123,"column":148}},"line":123},"27":{"name":"(anonymous_27)","decl":{"start":{"line":128,"column":4},"end":{"line":128,"column":5}},"loc":{"start":{"line":128,"column":32},"end":{"line":152,"column":5}},"line":128},"28":{"name":"(anonymous_28)","decl":{"start":{"line":129,"column":47},"end":{"line":129,"column":48}},"loc":{"start":{"line":129,"column":60},"end":{"line":151,"column":9}},"line":129},"29":{"name":"(anonymous_29)","decl":{"start":{"line":137,"column":50},"end":{"line":137,"column":51}},"loc":{"start":{"line":137,"column":59},"end":{"line":149,"column":13}},"line":137},"30":{"name":"(anonymous_30)","decl":{"start":{"line":139,"column":59},"end":{"line":139,"column":60}},"loc":{"start":{"line":139,"column":71},"end":{"line":148,"column":17}},"line":139},"31":{"name":"(anonymous_31)","decl":{"start":{"line":153,"column":4},"end":{"line":153,"column":5}},"loc":{"start":{"line":153,"column":52},"end":{"line":157,"column":5}},"line":153},"32":{"name":"(anonymous_32)","decl":{"start":{"line":158,"column":4},"end":{"line":158,"column":5}},"loc":{"start":{"line":158,"column":55},"end":{"line":165,"column":5}},"line":158},"33":{"name":"(anonymous_33)","decl":{"start":{"line":160,"column":39},"end":{"line":160,"column":40}},"loc":{"start":{"line":160,"column":50},"end":{"line":163,"column":9}},"line":160},"34":{"name":"(anonymous_34)","decl":{"start":{"line":161,"column":57},"end":{"line":161,"column":58}},"loc":{"start":{"line":161,"column":67},"end":{"line":161,"column":86}},"line":161},"35":{"name":"(anonymous_35)","decl":{"start":{"line":166,"column":4},"end":{"line":166,"column":5}},"loc":{"start":{"line":166,"column":33},"end":{"line":182,"column":5}},"line":166},"36":{"name":"(anonymous_36)","decl":{"start":{"line":168,"column":33},"end":{"line":168,"column":34}},"loc":{"start":{"line":168,"column":44},"end":{"line":180,"column":9}},"line":168}},"branchMap":{"0":{"loc":{"start":{"line":2,"column":16},"end":{"line":9,"column":1}},"type":"binary-expr","locations":[{"start":{"line":2,"column":17},"end":{"line":2,"column":21}},{"start":{"line":2,"column":25},"end":{"line":2,"column":39}},{"start":{"line":2,"column":44},"end":{"line":9,"column":1}}],"line":2},"1":{"loc":{"start":{"line":3,"column":16},"end":{"line":3,"column":34}},"type":"binary-expr","locations":[{"start":{"line":3,"column":16},"end":{"line":3,"column":17}},{"start":{"line":3,"column":22},"end":{"line":3,"column":33}}],"line":3},"2":{"loc":{"start":{"line":6,"column":32},"end":{"line":6,"column":148}},"type":"cond-expr","locations":[{"start":{"line":6,"column":46},"end":{"line":6,"column":67}},{"start":{"line":6,"column":70},"end":{"line":6,"column":148}}],"line":6},"3":{"loc":{"start":{"line":7,"column":51},"end":{"line":7,"column":67}},"type":"binary-expr","locations":[{"start":{"line":7,"column":51},"end":{"line":7,"column":61}},{"start":{"line":7,"column":65},"end":{"line":7,"column":67}}],"line":7},"4":{"loc":{"start":{"line":15,"column":8},"end":{"line":16,"column":56}},"type":"if","locations":[{"start":{"line":15,"column":8},"end":{"line":16,"column":56}},{"start":{"line":15,"column":8},"end":{"line":16,"column":56}}],"line":15},"5":{"loc":{"start":{"line":21,"column":8},"end":{"line":22,"column":56}},"type":"if","locations":[{"start":{"line":21,"column":8},"end":{"line":22,"column":56}},{"start":{"line":21,"column":8},"end":{"line":22,"column":56}}],"line":21},"6":{"loc":{"start":{"line":27,"column":8},"end":{"line":28,"column":56}},"type":"if","locations":[{"start":{"line":27,"column":8},"end":{"line":28,"column":56}},{"start":{"line":27,"column":8},"end":{"line":28,"column":56}}],"line":27},"7":{"loc":{"start":{"line":33,"column":8},"end":{"line":34,"column":56}},"type":"if","locations":[{"start":{"line":33,"column":8},"end":{"line":34,"column":56}},{"start":{"line":33,"column":8},"end":{"line":34,"column":56}}],"line":33},"8":{"loc":{"start":{"line":39,"column":8},"end":{"line":40,"column":56}},"type":"if","locations":[{"start":{"line":39,"column":8},"end":{"line":40,"column":56}},{"start":{"line":39,"column":8},"end":{"line":40,"column":56}}],"line":39},"9":{"loc":{"start":{"line":45,"column":8},"end":{"line":46,"column":56}},"type":"if","locations":[{"start":{"line":45,"column":8},"end":{"line":46,"column":56}},{"start":{"line":45,"column":8},"end":{"line":46,"column":56}}],"line":45},"10":{"loc":{"start":{"line":51,"column":8},"end":{"line":52,"column":56}},"type":"if","locations":[{"start":{"line":51,"column":8},"end":{"line":52,"column":56}},{"start":{"line":51,"column":8},"end":{"line":52,"column":56}}],"line":51},"11":{"loc":{"start":{"line":57,"column":8},"end":{"line":58,"column":56}},"type":"if","locations":[{"start":{"line":57,"column":8},"end":{"line":58,"column":56}},{"start":{"line":57,"column":8},"end":{"line":58,"column":56}}],"line":57},"12":{"loc":{"start":{"line":63,"column":8},"end":{"line":64,"column":56}},"type":"if","locations":[{"start":{"line":63,"column":8},"end":{"line":64,"column":56}},{"start":{"line":63,"column":8},"end":{"line":64,"column":56}}],"line":63},"13":{"loc":{"start":{"line":73,"column":12},"end":{"line":75,"column":13}},"type":"if","locations":[{"start":{"line":73,"column":12},"end":{"line":75,"column":13}},{"start":{"line":73,"column":12},"end":{"line":75,"column":13}}],"line":73},"14":{"loc":{"start":{"line":77,"column":23},"end":{"line":78,"column":104}},"type":"binary-expr","locations":[{"start":{"line":77,"column":24},"end":{"line":77,"column":55}},{"start":{"line":77,"column":59},"end":{"line":77,"column":100}},{"start":{"line":78,"column":21},"end":{"line":78,"column":58}},{"start":{"line":78,"column":62},"end":{"line":78,"column":103}}],"line":77},"15":{"loc":{"start":{"line":86,"column":23},"end":{"line":86,"column":72}},"type":"cond-expr","locations":[{"start":{"line":86,"column":52},"end":{"line":86,"column":67}},{"start":{"line":86,"column":70},"end":{"line":86,"column":72}}],"line":86},"16":{"loc":{"start":{"line":89,"column":23},"end":{"line":89,"column":101}},"type":"binary-expr","locations":[{"start":{"line":89,"column":23},"end":{"line":89,"column":59}},{"start":{"line":89,"column":63},"end":{"line":89,"column":101}}],"line":89},"17":{"loc":{"start":{"line":101,"column":15},"end":{"line":101,"column":45}},"type":"binary-expr","locations":[{"start":{"line":101,"column":15},"end":{"line":101,"column":26}},{"start":{"line":101,"column":30},"end":{"line":101,"column":45}}],"line":101},"18":{"loc":{"start":{"line":104,"column":12},"end":{"line":113,"column":13}},"type":"if","locations":[{"start":{"line":104,"column":12},"end":{"line":113,"column":13}},{"start":{"line":104,"column":12},"end":{"line":113,"column":13}}],"line":104},"19":{"loc":{"start":{"line":109,"column":16},"end":{"line":112,"column":17}},"type":"if","locations":[{"start":{"line":109,"column":16},"end":{"line":112,"column":17}},{"start":{"line":109,"column":16},"end":{"line":112,"column":17}}],"line":109},"20":{"loc":{"start":{"line":154,"column":19},"end":{"line":154,"column":104}},"type":"cond-expr","locations":[{"start":{"line":154,"column":44},"end":{"line":154,"column":68}},{"start":{"line":154,"column":71},"end":{"line":154,"column":104}}],"line":154},"21":{"loc":{"start":{"line":169,"column":12},"end":{"line":179,"column":13}},"type":"if","locations":[{"start":{"line":169,"column":12},"end":{"line":179,"column":13}},{"start":{"line":169,"column":12},"end":{"line":179,"column":13}}],"line":169},"22":{"loc":{"start":{"line":178,"column":17},"end":{"line":179,"column":13}},"type":"if","locations":[{"start":{"line":178,"column":17},"end":{"line":179,"column":13}},{"start":{"line":178,"column":17},"end":{"line":179,"column":13}}],"line":178}},"s":{"0":1,"1":0,"2":0,"3":0,"4":0,"5":0,"6":0,"7":0,"8":0,"9":0,"10":0,"11":1,"12":1,"13":1,"14":12,"15":0,"16":12,"17":13,"18":0,"19":13,"20":26,"21":1,"22":26,"23":1,"24":0,"25":1,"26":1,"27":0,"28":1,"29":0,"30":0,"31":0,"32":12,"33":0,"34":12,"35":43,"36":0,"37":43,"38":1,"39":0,"40":1,"41":10,"42":14,"43":1,"44":10,"45":14,"46":10,"47":10,"48":9,"49":10,"50":13,"51":10,"52":10,"53":160,"54":10,"55":1,"56":2,"57":2,"58":2,"59":2,"60":2,"61":2,"62":11,"63":11,"64":11,"65":1,"66":1,"67":1,"68":1,"69":1,"70":1,"71":1,"72":11,"73":2,"74":1,"75":1,"76":1,"77":1,"78":1,"79":2,"80":1,"81":1,"82":0,"83":0,"84":0,"85":0,"86":0,"87":0,"88":0,"89":0,"90":0,"91":0,"92":0,"93":10,"94":10,"95":10,"96":1,"97":1,"98":4,"99":4,"100":4,"101":1,"102":0,"103":0,"104":0,"105":0,"106":0,"107":0,"108":1},"f":{"0":0,"1":0,"2":0,"3":0,"4":0,"5":0,"6":12,"7":13,"8":26,"9":1,"10":1,"11":0,"12":12,"13":43,"14":1,"15":10,"16":14,"17":10,"18":14,"19":13,"20":160,"21":2,"22":1,"23":1,"24":1,"25":1,"26":2,"27":0,"28":0,"29":0,"30":0,"31":10,"32":1,"33":4,"34":4,"35":0,"36":0},"b":{"0":[1,1,1],"1":[0,0],"2":[0,0],"3":[0,0],"4":[0,12],"5":[0,13],"6":[1,25],"7":[0,1],"8":[0,1],"9":[0,0],"10":[0,12],"11":[0,43],"12":[0,1],"13":[9,1],"14":[13,10,6,2],"15":[8,2],"16":[160,91],"17":[13,12],"18":[1,10],"19":[1,0],"20":[0,10],"21":[0,0],"22":[0,0]},"_coverageSchema":"43e27e138ebf9cfc5966b082cf9a028302ed4184","hash":"8cc9d12f0271074fab7c6cf466c04b015fd33432","contentHash":"66a6735633cbc84b1787cc5430b1e0b7"},"C:\\Cavepot\\Git\\kiwi\\dist\\src\\metadata\\metadata.js":{"path":"C:\\Cavepot\\Git\\kiwi\\dist\\src\\metadata\\metadata.js","statementMap":{"0":{"start":{"line":2,"column":0},"end":{"line":2,"column":62}},"1":{"start":{"line":5,"column":8},"end":{"line":5,"column":25}},"2":{"start":{"line":6,"column":8},"end":{"line":6,"column":26}},"3":{"start":{"line":7,"column":8},"end":{"line":7,"column":30}},"4":{"start":{"line":8,"column":8},"end":{"line":8,"column":28}},"5":{"start":{"line":9,"column":8},"end":{"line":9,"column":31}},"6":{"start":{"line":10,"column":8},"end":{"line":10,"column":35}},"7":{"start":{"line":11,"column":8},"end":{"line":11,"column":36}},"8":{"start":{"line":12,"column":8},"end":{"line":12,"column":25}},"9":{"start":{"line":15,"column":0},"end":{"line":15,"column":28}}},"fnMap":{"0":{"name":"(anonymous_0)","decl":{"start":{"line":4,"column":4},"end":{"line":4,"column":5}},"loc":{"start":{"line":4,"column":18},"end":{"line":13,"column":5}},"line":4}},"branchMap":{},"s":{"0":1,"1":1,"2":1,"3":1,"4":1,"5":1,"6":1,"7":1,"8":1,"9":1},"f":{"0":1},"b":{},"_coverageSchema":"43e27e138ebf9cfc5966b082cf9a028302ed4184","hash":"58a415e71fba8d6d7cb0d705636cd480b9901104","contentHash":"6aa2af4461909014900e8ac83e3fb849"},"C:\\Cavepot\\Git\\kiwi\\dist\\src\\middlewares\\corsMiddlware.js":{"path":"C:\\Cavepot\\Git\\kiwi\\dist\\src\\middlewares\\corsMiddlware.js","statementMap":{"0":{"start":{"line":2,"column":0},"end":{"line":2,"column":62}},"1":{"start":{"line":5,"column":8},"end":{"line":18,"column":9}},"2":{"start":{"line":6,"column":26},"end":{"line":6,"column":47}},"3":{"start":{"line":7,"column":12},"end":{"line":7,"column":57}},"4":{"start":{"line":8,"column":12},"end":{"line":8,"column":88}},"5":{"start":{"line":9,"column":12},"end":{"line":9,"column":174}},"6":{"start":{"line":10,"column":12},"end":{"line":10,"column":45}},"7":{"start":{"line":11,"column":12},"end":{"line":11,"column":27}},"8":{"start":{"line":14,"column":12},"end":{"line":14,"column":67}},"9":{"start":{"line":15,"column":12},"end":{"line":15,"column":86}},"10":{"start":{"line":16,"column":12},"end":{"line":16,"column":129}},"11":{"start":{"line":17,"column":12},"end":{"line":17,"column":19}},"12":{"start":{"line":21,"column":0},"end":{"line":21,"column":40}}},"fnMap":{"0":{"name":"(anonymous_0)","decl":{"start":{"line":4,"column":4},"end":{"line":4,"column":5}},"loc":{"start":{"line":4,"column":37},"end":{"line":19,"column":5}},"line":4}},"branchMap":{"0":{"loc":{"start":{"line":5,"column":8},"end":{"line":18,"column":9}},"type":"if","locations":[{"start":{"line":5,"column":8},"end":{"line":18,"column":9}},{"start":{"line":5,"column":8},"end":{"line":18,"column":9}}],"line":5}},"s":{"0":1,"1":0,"2":0,"3":0,"4":0,"5":0,"6":0,"7":0,"8":0,"9":0,"10":0,"11":0,"12":1},"f":{"0":0},"b":{"0":[0,0]},"_coverageSchema":"43e27e138ebf9cfc5966b082cf9a028302ed4184","hash":"344bf2ede6928315b909f8d9724836db6e9e60b7","contentHash":"9d1c5e82b13a1c685ae6572f27d911fa"},"C:\\Cavepot\\Git\\kiwi\\dist\\src\\middlewares\\logMiddlware.js":{"path":"C:\\Cavepot\\Git\\kiwi\\dist\\src\\middlewares\\logMiddlware.js","statementMap":{"0":{"start":{"line":2,"column":0},"end":{"line":2,"column":62}},"1":{"start":{"line":5,"column":8},"end":{"line":5,"column":72}},"2":{"start":{"line":6,"column":8},"end":{"line":6,"column":15}},"3":{"start":{"line":9,"column":0},"end":{"line":9,"column":38}}},"fnMap":{"0":{"name":"(anonymous_0)","decl":{"start":{"line":4,"column":4},"end":{"line":4,"column":5}},"loc":{"start":{"line":4,"column":37},"end":{"line":7,"column":5}},"line":4}},"branchMap":{},"s":{"0":1,"1":0,"2":0,"3":1},"f":{"0":0},"b":{},"_coverageSchema":"43e27e138ebf9cfc5966b082cf9a028302ed4184","hash":"91f68d3df0bd42a71da73b0ad6c217ad5a6ff4d2","contentHash":"51b110f07b0df4a85b9ee62a4de00f48"},"C:\\Cavepot\\Git\\kiwi\\dist\\src\\middlewares\\docMiddleware.js":{"path":"C:\\Cavepot\\Git\\kiwi\\dist\\src\\middlewares\\docMiddleware.js","statementMap":{"0":{"start":{"line":2,"column":0},"end":{"line":2,"column":62}},"1":{"start":{"line":3,"column":17},"end":{"line":3,"column":34}},"2":{"start":{"line":6,"column":18},"end":{"line":7,"column":47}},"3":{"start":{"line":8,"column":8},"end":{"line":8,"column":47}},"4":{"start":{"line":9,"column":8},"end":{"line":18,"column":9}},"5":{"start":{"line":10,"column":12},"end":{"line":10,"column":71}},"6":{"start":{"line":12,"column":13},"end":{"line":18,"column":9}},"7":{"start":{"line":13,"column":12},"end":{"line":13,"column":75}},"8":{"start":{"line":14,"column":12},"end":{"line":14,"column":61}},"9":{"start":{"line":17,"column":12},"end":{"line":17,"column":26}},"10":{"start":{"line":21,"column":30},"end":{"line":21,"column":34}},"11":{"start":{"line":22,"column":8},"end":{"line":22,"column":71}},"12":{"start":{"line":23,"column":8},"end":{"line":25,"column":9}},"13":{"start":{"line":24,"column":12},"end":{"line":24,"column":75}},"14":{"start":{"line":26,"column":19},"end":{"line":26,"column":32}},"15":{"start":{"line":27,"column":8},"end":{"line":48,"column":11}},"16":{"start":{"line":28,"column":12},"end":{"line":33,"column":13}},"17":{"start":{"line":29,"column":16},"end":{"line":29,"column":33}},"18":{"start":{"line":30,"column":16},"end":{"line":30,"column":40}},"19":{"start":{"line":31,"column":16},"end":{"line":31,"column":82}},"20":{"start":{"line":32,"column":16},"end":{"line":32,"column":23}},"21":{"start":{"line":34,"column":12},"end":{"line":45,"column":13}},"22":{"start":{"line":35,"column":16},"end":{"line":35,"column":72}},"23":{"start":{"line":37,"column":17},"end":{"line":45,"column":13}},"24":{"start":{"line":38,"column":16},"end":{"line":38,"column":79}},"25":{"start":{"line":40,"column":17},"end":{"line":45,"column":13}},"26":{"start":{"line":41,"column":16},"end":{"line":41,"column":80}},"27":{"start":{"line":44,"column":16},"end":{"line":44,"column":73}},"28":{"start":{"line":46,"column":12},"end":{"line":46,"column":33}},"29":{"start":{"line":47,"column":12},"end":{"line":47,"column":27}},"30":{"start":{"line":51,"column":0},"end":{"line":51,"column":38}}},"fnMap":{"0":{"name":"(anonymous_0)","decl":{"start":{"line":5,"column":4},"end":{"line":5,"column":5}},"loc":{"start":{"line":5,"column":37},"end":{"line":19,"column":5}},"line":5},"1":{"name":"(anonymous_1)","decl":{"start":{"line":20,"column":4},"end":{"line":20,"column":5}},"loc":{"start":{"line":20,"column":46},"end":{"line":49,"column":5}},"line":20},"2":{"name":"(anonymous_2)","decl":{"start":{"line":27,"column":53},"end":{"line":27,"column":54}},"loc":{"start":{"line":27,"column":68},"end":{"line":48,"column":9}},"line":27}},"branchMap":{"0":{"loc":{"start":{"line":6,"column":18},"end":{"line":7,"column":47}},"type":"cond-expr","locations":[{"start":{"line":6,"column":49},"end":{"line":6,"column":112}},{"start":{"line":7,"column":14},"end":{"line":7,"column":47}}],"line":6},"1":{"loc":{"start":{"line":9,"column":8},"end":{"line":18,"column":9}},"type":"if","locations":[{"start":{"line":9,"column":8},"end":{"line":18,"column":9}},{"start":{"line":9,"column":8},"end":{"line":18,"column":9}}],"line":9},"2":{"loc":{"start":{"line":12,"column":13},"end":{"line":18,"column":9}},"type":"if","locations":[{"start":{"line":12,"column":13},"end":{"line":18,"column":9}},{"start":{"line":12,"column":13},"end":{"line":18,"column":9}}],"line":12},"3":{"loc":{"start":{"line":12,"column":17},"end":{"line":12,"column":150}},"type":"binary-expr","locations":[{"start":{"line":12,"column":17},"end":{"line":12,"column":88}},{"start":{"line":12,"column":92},"end":{"line":12,"column":150}}],"line":12},"4":{"loc":{"start":{"line":23,"column":8},"end":{"line":25,"column":9}},"type":"if","locations":[{"start":{"line":23,"column":8},"end":{"line":25,"column":9}},{"start":{"line":23,"column":8},"end":{"line":25,"column":9}}],"line":23},"5":{"loc":{"start":{"line":23,"column":12},"end":{"line":23,"column":69}},"type":"binary-expr","locations":[{"start":{"line":23,"column":12},"end":{"line":23,"column":38}},{"start":{"line":23,"column":42},"end":{"line":23,"column":69}}],"line":23},"6":{"loc":{"start":{"line":28,"column":12},"end":{"line":33,"column":13}},"type":"if","locations":[{"start":{"line":28,"column":12},"end":{"line":33,"column":13}},{"start":{"line":28,"column":12},"end":{"line":33,"column":13}}],"line":28},"7":{"loc":{"start":{"line":34,"column":12},"end":{"line":45,"column":13}},"type":"if","locations":[{"start":{"line":34,"column":12},"end":{"line":45,"column":13}},{"start":{"line":34,"column":12},"end":{"line":45,"column":13}}],"line":34},"8":{"loc":{"start":{"line":37,"column":17},"end":{"line":45,"column":13}},"type":"if","locations":[{"start":{"line":37,"column":17},"end":{"line":45,"column":13}},{"start":{"line":37,"column":17},"end":{"line":45,"column":13}}],"line":37},"9":{"loc":{"start":{"line":40,"column":17},"end":{"line":45,"column":13}},"type":"if","locations":[{"start":{"line":40,"column":17},"end":{"line":45,"column":13}},{"start":{"line":40,"column":17},"end":{"line":45,"column":13}}],"line":40}},"s":{"0":1,"1":1,"2":0,"3":0,"4":0,"5":0,"6":0,"7":0,"8":0,"9":0,"10":0,"11":0,"12":0,"13":0,"14":0,"15":0,"16":0,"17":0,"18":0,"19":0,"20":0,"21":0,"22":0,"23":0,"24":0,"25":0,"26":0,"27":0,"28":0,"29":0,"30":1},"f":{"0":0,"1":0,"2":0},"b":{"0":[0,0],"1":[0,0],"2":[0,0],"3":[0,0],"4":[0,0],"5":[0,0],"6":[0,0],"7":[0,0],"8":[0,0],"9":[0,0]},"_coverageSchema":"43e27e138ebf9cfc5966b082cf9a028302ed4184","hash":"6f9c6730acb7919a4776c56be95b2b762865ba9b","contentHash":"dbc68b98683457e74c25cd878c183a74"},"C:\\Cavepot\\Git\\kiwi\\dist\\src\\helpers\\parser.js":{"path":"C:\\Cavepot\\Git\\kiwi\\dist\\src\\helpers\\parser.js","statementMap":{"0":{"start":{"line":2,"column":16},"end":{"line":9,"column":1}},"1":{"start":{"line":3,"column":4},"end":{"line":8,"column":7}},"2":{"start":{"line":4,"column":36},"end":{"line":4,"column":97}},"3":{"start":{"line":4,"column":42},"end":{"line":4,"column":70}},"4":{"start":{"line":4,"column":85},"end":{"line":4,"column":95}},"5":{"start":{"line":5,"column":35},"end":{"line":5,"column":100}},"6":{"start":{"line":5,"column":41},"end":{"line":5,"column":73}},"7":{"start":{"line":5,"column":88},"end":{"line":5,"column":98}},"8":{"start":{"line":6,"column":32},"end":{"line":6,"column":149}},"9":{"start":{"line":6,"column":97},"end":{"line":6,"column":119}},"10":{"start":{"line":7,"column":8},"end":{"line":7,"column":78}},"11":{"start":{"line":10,"column":0},"end":{"line":10,"column":62}},"12":{"start":{"line":11,"column":17},"end":{"line":11,"column":34}},"13":{"start":{"line":14,"column":8},"end":{"line":30,"column":11}},"14":{"start":{"line":15,"column":20},"end":{"line":19,"column":14}},"15":{"start":{"line":16,"column":27},"end":{"line":16,"column":29}},"16":{"start":{"line":17,"column":16},"end":{"line":17,"column":59}},"17":{"start":{"line":17,"column":44},"end":{"line":17,"column":57}},"18":{"start":{"line":18,"column":16},"end":{"line":18,"column":55}},"19":{"start":{"line":18,"column":40},"end":{"line":18,"column":53}},"20":{"start":{"line":20,"column":23},"end":{"line":28,"column":14}},"21":{"start":{"line":21,"column":16},"end":{"line":23,"column":17}},"22":{"start":{"line":22,"column":20},"end":{"line":22,"column":32}},"23":{"start":{"line":24,"column":16},"end":{"line":26,"column":17}},"24":{"start":{"line":25,"column":20},"end":{"line":25,"column":46}},"25":{"start":{"line":27,"column":16},"end":{"line":27,"column":30}},"26":{"start":{"line":29,"column":12},"end":{"line":29,"column":24}},"27":{"start":{"line":33,"column":0},"end":{"line":33,"column":36}}},"fnMap":{"0":{"name":"(anonymous_0)","decl":{"start":{"line":2,"column":44},"end":{"line":2,"column":45}},"loc":{"start":{"line":2,"column":89},"end":{"line":9,"column":1}},"line":2},"1":{"name":"(anonymous_1)","decl":{"start":{"line":3,"column":36},"end":{"line":3,"column":37}},"loc":{"start":{"line":3,"column":63},"end":{"line":8,"column":5}},"line":3},"2":{"name":"fulfilled","decl":{"start":{"line":4,"column":17},"end":{"line":4,"column":26}},"loc":{"start":{"line":4,"column":34},"end":{"line":4,"column":99}},"line":4},"3":{"name":"rejected","decl":{"start":{"line":5,"column":17},"end":{"line":5,"column":25}},"loc":{"start":{"line":5,"column":33},"end":{"line":5,"column":102}},"line":5},"4":{"name":"step","decl":{"start":{"line":6,"column":17},"end":{"line":6,"column":21}},"loc":{"start":{"line":6,"column":30},"end":{"line":6,"column":151}},"line":6},"5":{"name":"(anonymous_5)","decl":{"start":{"line":6,"column":76},"end":{"line":6,"column":77}},"loc":{"start":{"line":6,"column":95},"end":{"line":6,"column":121}},"line":6},"6":{"name":"(anonymous_6)","decl":{"start":{"line":13,"column":4},"end":{"line":13,"column":5}},"loc":{"start":{"line":13,"column":19},"end":{"line":31,"column":5}},"line":13},"7":{"name":"(anonymous_7)","decl":{"start":{"line":14,"column":47},"end":{"line":14,"column":48}},"loc":{"start":{"line":14,"column":60},"end":{"line":30,"column":9}},"line":14},"8":{"name":"(anonymous_8)","decl":{"start":{"line":15,"column":32},"end":{"line":15,"column":33}},"loc":{"start":{"line":15,"column":53},"end":{"line":19,"column":13}},"line":15},"9":{"name":"(anonymous_9)","decl":{"start":{"line":17,"column":35},"end":{"line":17,"column":36}},"loc":{"start":{"line":17,"column":44},"end":{"line":17,"column":57}},"line":17},"10":{"name":"(anonymous_10)","decl":{"start":{"line":18,"column":34},"end":{"line":18,"column":35}},"loc":{"start":{"line":18,"column":40},"end":{"line":18,"column":53}},"line":18},"11":{"name":"(anonymous_11)","decl":{"start":{"line":20,"column":36},"end":{"line":20,"column":37}},"loc":{"start":{"line":20,"column":48},"end":{"line":28,"column":13}},"line":20}},"branchMap":{"0":{"loc":{"start":{"line":2,"column":16},"end":{"line":9,"column":1}},"type":"binary-expr","locations":[{"start":{"line":2,"column":17},"end":{"line":2,"column":21}},{"start":{"line":2,"column":25},"end":{"line":2,"column":39}},{"start":{"line":2,"column":44},"end":{"line":9,"column":1}}],"line":2},"1":{"loc":{"start":{"line":3,"column":16},"end":{"line":3,"column":34}},"type":"binary-expr","locations":[{"start":{"line":3,"column":16},"end":{"line":3,"column":17}},{"start":{"line":3,"column":22},"end":{"line":3,"column":33}}],"line":3},"2":{"loc":{"start":{"line":6,"column":32},"end":{"line":6,"column":148}},"type":"cond-expr","locations":[{"start":{"line":6,"column":46},"end":{"line":6,"column":67}},{"start":{"line":6,"column":70},"end":{"line":6,"column":148}}],"line":6},"3":{"loc":{"start":{"line":7,"column":51},"end":{"line":7,"column":67}},"type":"binary-expr","locations":[{"start":{"line":7,"column":51},"end":{"line":7,"column":61}},{"start":{"line":7,"column":65},"end":{"line":7,"column":67}}],"line":7},"4":{"loc":{"start":{"line":21,"column":16},"end":{"line":23,"column":17}},"type":"if","locations":[{"start":{"line":21,"column":16},"end":{"line":23,"column":17}},{"start":{"line":21,"column":16},"end":{"line":23,"column":17}}],"line":21},"5":{"loc":{"start":{"line":21,"column":20},"end":{"line":21,"column":59}},"type":"binary-expr","locations":[{"start":{"line":21,"column":20},"end":{"line":21,"column":42}},{"start":{"line":21,"column":46},"end":{"line":21,"column":59}}],"line":21},"6":{"loc":{"start":{"line":24,"column":16},"end":{"line":26,"column":17}},"type":"if","locations":[{"start":{"line":24,"column":16},"end":{"line":26,"column":17}},{"start":{"line":24,"column":16},"end":{"line":26,"column":17}}],"line":24}},"s":{"0":1,"1":0,"2":0,"3":0,"4":0,"5":0,"6":0,"7":0,"8":0,"9":0,"10":0,"11":1,"12":1,"13":0,"14":0,"15":0,"16":0,"17":0,"18":0,"19":0,"20":0,"21":0,"22":0,"23":0,"24":0,"25":0,"26":0,"27":1},"f":{"0":0,"1":0,"2":0,"3":0,"4":0,"5":0,"6":0,"7":0,"8":0,"9":0,"10":0,"11":0},"b":{"0":[1,1,1],"1":[0,0],"2":[0,0],"3":[0,0],"4":[0,0],"5":[0,0],"6":[0,0]},"_coverageSchema":"43e27e138ebf9cfc5966b082cf9a028302ed4184","hash":"7acdd2b3012a2e631b332324be5bf7ce0dfa1749","contentHash":"eb853e1300f0dee376f57fc8ec475c97"},"C:\\Cavepot\\Git\\kiwi\\dist\\src\\decorators\\Get.js":{"path":"C:\\Cavepot\\Git\\kiwi\\dist\\src\\decorators\\Get.js","statementMap":{"0":{"start":{"line":2,"column":0},"end":{"line":2,"column":62}},"1":{"start":{"line":3,"column":26},"end":{"line":3,"column":64}},"2":{"start":{"line":5,"column":4},"end":{"line":12,"column":6}},"3":{"start":{"line":6,"column":8},"end":{"line":11,"column":11}},"4":{"start":{"line":14,"column":0},"end":{"line":14,"column":18}}},"fnMap":{"0":{"name":"Get","decl":{"start":{"line":4,"column":9},"end":{"line":4,"column":12}},"loc":{"start":{"line":4,"column":19},"end":{"line":13,"column":1}},"line":4},"1":{"name":"(anonymous_1)","decl":{"start":{"line":5,"column":11},"end":{"line":5,"column":12}},"loc":{"start":{"line":5,"column":41},"end":{"line":12,"column":5}},"line":5}},"branchMap":{},"s":{"0":1,"1":1,"2":6,"3":6,"4":1},"f":{"0":6,"1":6},"b":{},"_coverageSchema":"43e27e138ebf9cfc5966b082cf9a028302ed4184","hash":"40baddbded24179d7bc3959c8bf8a89e11aae746","contentHash":"dbd1f65aae4b6024ce550951536f809c"},"C:\\Cavepot\\Git\\kiwi\\dist\\src\\decorators\\Post.js":{"path":"C:\\Cavepot\\Git\\kiwi\\dist\\src\\decorators\\Post.js","statementMap":{"0":{"start":{"line":2,"column":0},"end":{"line":2,"column":62}},"1":{"start":{"line":3,"column":26},"end":{"line":3,"column":64}},"2":{"start":{"line":4,"column":0},"end":{"line":4,"column":28}},"3":{"start":{"line":6,"column":4},"end":{"line":13,"column":6}},"4":{"start":{"line":7,"column":8},"end":{"line":12,"column":11}},"5":{"start":{"line":15,"column":0},"end":{"line":15,"column":20}}},"fnMap":{"0":{"name":"Post","decl":{"start":{"line":5,"column":9},"end":{"line":5,"column":13}},"loc":{"start":{"line":5,"column":20},"end":{"line":14,"column":1}},"line":5},"1":{"name":"(anonymous_1)","decl":{"start":{"line":6,"column":11},"end":{"line":6,"column":12}},"loc":{"start":{"line":6,"column":41},"end":{"line":13,"column":5}},"line":6}},"branchMap":{"0":{"loc":{"start":{"line":8,"column":18},"end":{"line":8,"column":34}},"type":"cond-expr","locations":[{"start":{"line":8,"column":25},"end":{"line":8,"column":29}},{"start":{"line":8,"column":32},"end":{"line":8,"column":34}}],"line":8}},"s":{"0":1,"1":1,"2":1,"3":4,"4":4,"5":1},"f":{"0":4,"1":4},"b":{"0":[3,1]},"_coverageSchema":"43e27e138ebf9cfc5966b082cf9a028302ed4184","hash":"50efae1a9889af0ea955e0447bcb28f00864b1b3","contentHash":"4a3d364a13922a7cec625fc983eed5ce"},"C:\\Cavepot\\Git\\kiwi\\dist\\src\\decorators\\Put.js":{"path":"C:\\Cavepot\\Git\\kiwi\\dist\\src\\decorators\\Put.js","statementMap":{"0":{"start":{"line":2,"column":0},"end":{"line":2,"column":62}},"1":{"start":{"line":3,"column":26},"end":{"line":3,"column":64}},"2":{"start":{"line":5,"column":4},"end":{"line":12,"column":6}},"3":{"start":{"line":6,"column":8},"end":{"line":11,"column":11}},"4":{"start":{"line":14,"column":0},"end":{"line":14,"column":18}}},"fnMap":{"0":{"name":"Put","decl":{"start":{"line":4,"column":9},"end":{"line":4,"column":12}},"loc":{"start":{"line":4,"column":19},"end":{"line":13,"column":1}},"line":4},"1":{"name":"(anonymous_1)","decl":{"start":{"line":5,"column":11},"end":{"line":5,"column":12}},"loc":{"start":{"line":5,"column":41},"end":{"line":12,"column":5}},"line":5}},"branchMap":{"0":{"loc":{"start":{"line":7,"column":18},"end":{"line":7,"column":34}},"type":"cond-expr","locations":[{"start":{"line":7,"column":25},"end":{"line":7,"column":29}},{"start":{"line":7,"column":32},"end":{"line":7,"column":34}}],"line":7}},"s":{"0":1,"1":1,"2":0,"3":0,"4":1},"f":{"0":0,"1":0},"b":{"0":[0,0]},"_coverageSchema":"43e27e138ebf9cfc5966b082cf9a028302ed4184","hash":"63351d0749a20eead1c8ee402c62f4e6bfd9cdfd","contentHash":"4a0c0e50b412fc5ab594e7526b5e1008"},"C:\\Cavepot\\Git\\kiwi\\dist\\src\\decorators\\Delete.js":{"path":"C:\\Cavepot\\Git\\kiwi\\dist\\src\\decorators\\Delete.js","statementMap":{"0":{"start":{"line":2,"column":0},"end":{"line":2,"column":62}},"1":{"start":{"line":3,"column":26},"end":{"line":3,"column":64}},"2":{"start":{"line":5,"column":4},"end":{"line":12,"column":6}},"3":{"start":{"line":6,"column":8},"end":{"line":11,"column":11}},"4":{"start":{"line":14,"column":0},"end":{"line":14,"column":24}}},"fnMap":{"0":{"name":"Delete","decl":{"start":{"line":4,"column":9},"end":{"line":4,"column":15}},"loc":{"start":{"line":4,"column":22},"end":{"line":13,"column":1}},"line":4},"1":{"name":"(anonymous_1)","decl":{"start":{"line":5,"column":11},"end":{"line":5,"column":12}},"loc":{"start":{"line":5,"column":41},"end":{"line":12,"column":5}},"line":5}},"branchMap":{"0":{"loc":{"start":{"line":7,"column":18},"end":{"line":7,"column":34}},"type":"cond-expr","locations":[{"start":{"line":7,"column":25},"end":{"line":7,"column":29}},{"start":{"line":7,"column":32},"end":{"line":7,"column":34}}],"line":7}},"s":{"0":1,"1":1,"2":0,"3":0,"4":1},"f":{"0":0,"1":0},"b":{"0":[0,0]},"_coverageSchema":"43e27e138ebf9cfc5966b082cf9a028302ed4184","hash":"1e5263861f9e94f9e2ddf67214da77cbd7f1a1de","contentHash":"5d0fefcea7b7372a26ffd80f6dda338f"},"C:\\Cavepot\\Git\\kiwi\\dist\\src\\decorators\\jsonController.js":{"path":"C:\\Cavepot\\Git\\kiwi\\dist\\src\\decorators\\jsonController.js","statementMap":{"0":{"start":{"line":2,"column":0},"end":{"line":2,"column":62}},"1":{"start":{"line":3,"column":26},"end":{"line":3,"column":64}},"2":{"start":{"line":5,"column":4},"end":{"line":10,"column":6}},"3":{"start":{"line":6,"column":8},"end":{"line":9,"column":11}},"4":{"start":{"line":12,"column":0},"end":{"line":12,"column":40}}},"fnMap":{"0":{"name":"JsonController","decl":{"start":{"line":4,"column":9},"end":{"line":4,"column":23}},"loc":{"start":{"line":4,"column":30},"end":{"line":11,"column":1}},"line":4},"1":{"name":"decorator","decl":{"start":{"line":5,"column":20},"end":{"line":5,"column":29}},"loc":{"start":{"line":5,"column":38},"end":{"line":10,"column":5}},"line":5}},"branchMap":{},"s":{"0":1,"1":1,"2":3,"3":3,"4":1},"f":{"0":3,"1":3},"b":{},"_coverageSchema":"43e27e138ebf9cfc5966b082cf9a028302ed4184","hash":"3363143dcfe88f1bc0b09a4869ecd09975ff3f93","contentHash":"768972d838f7a5845913ec937ad30f9f"},"C:\\Cavepot\\Git\\kiwi\\dist\\src\\decorators\\param.js":{"path":"C:\\Cavepot\\Git\\kiwi\\dist\\src\\decorators\\param.js","statementMap":{"0":{"start":{"line":2,"column":0},"end":{"line":2,"column":62}},"1":{"start":{"line":3,"column":26},"end":{"line":3,"column":64}},"2":{"start":{"line":5,"column":4},"end":{"line":13,"column":6}},"3":{"start":{"line":6,"column":8},"end":{"line":12,"column":11}},"4":{"start":{"line":15,"column":0},"end":{"line":15,"column":22}}},"fnMap":{"0":{"name":"Param","decl":{"start":{"line":4,"column":9},"end":{"line":4,"column":14}},"loc":{"start":{"line":4,"column":21},"end":{"line":14,"column":1}},"line":4},"1":{"name":"(anonymous_1)","decl":{"start":{"line":5,"column":11},"end":{"line":5,"column":12}},"loc":{"start":{"line":5,"column":53},"end":{"line":13,"column":5}},"line":5}},"branchMap":{},"s":{"0":1,"1":1,"2":9,"3":9,"4":1},"f":{"0":9,"1":9},"b":{},"_coverageSchema":"43e27e138ebf9cfc5966b082cf9a028302ed4184","hash":"c271a19f187d5711c89c1758e904b796942beae3","contentHash":"743d8055ff0a79a2e4eea5319176f504"},"C:\\Cavepot\\Git\\kiwi\\dist\\src\\decorators\\queryParam.js":{"path":"C:\\Cavepot\\Git\\kiwi\\dist\\src\\decorators\\queryParam.js","statementMap":{"0":{"start":{"line":2,"column":0},"end":{"line":2,"column":62}},"1":{"start":{"line":3,"column":26},"end":{"line":3,"column":64}},"2":{"start":{"line":5,"column":4},"end":{"line":13,"column":6}},"3":{"start":{"line":6,"column":8},"end":{"line":12,"column":11}},"4":{"start":{"line":15,"column":0},"end":{"line":15,"column":32}}},"fnMap":{"0":{"name":"QueryParam","decl":{"start":{"line":4,"column":9},"end":{"line":4,"column":19}},"loc":{"start":{"line":4,"column":22},"end":{"line":14,"column":1}},"line":4},"1":{"name":"(anonymous_1)","decl":{"start":{"line":5,"column":11},"end":{"line":5,"column":12}},"loc":{"start":{"line":5,"column":53},"end":{"line":13,"column":5}},"line":5}},"branchMap":{},"s":{"0":1,"1":1,"2":1,"3":1,"4":1},"f":{"0":1,"1":1},"b":{},"_coverageSchema":"43e27e138ebf9cfc5966b082cf9a028302ed4184","hash":"efcbb34e917498d909eb16b1e5be08a108743af7","contentHash":"85938a7b13e98569af61330adf57492e"},"C:\\Cavepot\\Git\\kiwi\\dist\\src\\decorators\\headerParam.js":{"path":"C:\\Cavepot\\Git\\kiwi\\dist\\src\\decorators\\headerParam.js","statementMap":{"0":{"start":{"line":2,"column":0},"end":{"line":2,"column":62}},"1":{"start":{"line":3,"column":26},"end":{"line":3,"column":64}},"2":{"start":{"line":5,"column":4},"end":{"line":13,"column":6}},"3":{"start":{"line":6,"column":8},"end":{"line":12,"column":11}},"4":{"start":{"line":15,"column":0},"end":{"line":15,"column":34}}},"fnMap":{"0":{"name":"HeaderParam","decl":{"start":{"line":4,"column":9},"end":{"line":4,"column":20}},"loc":{"start":{"line":4,"column":27},"end":{"line":14,"column":1}},"line":4},"1":{"name":"(anonymous_1)","decl":{"start":{"line":5,"column":11},"end":{"line":5,"column":12}},"loc":{"start":{"line":5,"column":53},"end":{"line":13,"column":5}},"line":5}},"branchMap":{},"s":{"0":1,"1":1,"2":2,"3":2,"4":1},"f":{"0
[...]
},"end":{"line":5,"column":150}},"4":{"start":{"line":4,"column":79},"end":{"line":4,"column":131}},"5":{"start":{"line":5,"column":9},"end":{"line":5,"column":150}},"6":{"start":{"line":5,"column":58},"end":{"line":5,"column":150}},"7":{"start":{"line":5,"column":81},"end":{"line":5,"column":150}},"8":{"start":{"line":6,"column":4},"end":{"line":6,"column":66}},"9":{"start":{"line":8,"column":17},"end":{"line":10,"column":1}},"10":{"start":{"line":9,"column":4},"end":{"line":9,"column":109}},"11":{"start":{"line":9,"column":79},"end":{"line":9,"column":109}},"12":{"start":{"line":11,"column":14},"end":{"line":13,"column":1}},"13":{"start":{"line":12,"column":4},"end":{"line":12,"column":73}},"14":{"start":{"line":12,"column":36},"end":{"line":12,"column":71}},"15":{"start":{"line":14,"column":0},"end":{"line":14,"column":62}},"16":{"start":{"line":15,"column":16},"end":{"line":15,"column":39}},"17":{"start":{"line":16,"column":17},"end":{"line":16,"column":43}},"18":{"start":{"line":17,"column":22},"end":{"line":23,"column":1}},"19":{"start":{"line":21,"column":8},"end":{"line":21,"column":20}},"20":{"start":{"line":24,"column":0},"end":{"line":30,"column":44}},"21":{"start":{"line":31,"column":0},"end":{"line":34,"column":20}},"22":{"start":{"line":35,"column":0},"end":{"line":35,"column":42}}},"fnMap":{"0":{"name":"(anonymous_0)","decl":{"start":{"line":2,"column":46},"end":{"line":2,"column":47}},"loc":{"start":{"line":2,"column":87},"end":{"line":7,"column":1}},"line":2},"1":{"name":"(anonymous_1)","decl":{"start":{"line":8,"column":46},"end":{"line":8,"column":47}},"loc":{"start":{"line":8,"column":62},"end":{"line":10,"column":1}},"line":8},"2":{"name":"(anonymous_2)","decl":{"start":{"line":11,"column":40},"end":{"line":11,"column":41}},"loc":{"start":{"line":11,"column":73},"end":{"line":13,"column":1}},"line":11},"3":{"name":"(anonymous_3)","decl":{"start":{"line":12,"column":11},"end":{"line":12,"column":12}},"loc":{"start":{"line":12,"column":34},"end":{"line":12,"column":73}},"line":12},"4":{"name":"(anonymous_4)","decl":{"start":{"line":18,"column":4},"end":{"line":18,"column":5}},"loc":{"start":{"line":18,"column":18},"end":{"line":19,"column":5}},"line":18},"5":{"name":"(anonymous_5)","decl":{"start":{"line":20,"column":4},"end":{"line":20,"column":5}},"loc":{"start":{"line":20,"column":15},"end":{"line":22,"column":5}},"line":20}},"branchMap":{"0":{"loc":{"start":{"line":2,"column":17},"end":{"line":7,"column":1}},"type":"binary-expr","locations":[{"start":{"line":2,"column":18},"end":{"line":2,"column":22}},{"start":{"line":2,"column":26},"end":{"line":2,"column":41}},{"start":{"line":2,"column":46},"end":{"line":7,"column":1}}],"line":2},"1":{"loc":{"start":{"line":3,"column":34},"end":{"line":3,"column":125}},"type":"cond-expr","locations":[{"start":{"line":3,"column":42},"end":{"line":3,"column":48}},{"start":{"line":3,"column":51},"end":{"line":3,"column":125}}],"line":3},"2":{"loc":{"start":{"line":3,"column":51},"end":{"line":3,"column":125}},"type":"cond-expr","locations":[{"start":{"line":3,"column":67},"end":{"line":3,"column":118}},{"start":{"line":3,"column":121},"end":{"line":3,"column":125}}],"line":3},"3":{"loc":{"start":{"line":4,"column":4},"end":{"line":5,"column":150}},"type":"if","locations":[{"start":{"line":4,"column":4},"end":{"line":5,"column":150}},{"start":{"line":4,"column":4},"end":{"line":5,"column":150}}],"line":4},"4":{"loc":{"start":{"line":4,"column":8},"end":{"line":4,"column":77}},"type":"binary-expr","locations":[{"start":{"line":4,"column":8},"end":{"line":4,"column":35}},{"start":{"line":4,"column":39},"end":{"line":4,"column":77}}],"line":4},"5":{"loc":{"start":{"line":5,"column":58},"end":{"line":5,"column":150}},"type":"if","locations":[{"start":{"line":5,"column":58},"end":{"line":5,"column":150}},{"start":{"line":5,"column":58},"end":{"line":5,"column":150}}],"line":5},"6":{"loc":{"start":{"line":5,"column":85},"end":{"line":5,"column":149}},"type":"binary-expr","locations":[{"start":{"line":5,"column":86},"end":{"line":5,"column":143}},{"start":{"line":5,"column":148},"end":{"line":5,"column":149}}],"line":5},"7":{"loc":{"start":{"line":5,"column":86},"end":{"line":5,"column":143}},"type":"cond-expr","locations":[{"start":{"line":5,"column":94},"end":{"line":5,"column":98}},{"start":{"line":5,"column":101},"end":{"line":5,"column":143}}],"line":5},"8":{"loc":{"start":{"line":5,"column":101},"end":{"line":5,"column":143}},"type":"cond-expr","locations":[{"start":{"line":5,"column":109},"end":{"line":5,"column":126}},{"start":{"line":5,"column":129},"end":{"line":5,"column":143}}],"line":5},"9":{"loc":{"start":{"line":6,"column":11},"end":{"line":6,"column":62}},"type":"binary-expr","locations":[{"start":{"line":6,"column":11},"end":{"line":6,"column":16}},{"start":{"line":6,"column":20},"end":{"line":6,"column":21}},{"start":{"line":6,"column":25},"end":{"line":6,"column":62}}],"line":6},"10":{"loc":{"start":{"line":8,"column":17},"end":{"line":10,"column":1}},"type":"binary-expr","locations":[{"start":{"line":8,"column":18},"end":{"line":8,"column":22}},{"start":{"line":8,"column":26},"end":{"line":8,"column":41}},{"start":{"line":8,"column":46},"end":{"line":10,"column":1}}],"line":8},"11":{"loc":{"start":{"line":9,"column":4},"end":{"line":9,"column":109}},"type":"if","locations":[{"start":{"line":9,"column":4},"end":{"line":9,"column":109}},{"start":{"line":9,"column":4},"end":{"line":9,"column":109}}],"line":9},"12":{"loc":{"start":{"line":9,"column":8},"end":{"line":9,"column":77}},"type":"binary-expr","locations":[{"start":{"line":9,"column":8},"end":{"line":9,"column":35}},{"start":{"line":9,"column":39},"end":{"line":9,"column":77}}],"line":9},"13":{"loc":{"start":{"line":11,"column":14},"end":{"line":13,"column":1}},"type":"binary-expr","locations":[{"start":{"line":11,"column":15},"end":{"line":11,"column":19}},{"start":{"line":11,"column":23},"end":{"line":11,"column":35}},{"start":{"line":11,"column":40},"end":{"line":13,"column":1}}],"line":11}},"s":{"0":1,"1":2,"2":2,"3":2,"4":2,"5":0,"6":0,"7":0,"8":2,"9":1,"10":4,"11":4,"12":1,"13":1,"14":1,"15":1,"16":1,"17":1,"18":1,"19":0,"20":1,"21":1,"22":1},"f":{"0":2,"1":4,"2":1,"3":1,"4":0,"5":0},"b":{"0":[1,1,1],"1":[1,1],"2":[1,0],"3":[2,0],"4":[2,2],"5":[0,0],"6":[0,0],"7":[0,0],"8":[0,0],"9":[2,1,1],"10":[1,1,1],"11":[4,0],"12":[4,4],"13":[1,1,1]},"_coverageSchema":"43e27e138ebf9cfc5966b082cf9a028302ed4184","hash":"9568f23ea300a95a00c99684046729cd7650e747","contentHash":"6705807e3a98312cd59570887d0bed5b"},"C:\\Cavepot\\Git\\kiwi\\dist\\samples\\models\\models.js":{"path":"C:\\Cavepot\\Git\\kiwi\\dist\\samples\\models\\models.js","statementMap":{"0":{"start":{"line":2,"column":17},"end":{"line":7,"column":1}},"1":{"start":{"line":3,"column":12},"end":{"line":3,"column":28}},"2":{"start":{"line":3,"column":34},"end":{"line":3,"column":125}},"3":{"start":{"line":4,"column":4},"end":{"line":5,"column":150}},"4":{"start":{"line":4,"column":79},"end":{"line":4,"column":131}},"5":{"start":{"line":5,"column":9},"end":{"line":5,"column":150}},"6":{"start":{"line":5,"column":58},"end":{"line":5,"column":150}},"7":{"start":{"line":5,"column":81},"end":{"line":5,"column":150}},"8":{"start":{"line":6,"column":4},"end":{"line":6,"column":66}},"9":{"start":{"line":8,"column":0},"end":{"line":8,"column":62}},"10":{"start":{"line":9,"column":16},"end":{"line":9,"column":53}},"11":{"start":{"line":10,"column":11},"end":{"line":11,"column":1}},"12":{"start":{"line":12,"column":0},"end":{"line":14,"column":9}},"13":{"start":{"line":15,"column":0},"end":{"line":15,"column":20}},"14":{"start":{"line":16,"column":14},"end":{"line":17,"column":1}},"15":{"start":{"line":18,"column":0},"end":{"line":20,"column":12}},"16":{"start":{"line":21,"column":0},"end":{"line":21,"column":26}}},"fnMap":{"0":{"name":"(anonymous_0)","decl":{"start":{"line":2,"column":46},"end":{"line":2,"column":47}},"loc":{"start":{"line":2,"column":87},"end":{"line":7,"column":1}},"line":2}},"branchMap":{"0":{"loc":{"start":{"line":2,"column":17},"end":{"line":7,"column":1}},"type":"binary-expr","locations":[{"start":{"line":2,"column":18},"end":{"line":2,"column":22}},{"start":{"line":2,"column":26},"end":{"line":2,"column":41}},{"start":{"line":2,"column":46},"end":{"line":7,"column":1}}],"line":2},"1":{"loc":{"start":{"line":3,"column":34},"end":{"line":3,"column":125}},"type":"cond-expr","locations":[{"start":{"line":3,"column":42},"end":{"line":3,"column":48}},{"start":{"line":3,"column":51},"end":{"line":3,"column":125}}],"line":3},"2":{"loc":{"start":{"line":3,"column":51},"end":{"line":3,"column":125}},"type":"cond-expr","locations":[{"start":{"line":3,"column":67},"end":{"line":3,"column":118}},{"start":{"line":3,"column":121},"end":{"line":3,"column":125}}],"line":3},"3":{"loc":{"start":{"line":4,"column":4},"end":{"line":5,"column":150}},"type":"if","locations":[{"start":{"line":4,"column":4},"end":{"line":5,"column":150}},{"start":{"line":4,"column":4},"end":{"line":5,"column":150}}],"line":4},"4":{"loc":{"start":{"line":4,"column":8},"end":{"line":4,"column":77}},"type":"binary-expr","locations":[{"start":{"line":4,"column":8},"end":{"line":4,"column":35}},{"start":{"line":4,"column":39},"end":{"line":4,"column":77}}],"line":4},"5":{"loc":{"start":{"line":5,"column":58},"end":{"line":5,"column":150}},"type":"if","locations":[{"start":{"line":5,"column":58},"end":{"line":5,"column":150}},{"start":{"line":5,"column":58},"end":{"line":5,"column":150}}],"line":5},"6":{"loc":{"start":{"line":5,"column":85},"end":{"line":5,"column":149}},"type":"binary-expr","locations":[{"start":{"line":5,"column":86},"end":{"line":5,"column":143}},{"start":{"line":5,"column":148},"end":{"line":5,"column":149}}],"line":5},"7":{"loc":{"start":{"line":5,"column":86},"end":{"line":5,"column":143}},"type":"cond-expr","locations":[{"start":{"line":5,"column":94},"end":{"line":5,"column":98}},{"start":{"line":5,"column":101},"end":{"line":5,"column":143}}],"line":5},"8":{"loc":{"start":{"line":5,"column":101},"end":{"line":5,"column":143}},"type":"cond-expr","locations":[{"start":{"line":5,"column":109},"end":{"line":5,"column":126}},{"start":{"line":5,"column":129},"end":{"line":5,"column":143}}],"line":5},"9":{"loc":{"start":{"line":6,"column":11},"end":{"line":6,"column":62}},"type":"binary-expr","locations":[{"start":{"line":6,"column":11},"end":{"line":6,"column":16}},{"start":{"line":6,"column":20},"end":{"line":6,"column":21}},{"start":{"line":6,"column":25},"end":{"line":6,"column":62}}],"line":6}},"s":{"0":1,"1":2,"2":2,"3":2,"4":2,"5":0,"6":0,"7":0,"8":2,"9":1,"10":1,"11":1,"12":1,"13":1,"14":1,"15":1,"16":1},"f":{"0":2},"b":{"0":[1,1,1],"1":[2,0],"2":[0,0],"3":[2,0],"4":[2,2],"5":[0,0],"6":[0,0],"7":[0,0],"8":[0,0],"9":[2,0,0]},"_coverageSchema":"43e27e138ebf9cfc5966b082cf9a028302ed4184","hash":"17d68ddbf64711e02c7585d5250d1fe1e020552e","contentHash":"ab8621e768b6663fdd994cd4c1e4bf5f"},"C:\\Cavepot\\Git\\kiwi\\dist\\samples\\test-middlware2.js":{"path":"C:\\Cavepot\\Git\\kiwi\\dist\\samples\\test-middlware2.js","statementMap":{"0":{"start":{"line":2,"column":17},"end":{"line":7,"column":1}},"1":{"start":{"line":3,"column":12},"end":{"line":3,"column":28}},"2":{"start":{"line":3,"column":34},"end":{"line":3,"column":125}},"3":{"start":{"line":4,"column":4},"end":{"line":5,"column":150}},"4":{"start":{"line":4,"column":79},"end":{"line":4,"column":131}},"5":{"start":{"line":5,"column":9},"end":{"line":5,"column":150}},"6":{"start":{"line":5,"column":58},"end":{"line":5,"column":150}},"7":{"start":{"line":5,"column":81},"end":{"line":5,"column":150}},"8":{"start":{"line":6,"column":4},"end":{"line":6,"column":66}},"9":{"start":{"line":8,"column":0},"end":{"line":8,"column":62}},"10":{"start":{"line":9,"column":26},"end":{"line":9,"column":70}},"11":{"start":{"line":10,"column":22},"end":{"line":15,"column":1}},"12":{"start":{"line":12,"column":8},"end":{"line":12,"column":54}},"13":{"start":{"line":13,"column":8},"end":{"line":13,"column":15}},"14":{"start":{"line":16,"column":0},"end":{"line":18,"column":20}},"15":{"start":{"line":19,"column":0},"end":{"line":19,"column":42}}},"fnMap":{"0":{"name":"(anonymous_0)","decl":{"start":{"line":2,"column":46},"end":{"line":2,"column":47}},"loc":{"start":{"line":2,"column":87},"end":{"line":7,"column":1}},"line":2},"1":{"name":"(anonymous_1)","decl":{"start":{"line":11,"column":4},"end":{"line":11,"column":5}},"loc":{"start":{"line":11,"column":37},"end":{"line":14,"column":5}},"line":11}},"branchMap":{"0":{"loc":{"start":{"line":2,"column":17},"end":{"line":7,"column":1}},"type":"binary-expr","locations":[{"start":{"line":2,"column":18},"end":{"line":2,"column":22}},{"start":{"line":2,"column":26},"end":{"line":2,"column":41}},{"start":{"line":2,"column":46},"end":{"line":7,"column":1}}],"line":2},"1":{"loc":{"start":{"line":3,"column":34},"end":{"line":3,"column":125}},"type":"cond-expr","locations":[{"start":{"line":3,"column":42},"end":{"line":3,"column":48}},{"start":{"line":3,"column":51},"end":{"line":3,"column":125}}],"line":3},"2":{"loc":{"start":{"line":3,"column":51},"end":{"line":3,"column":125}},"type":"cond-expr","locations":[{"start":{"line":3,"column":67},"end":{"line":3,"column":118}},{"start":{"line":3,"column":121},"end":{"line":3,"column":125}}],"line":3},"3":{"loc":{"start":{"line":4,"column":4},"end":{"line":5,"column":150}},"type":"if","locations":[{"start":{"line":4,"column":4},"end":{"line":5,"column":150}},{"start":{"line":4,"column":4},"end":{"line":5,"column":150}}],"line":4},"4":{"loc":{"start":{"line":4,"column":8},"end":{"line":4,"column":77}},"type":"binary-expr","locations":[{"start":{"line":4,"column":8},"end":{"line":4,"column":35}},{"start":{"line":4,"column":39},"end":{"line":4,"column":77}}],"line":4},"5":{"loc":{"start":{"line":5,"column":58},"end":{"line":5,"column":150}},"type":"if","locations":[{"start":{"line":5,"column":58},"end":{"line":5,"column":150}},{"start":{"line":5,"column":58},"end":{"line":5,"column":150}}],"line":5},"6":{"loc":{"start":{"line":5,"column":85},"end":{"line":5,"column":149}},"type":"binary-expr","locations":[{"start":{"line":5,"column":86},"end":{"line":5,"column":143}},{"start":{"line":5,"column":148},"end":{"line":5,"column":149}}],"line":5},"7":{"loc":{"start":{"line":5,"column":86},"end":{"line":5,"column":143}},"type":"cond-expr","locations":[{"start":{"line":5,"column":94},"end":{"line":5,"column":98}},{"start":{"line":5,"column":101},"end":{"line":5,"column":143}}],"line":5},"8":{"loc":{"start":{"line":5,"column":101},"end":{"line":5,"column":143}},"type":"cond-expr","locations":[{"start":{"line":5,"column":109},"end":{"line":5,"column":126}},{"start":{"line":5,"column":129},"end":{"line":5,"column":143}}],"line":5},"9":{"loc":{"start":{"line":6,"column":11},"end":{"line":6,"column":62}},"type":"binary-expr","locations":[{"start":{"line":6,"column":11},"end":{"line":6,"column":16}},{"start":{"line":6,"column":20},"end":{"line":6,"column":21}},{"start":{"line":6,"column":25},"end":{"line":6,"column":62}}],"line":6}},"s":{"0":1,"1":1,"2":1,"3":1,"4":1,"5":0,"6":0,"7":0,"8":1,"9":1,"10":1,"11":1,"12":0,"13":0,"14":1,"15":1},"f":{"0":1,"1":0},"b":{"0":[1,1,1],"1":[1,0],"2":[0,0],"3":[1,0],"4":[1,1],"5":[0,0],"6":[0,0],"7":[0,0],"8":[0,0],"9":[1,0,0]},"_coverageSchema":"43e27e138ebf9cfc5966b082cf9a028302ed4184","hash":"8594c83972f50284325d74ea84b0469e354c1fe5","contentHash":"c6a07ca3f52f53ed2486b5c6b614d229"},"C:\\Cavepot\\Git\\kiwi\\dist\\samples\\test-middlware.js":{"path":"C:\\Cavepot\\Git\\kiwi\\dist\\samples\\test-middlware.js","statementMap":{"0":{"start":{"line":2,"column":17},"end":{"line":7,"column":1}},"1":{"start":{"line":3,"column":12},"end":{"line":3,"column":28}},"2":{"start":{"line":3,"column":34},"end":{"line":3,"column":125}},"3":{"start":{"line":4,"column":4},"end":{"line":5,"column":150}},"4":{"start":{"line":4,"column":79},"end":{"line":4,"column":131}},"5":{"start":{"line":5,"column":9},"end":{"line":5,"column":150}},"6":{"start":{"line":5,"column":58},"end":{"line":5,"column":150}},"7":{"start":{"line":5,"column":81},"end":{"line":5,"column":150}},"8":{"start":{"line":6,"column":4},"end":{"line":6,"column":66}},"9":{"start":{"line":8,"column":0},"end":{"line":8,"column":62}},"10":{"start":{"line":9,"column":27},"end":{"line":9,"column":72}},"11":{"start":{"line":10,"column":21},"end":{"line":15,"column":1}},"12":{"start":{"line":12,"column":8},"end":{"line":12,"column":52}},"13":{"start":{"line":13,"column":8},"end":{"line":13,"column":15}},"14":{"start":{"line":16,"column":0},"end":{"line":18,"column":19}},"15":{"start":{"line":19,"column":0},"end":{"line":19,"column":40}}},"fnMap":{"0":{"name":"(anonymous_0)","decl":{"start":{"line":2,"column":46},"end":{"line":2,"column":47}},"loc":{"start":{"line":2,"column":87},"end":{"line":7,"column":1}},"line":2},"1":{"name":"(anonymous_1)","decl":{"start":{"line":11,"column":4},"end":{"line":11,"column":5}},"loc":{"start":{"line":11,"column":37},"end":{"line":14,"column":5}},"line":11}},"branchMap":{"0":{"loc":{"start":{"line":2,"column":17},"end":{"line":7,"column":1}},"type":"binary-expr","locations":[{"start":{"line":2,"column":18},"end":{"line":2,"column":22}},{"start":{"line":2,"column":26},"end":{"line":2,"column":41}},{"start":{"line":2,"column":46},"end":{"line":7,"column":1}}],"line":2},"1":{"loc":{"start":{"line":3,"column":34},"end":{"line":3,"column":125}},"type":"cond-expr","locations":[{"start":{"line":3,"column":42},"end":{"line":3,"column":48}},{"start":{"line":3,"column":51},"end":{"line":3,"column":125}}],"line":3},"2":{"loc":{"start":{"line":3,"column":51},"end":{"line":3,"column":125}},"type":"cond-expr","locations":[{"start":{"line":3,"column":67},"end":{"line":3,"column":118}},{"start":{"line":3,"column":121},"end":{"line":3,"column":125}}],"line":3},"3":{"loc":{"start":{"line":4,"column":4},"end":{"line":5,"column":150}},"type":"if","locations":[{"start":{"line":4,"column":4},"end":{"line":5,"column":150}},{"start":{"line":4,"column":4},"end":{"line":5,"column":150}}],"line":4},"4":{"loc":{"start":{"line":4,"column":8},"end":{"line":4,"column":77}},"type":"binary-expr","locations":[{"start":{"line":4,"column":8},"end":{"line":4,"column":35}},{"start":{"line":4,"column":39},"end":{"line":4,"column":77}}],"line":4},"5":{"loc":{"start":{"line":5,"column":58},"end":{"line":5,"column":150}},"type":"if","locations":[{"start":{"line":5,"column":58},"end":{"line":5,"column":150}},{"start":{"line":5,"column":58},"end":{"line":5,"column":150}}],"line":5},"6":{"loc":{"start":{"line":5,"column":85},"end":{"line":5,"column":149}},"type":"binary-expr","locations":[{"start":{"line":5,"column":86},"end":{"line":5,"column":143}},{"start":{"line":5,"column":148},"end":{"line":5,"column":149}}],"line":5},"7":{"loc":{"start":{"line":5,"column":86},"end":{"line":5,"column":143}},"type":"cond-expr","locations":[{"start":{"line":5,"column":94},"end":{"line":5,"column":98}},{"start":{"line":5,"column":101},"end":{"line":5,"column":143}}],"line":5},"8":{"loc":{"start":{"line":5,"column":101},"end":{"line":5,"column":143}},"type":"cond-expr","locations":[{"start":{"line":5,"column":109},"end":{"line":5,"column":126}},{"start":{"line":5,"column":129},"end":{"line":5,"column":143}}],"line":5},"9":{"loc":{"start":{"line":6,"column":11},"end":{"line":6,"column":62}},"type":"binary-expr","locations":[{"start":{"line":6,"column":11},"end":{"line":6,"column":16}},{"start":{"line":6,"column":20},"end":{"line":6,"column":21}},{"start":{"line":6,"column":25},"end":{"line":6,"column":62}}],"line":6}},"s":{"0":1,"1":1,"2":1,"3":1,"4":1,"5":0,"6":0,"7":0,"8":1,"9":1,"10":1,"11":1,"12":0,"13":0,"14":1,"15":1},"f":{"0":1,"1":0},"b":{"0":[1,1,1],"1":[1,0],"2":[0,0],"3":[1,0],"4":[1,1],"5":[0,0],"6":[0,0],"7":[0,0],"8":[0,0],"9":[1,0,0]},"_coverageSchema":"43e27e138ebf9cfc5966b082cf9a028302ed4184","hash":"90bd66084c252cde585314fdc09808bce5faf868","contentHash":"a0ffed3b20178cfe77fb7ab912da1f65"}}