{"C:\\Cavepot\\Git\\kiwi\\dist\\src\\index.js":{"path":"C:\\Cavepot\\Git\\kiwi\\dist\\src\\index.js","statementMap":{"0":{"start":{"line":2,"column":16},"end":{"line":9,"column":1}},"1":{"start":{"line":3,"column":4},"end":{"line":8,"column":7}},"2":{"start":{"line":4,"column":36},"end":{"line":4,"column":97}},"3":{"start":{"line":4,"column":42},"end":{"line":4,"column":70}},"4":{"start":{"line":4,"column":85},"end":{"line":4,"column":95}},"5":{"start":{"line":5,"column":35},"end":{"line":5,"column":100}},"6":{"start":{"line":5,"column":41},"end":{"line":5,"column":73}},"7":{"start":{"line":5,"column":88},"end":{"line":5,"column":98}},"8":{"start":{"line":6,"column":32},"end":{"line":6,"column":149}},"9":{"start":{"line":6,"column":97},"end":{"line":6,"column":119}},"10":{"start":{"line":7,"column":8},"end":{"line":7,"column":78}},"11":{"start":{"line":11,"column":4},"end":{"line":11,"column":71}},"12":{"start":{"line":11,"column":21},"end":{"line":11,"column":71}},"13":{"start":{"line":11,"column":53},"end":{"line":11,"column":71}},"14":{"start":{"line":13,"column":0},"end":{"line":13,"column":62}},"15":{"start":{"line":14,"column":13},"end":{"line":14,"column":28}},"16":{"start":{"line":15,"column":17},"end":{"line":15,"column":34}},"17":{"start":{"line":16,"column":26},"end":{"line":16,"column":63}},"18":{"start":{"line":17,"column":24},"end":{"line":17,"column":62}},"19":{"start":{"line":18,"column":23},"end":{"line":18,"column":60}},"20":{"start":{"line":19,"column":24},"end":{"line":19,"column":62}},"21":{"start":{"line":20,"column":17},"end":{"line":20,"column":44}},"22":{"start":{"line":21,"column":0},"end":{"line":21,"column":38}},"23":{"start":{"line":22,"column":0},"end":{"line":22,"column":39}},"24":{"start":{"line":23,"column":0},"end":{"line":23,"column":38}},"25":{"start":{"line":24,"column":0},"end":{"line":24,"column":41}},"26":{"start":{"line":25,"column":0},"end":{"line":25,"column":35}},"27":{"start":{"line":26,"column":0},"end":{"line":26,"column":49}},"28":{"start":{"line":27,"column":0},"end":{"line":27,"column":40}},"29":{"start":{"line":28,"column":0},"end":{"line":28,"column":45}},"30":{"start":{"line":29,"column":0},"end":{"line":29,"column":46}},"31":{"start":{"line":30,"column":0},"end":{"line":30,"column":39}},"32":{"start":{"line":31,"column":0},"end":{"line":31,"column":44}},"33":{"start":{"line":32,"column":0},"end":{"line":32,"column":51}},"34":{"start":{"line":33,"column":0},"end":{"line":33,"column":50}},"35":{"start":{"line":34,"column":22},"end":{"line":40,"column":1}},"36":{"start":{"line":42,"column":4},"end":{"line":42,"column":30}},"37":{"start":{"line":43,"column":4},"end":{"line":43,"column":29}},"38":{"start":{"line":44,"column":4},"end":{"line":44,"column":64}},"39":{"start":{"line":45,"column":4},"end":{"line":50,"column":5}},"40":{"start":{"line":46,"column":8},"end":{"line":48,"column":11}},"41":{"start":{"line":49,"column":8},"end":{"line":49,"column":67}},"42":{"start":{"line":51,"column":4},"end":{"line":55,"column":5}},"43":{"start":{"line":52,"column":8},"end":{"line":54,"column":11}},"44":{"start":{"line":56,"column":4},"end":{"line":60,"column":5}},"45":{"start":{"line":57,"column":8},"end":{"line":59,"column":11}},"46":{"start":{"line":61,"column":19},"end":{"line":61,"column":52}},"47":{"start":{"line":62,"column":4},"end":{"line":64,"column":5}},"48":{"start":{"line":63,"column":8},"end":{"line":63,"column":49}},"49":{"start":{"line":65,"column":4},"end":{"line":70,"column":7}},"50":{"start":{"line":66,"column":8},"end":{"line":66,"column":81}},"51":{"start":{"line":67,"column":8},"end":{"line":69,"column":9}},"52":{"start":{"line":68,"column":12},"end":{"line":68,"column":23}},"53":{"start":{"line":72,"column":0},"end":{"line":72,"column":44}},"54":{"start":{"line":74,"column":4},"end":{"line":74,"column":21}},"55":{"start":{"line":76,"column":0},"end":{"line":76,"column":30}},"56":{"start":{"line":78,"column":4},"end":{"line":130,"column":7}},"57":{"start":{"line":79,"column":8},"end":{"line":129,"column":9}},"58":{"start":{"line":80,"column":34},"end":{"line":80,"column":134}},"59":{"start":{"line":81,"column":12},"end":{"line":83,"column":13}},"60":{"start":{"line":82,"column":16},"end":{"line":82,"column":23}},"61":{"start":{"line":84,"column":30},"end":{"line":84,"column":52}},"62":{"start":{"line":85,"column":24},"end":{"line":85,"column":36}},"63":{"start":{"line":86,"column":31},"end":{"line":86,"column":75}},"64":{"start":{"line":87,"column":26},"end":{"line":87,"column":95}},"65":{"start":{"line":88,"column":12},"end":{"line":92,"column":13}},"66":{"start":{"line":89,"column":16},"end":{"line":89,"column":40}},"67":{"start":{"line":90,"column":16},"end":{"line":90,"column":52}},"68":{"start":{"line":91,"column":16},"end":{"line":91,"column":23}},"69":{"start":{"line":93,"column":12},"end":{"line":106,"column":13}},"70":{"start":{"line":94,"column":29},"end":{"line":94,"column":130}},"71":{"start":{"line":95,"column":16},"end":{"line":105,"column":17}},"72":{"start":{"line":96,"column":20},"end":{"line":96,"column":44}},"73":{"start":{"line":97,"column":20},"end":{"line":97,"column":51}},"74":{"start":{"line":98,"column":20},"end":{"line":98,"column":27}},"75":{"start":{"line":100,"column":21},"end":{"line":105,"column":17}},"76":{"start":{"line":101,"column":33},"end":{"line":101,"column":78}},"77":{"start":{"line":102,"column":20},"end":{"line":102,"column":45}},"78":{"start":{"line":103,"column":20},"end":{"line":103,"column":49}},"79":{"start":{"line":104,"column":20},"end":{"line":104,"column":27}},"80":{"start":{"line":107,"column":26},"end":{"line":107,"column":98}},"81":{"start":{"line":107,"column":70},"end":{"line":107,"column":97}},"82":{"start":{"line":108,"column":12},"end":{"line":108,"column":67}},"83":{"start":{"line":109,"column":12},"end":{"line":114,"column":13}},"84":{"start":{"line":110,"column":31},"end":{"line":110,"column":58}},"85":{"start":{"line":111,"column":27},"end":{"line":111,"column":54}},"86":{"start":{"line":112,"column":30},"end":{"line":112,"column":99}},"87":{"start":{"line":112,"column":79},"end":{"line":112,"column":98}},"88":{"start":{"line":113,"column":16},"end":{"line":113,"column":48}},"89":{"start":{"line":115,"column":12},"end":{"line":115,"column":46}},"90":{"start":{"line":116,"column":27},"end":{"line":116,"column":66}},"91":{"start":{"line":117,"column":33},"end":{"line":117,"column":132}},"92":{"start":{"line":118,"column":12},"end":{"line":120,"column":13}},"93":{"start":{"line":119,"column":16},"end":{"line":119,"column":23}},"94":{"start":{"line":121,"column":12},"end":{"line":121,"column":66}},"95":{"start":{"line":122,"column":12},"end":{"line":122,"column":49}},"96":{"start":{"line":123,"column":12},"end":{"line":123,"column":28}},"97":{"start":{"line":126,"column":12},"end":{"line":126,"column":40}},"98":{"start":{"line":127,"column":12},"end":{"line":127,"column":36}},"99":{"start":{"line":128,"column":12},"end":{"line":128,"column":43}},"100":{"start":{"line":132,"column":0},"end":{"line":132,"column":40}},"101":{"start":{"line":134,"column":4},"end":{"line":136,"column":5}},"102":{"start":{"line":135,"column":8},"end":{"line":135,"column":20}},"103":{"start":{"line":137,"column":16},"end":{"line":137,"column":18}},"104":{"start":{"line":138,"column":19},"end":{"line":138,"column":41}},"105":{"start":{"line":139,"column":4},"end":{"line":142,"column":7}},"106":{"start":{"line":140,"column":20},"end":{"line":140,"column":36}},"107":{"start":{"line":141,"column":8},"end":{"line":141,"column":49}},"108":{"start":{"line":143,"column":4},"end":{"line":143,"column":15}},"109":{"start":{"line":146,"column":25},"end":{"line":146,"column":95}},"110":{"start":{"line":146,"column":66},"end":{"line":146,"column":94}},"111":{"start":{"line":147,"column":4},"end":{"line":150,"column":7}},"112":{"start":{"line":148,"column":22},"end":{"line":148,"column":98}},"113":{"start":{"line":148,"column":66},"end":{"line":148,"column":97}},"114":{"start":{"line":149,"column":8},"end":{"line":149,"column":69}},"115":{"start":{"line":151,"column":4},"end":{"line":151,"column":17}},"116":{"start":{"line":154,"column":4},"end":{"line":163,"column":7}},"117":{"start":{"line":155,"column":25},"end":{"line":155,"column":52}},"118":{"start":{"line":156,"column":8},"end":{"line":158,"column":9}},"119":{"start":{"line":157,"column":12},"end":{"line":157,"column":35}},"120":{"start":{"line":159,"column":8},"end":{"line":159,"column":40}},"121":{"start":{"line":160,"column":8},"end":{"line":160,"column":41}},"122":{"start":{"line":161,"column":23},"end":{"line":161,"column":87}},"123":{"start":{"line":162,"column":8},"end":{"line":162,"column":22}},"124":{"start":{"line":166,"column":4},"end":{"line":181,"column":7}},"125":{"start":{"line":167,"column":23},"end":{"line":167,"column":40}},"126":{"start":{"line":168,"column":8},"end":{"line":175,"column":11}},"127":{"start":{"line":169,"column":12},"end":{"line":174,"column":15}},"128":{"start":{"line":170,"column":16},"end":{"line":173,"column":19}},"129":{"start":{"line":171,"column":37},"end":{"line":171,"column":77}},"130":{"start":{"line":172,"column":20},"end":{"line":172,"column":90}},"131":{"start":{"line":176,"column":8},"end":{"line":178,"column":11}},"132":{"start":{"line":177,"column":12},"end":{"line":177,"column":24}},"133":{"start":{"line":179,"column":23},"end":{"line":179,"column":37}},"134":{"start":{"line":180,"column":8},"end":{"line":180,"column":22}},"135":{"start":{"line":184,"column":19},"end":{"line":184,"column":88}},"136":{"start":{"line":185,"column":15},"end":{"line":185,"column":17}},"137":{"start":{"line":186,"column":4},"end":{"line":189,"column":7}},"138":{"start":{"line":187,"column":23},"end":{"line":187,"column":56}},"139":{"start":{"line":188,"column":8},"end":{"line":188,"column":28}},"140":{"start":{"line":190,"column":4},"end":{"line":190,"column":46}}},"fnMap":{"0":{"name":"(anonymous_0)","decl":{"start":{"line":2,"column":44},"end":{"line":2,"column":45}},"loc":{"start":{"line":2,"column":89},"end":{"line":9,"column":1}},"line":2},"1":{"name":"(anonymous_1)","decl":{"start":{"line":3,"column":36},"end":{"line":3,"column":37}},"loc":{"start":{"line":3,"column":63},"end":{"line":8,"column":5}},"line":3},"2":{"name":"fulfilled","decl":{"start":{"line":4,"column":17},"end":{"line":4,"column":26}},"loc":{"start":{"line":4,"column":34},"end":{"line":4,"column":99}},"line":4},"3":{"name":"rejected","decl":{"start":{"line":5,"column":17},"end":{"line":5,"column":25}},"loc":{"start":{"line":5,"column":33},"end":{"line":5,"column":102}},"line":5},"4":{"name":"step","decl":{"start":{"line":6,"column":17},"end":{"line":6,"column":21}},"loc":{"start":{"line":6,"column":30},"end":{"line":6,"column":151}},"line":6},"5":{"name":"(anonymous_5)","decl":{"start":{"line":6,"column":76},"end":{"line":6,"column":77}},"loc":{"start":{"line":6,"column":95},"end":{"line":6,"column":121}},"line":6},"6":{"name":"__export","decl":{"start":{"line":10,"column":9},"end":{"line":10,"column":17}},"loc":{"start":{"line":10,"column":21},"end":{"line":12,"column":1}},"line":10},"7":{"name":"createKiwiServer","decl":{"start":{"line":41,"column":9},"end":{"line":41,"column":25}},"loc":{"start":{"line":41,"column":45},"end":{"line":71,"column":1}},"line":41},"8":{"name":"(anonymous_8)","decl":{"start":{"line":65,"column":32},"end":{"line":65,"column":33}},"loc":{"start":{"line":65,"column":38},"end":{"line":70,"column":5}},"line":65},"9":{"name":"getSocket","decl":{"start":{"line":73,"column":9},"end":{"line":73,"column":18}},"loc":{"start":{"line":73,"column":21},"end":{"line":75,"column":1}},"line":73},"10":{"name":"processRequest","decl":{"start":{"line":77,"column":9},"end":{"line":77,"column":23}},"loc":{"start":{"line":77,"column":43},"end":{"line":131,"column":1}},"line":77},"11":{"name":"(anonymous_11)","decl":{"start":{"line":78,"column":43},"end":{"line":78,"column":44}},"loc":{"start":{"line":78,"column":56},"end":{"line":130,"column":5}},"line":78},"12":{"name":"(anonymous_12)","decl":{"start":{"line":107,"column":59},"end":{"line":107,"column":60}},"loc":{"start":{"line":107,"column":70},"end":{"line":107,"column":97}},"line":107},"13":{"name":"(anonymous_13)","decl":{"start":{"line":112,"column":68},"end":{"line":112,"column":69}},"loc":{"start":{"line":112,"column":79},"end":{"line":112,"column":98}},"line":112},"14":{"name":"parseQueryParam","decl":{"start":{"line":133,"column":9},"end":{"line":133,"column":24}},"loc":{"start":{"line":133,"column":38},"end":{"line":144,"column":1}},"line":133},"15":{"name":"(anonymous_15)","decl":{"start":{"line":139,"column":29},"end":{"line":139,"column":30}},"loc":{"start":{"line":139,"column":38},"end":{"line":142,"column":5}},"line":139},"16":{"name":"parseHeaderParams","decl":{"start":{"line":145,"column":9},"end":{"line":145,"column":26}},"loc":{"start":{"line":145,"column":43},"end":{"line":152,"column":1}},"line":145},"17":{"name":"(anonymous_17)","decl":{"start":{"line":146,"column":55},"end":{"line":146,"column":56}},"loc":{"start":{"line":146,"column":66},"end":{"line":146,"column":94}},"line":146},"18":{"name":"(anonymous_18)","decl":{"start":{"line":147,"column":35},"end":{"line":147,"column":36}},"loc":{"start":{"line":147,"column":50},"end":{"line":150,"column":5}},"line":147},"19":{"name":"(anonymous_19)","decl":{"start":{"line":148,"column":55},"end":{"line":148,"column":56}},"loc":{"start":{"line":148,"column":66},"end":{"line":148,"column":97}},"line":148},"20":{"name":"execute","decl":{"start":{"line":153,"column":9},"end":{"line":153,"column":16}},"loc":{"start":{"line":153,"column":43},"end":{"line":164,"column":1}},"line":153},"21":{"name":"(anonymous_21)","decl":{"start":{"line":154,"column":43},"end":{"line":154,"column":44}},"loc":{"start":{"line":154,"column":56},"end":{"line":163,"column":5}},"line":154},"22":{"name":"executeMiddlewares","decl":{"start":{"line":165,"column":9},"end":{"line":165,"column":27}},"loc":{"start":{"line":165,"column":60},"end":{"line":182,"column":1}},"line":165},"23":{"name":"(anonymous_23)","decl":{"start":{"line":166,"column":43},"end":{"line":166,"column":44}},"loc":{"start":{"line":166,"column":56},"end":{"line":181,"column":5}},"line":166},"24":{"name":"(anonymous_24)","decl":{"start":{"line":168,"column":38},"end":{"line":168,"column":39}},"loc":{"start":{"line":168,"column":54},"end":{"line":175,"column":9}},"line":168},"25":{"name":"(anonymous_25)","decl":{"start":{"line":169,"column":37},"end":{"line":169,"column":38}},"loc":{"start":{"line":169,"column":43},"end":{"line":174,"column":13}},"line":169},"26":{"name":"(anonymous_26)","decl":{"start":{"line":170,"column":35},"end":{"line":170,"column":36}},"loc":{"start":{"line":170,"column":56},"end":{"line":173,"column":17}},"line":170},"27":{"name":"(anonymous_27)","decl":{"start":{"line":176,"column":33},"end":{"line":176,"column":34}},"loc":{"start":{"line":176,"column":39},"end":{"line":178,"column":9}},"line":176},"28":{"name":"getInstance","decl":{"start":{"line":183,"column":9},"end":{"line":183,"column":20}},"loc":{"start":{"line":183,"column":32},"end":{"line":191,"column":1}},"line":183},"29":{"name":"(anonymous_29)","decl":{"start":{"line":186,"column":29},"end":{"line":186,"column":30}},"loc":{"start":{"line":186,"column":38},"end":{"line":189,"column":5}},"line":186}},"branchMap":{"0":{"loc":{"start":{"line":2,"column":16},"end":{"line":9,"column":1}},"type":"binary-expr","locations":[{"start":{"line":2,"column":17},"end":{"line":2,"column":21}},{"start":{"line":2,"column":25},"end":{"line":2,"column":39}},{"start":{"line":2,"column":44},"end":{"line":9,"column":1}}],"line":2},"1":{"loc":{"start":{"line":3,"column":16},"end":{"line":3,"column":34}},"type":"binary-expr","locations":[{"start":{"line":3,"column":16},"end":{"line":3,"column":17}},{"start":{"line":3,"column":22},"end":{"line":3,"column":33}}],"line":3},"2":{"loc":{"start":{"line":6,"column":32},"end":{"line":6,"column":148}},"type":"cond-expr","locations":[{"start":{"line":6,"column":46},"end":{"line":6,"column":67}},{"start":{"line":6,"column":70},"end":{"line":6,"column":148}}],"line":6},"3":{"loc":{"start":{"line":7,"column":51},"end":{"line":7,"column":67}},"type":"binary-expr","locations":[{"start":{"line":7,"column":51},"end":{"line":7,"column":61}},{"start":{"line":7,"column":65},"end":{"line":7,"column":67}}],"line":7},"4":{"loc":{"start":{"line":11,"column":21},"end":{"line":11,"column":71}},"type":"if","locations":[{"start":{"line":11,"column":21},"end":{"line":11,"column":71}},{"start":{"line":11,"column":21},"end":{"line":11,"column":71}}],"line":11},"5":{"loc":{"start":{"line":45,"column":4},"end":{"line":50,"column":5}},"type":"if","locations":[{"start":{"line":45,"column":4},"end":{"line":50,"column":5}},{"start":{"line":45,"column":4},"end":{"line":50,"column":5}}],"line":45},"6":{"loc":{"start":{"line":51,"column":4},"end":{"line":55,"column":5}},"type":"if","locations":[{"start":{"line":51,"column":4},"end":{"line":55,"column":5}},{"start":{"line":51,"column":4},"end":{"line":55,"column":5}}],"line":51},"7":{"loc":{"start":{"line":56,"column":4},"end":{"line":60,"column":5}},"type":"if","locations":[{"start":{"line":56,"column":4},"end":{"line":60,"column":5}},{"start":{"line":56,"column":4},"end":{"line":60,"column":5}}],"line":56},"8":{"loc":{"start":{"line":56,"column":8},"end":{"line":56,"column":60}},"type":"binary-expr","locations":[{"start":{"line":56,"column":8},"end":{"line":56,"column":28}},{"start":{"line":56,"column":32},"end":{"line":56,"column":60}}],"line":56},"9":{"loc":{"start":{"line":62,"column":4},"end":{"line":64,"column":5}},"type":"if","locations":[{"start":{"line":62,"column":4},"end":{"line":64,"column":5}},{"start":{"line":62,"column":4},"end":{"line":64,"column":5}}],"line":62},"10":{"loc":{"start":{"line":67,"column":8},"end":{"line":69,"column":9}},"type":"if","locations":[{"start":{"line":67,"column":8},"end":{"line":69,"column":9}},{"start":{"line":67,"column":8},"end":{"line":69,"column":9}}],"line":67},"11":{"loc":{"start":{"line":81,"column":12},"end":{"line":83,"column":13}},"type":"if","locations":[{"start":{"line":81,"column":12},"end":{"line":83,"column":13}},{"start":{"line":81,"column":12},"end":{"line":83,"column":13}}],"line":81},"12":{"loc":{"start":{"line":86,"column":31},"end":{"line":86,"column":75}},"type":"cond-expr","locations":[{"start":{"line":86,"column":56},"end":{"line":86,"column":68}},{"start":{"line":86,"column":71},"end":{"line":86,"column":75}}],"line":86},"13":{"loc":{"start":{"line":88,"column":12},"end":{"line":92,"column":13}},"type":"if","locations":[{"start":{"line":88,"column":12},"end":{"line":92,"column":13}},{"start":{"line":88,"column":12},"end":{"line":92,"column":13}}],"line":88},"14":{"loc":{"start":{"line":93,"column":12},"end":{"line":106,"column":13}},"type":"if","locations":[{"start":{"line":93,"column":12},"end":{"line":106,"column":13}},{"start":{"line":93,"column":12},"end":{"line":106,"column":13}}],"line":93},"15":{"loc":{"start":{"line":93,"column":16},"end":{"line":93,"column":102}},"type":"binary-expr","locations":[{"start":{"line":93,"column":16},"end":{"line":93,"column":31}},{"start":{"line":93,"column":35},"end":{"line":93,"column":102}}],"line":93},"16":{"loc":{"start":{"line":95,"column":16},"end":{"line":105,"column":17}},"type":"if","locations":[{"start":{"line":95,"column":16},"end":{"line":105,"column":17}},{"start":{"line":95,"column":16},"end":{"line":105,"column":17}}],"line":95},"17":{"loc":{"start":{"line":100,"column":21},"end":{"line":105,"column":17}},"type":"if","locations":[{"start":{"line":100,"column":21},"end":{"line":105,"column":17}},{"start":{"line":100,"column":21},"end":{"line":105,"column":17}}],"line":100},"18":{"loc":{"start":{"line":101,"column":33},"end":{"line":101,"column":78}},"type":"cond-expr","locations":[{"start":{"line":101,"column":59},"end":{"line":101,"column":62}},{"start":{"line":101,"column":65},"end":{"line":101,"column":78}}],"line":101},"19":{"loc":{"start":{"line":109,"column":12},"end":{"line":114,"column":13}},"type":"if","locations":[{"start":{"line":109,"column":12},"end":{"line":114,"column":13}},{"start":{"line":109,"column":12},"end":{"line":114,"column":13}}],"line":109},"20":{"loc":{"start":{"line":118,"column":12},"end":{"line":120,"column":13}},"type":"if","locations":[{"start":{"line":118,"column":12},"end":{"line":120,"column":13}},{"start":{"line":118,"column":12},"end":{"line":120,"column":13}}],"line":118},"21":{"loc":{"start":{"line":134,"column":4},"end":{"line":136,"column":5}},"type":"if","locations":[{"start":{"line":134,"column":4},"end":{"line":136,"column":5}},{"start":{"line":134,"column":4},"end":{"line":136,"column":5}}],"line":134},"22":{"loc":{"start":{"line":156,"column":8},"end":{"line":158,"column":9}},"type":"if","locations":[{"start":{"line":156,"column":8},"end":{"line":158,"column":9}},{"start":{"line":156,"column":8},"end":{"line":158,"column":9}}],"line":156},"23":{"loc":{"start":{"line":184,"column":19},"end":{"line":184,"column":88}},"type":"binary-expr","locations":[{"start":{"line":184,"column":19},"end":{"line":184,"column":82}},{"start":{"line":184,"column":86},"end":{"line":184,"column":88}}],"line":184}},"s":{"0":1,"1":18,"2":27,"3":27,"4":0,"5":0,"6":0,"7":0,"8":45,"9":27,"10":18,"11":13,"12":13,"13":13,"14":1,"15":1,"16":1,"17":1,"18":1,"19":1,"20":1,"21":1,"22":1,"23":1,"24":1,"25":1,"26":1,"27":1,"28":1,"29":1,"30":1,"31":1,"32":1,"33":1,"34":1,"35":1,"36":0,"37":0,"38":0,"39":0,"40":0,"41":0,"42":0,"43":0,"44":0,"45":0,"46":0,"47":0,"48":0,"49":0,"50":0,"51":0,"52":0,"53":1,"54":0,"55":1,"56":5,"57":5,"58":5,"59":5,"60":0,"61":5,"62":5,"63":5,"64":5,"65":5,"66":1,"67":1,"68":1,"69":4,"70":1,"71":1,"72":0,"73":0,"74":0,"75":1,"76":0,"77":0,"78":0,"79":0,"80":4,"81":4,"82":4,"83":4,"84":0,"85":0,"86":0,"87":0,"88":0,"89":4,"90":4,"91":4,"92":4,"93":0,"94":4,"95":4,"96":4,"97":0,"98":0,"99":0,"100":1,"101":4,"102":3,"103":1,"104":1,"105":1,"106":1,"107":1,"108":1,"109":4,"110":7,"111":4,"112":4,"113":10,"114":4,"115":4,"116":4,"117":4,"118":4,"119":0,"120":4,"121":4,"122":4,"123":4,"124":9,"125":9,"126":9,"127":9,"128":9,"129":9,"130":9,"131":9,"132":9,"133":9,"134":9,"135":13,"136":13,"137":13,"138":3,"139":3,"140":13},"f":{"0":18,"1":18,"2":27,"3":0,"4":45,"5":27,"6":13,"7":0,"8":0,"9":0,"10":5,"11":5,"12":4,"13":0,"14":4,"15":1,"16":4,"17":7,"18":4,"19":10,"20":4,"21":4,"22":9,"23":9,"24":9,"25":9,"26":9,"27":9,"28":13,"29":3},"b":{"0":[1,1,1],"1":[18,18],"2":[18,27],"3":[18,18],"4":[13,0],"5":[0,0],"6":[0,0],"7":[0,0],"8":[0,0],"9":[0,0],"10":[0,0],"11":[0,5],"12":[1,4],"13":[1,4],"14":[1,3],"15":[4,4],"16":[0,1],"17":[0,1],"18":[0,0],"19":[0,4],"20":[0,4],"21":[3,1],"22":[0,4],"23":[13,10]},"_coverageSchema":"43e27e138ebf9cfc5966b082cf9a028302ed4184","hash":"aa26248f18332f5cb62cc9b74f63c551d3be3e62","contentHash":"c989e38b0c8034d9c077d0428d935273"},"C:\\Cavepot\\Git\\kiwi\\dist\\src\\metadata\\metadataStorage.js":{"path":"C:\\Cavepot\\Git\\kiwi\\dist\\src\\metadata\\metadataStorage.js","statementMap":{"0":{"start":{"line":2,"column":16},"end":{"line":9,"column":1}},"1":{"start":{"line":3,"column":4},"end":{"line":8,"column":7}},"2":{"start":{"line":4,"column":36},"end":{"line":4,"column":97}},"3":{"start":{"line":4,"column":42},"end":{"line":4,"column":70}},"4":{"start":{"line":4,"column":85},"end":{"line":4,"column":95}},"5":{"start":{"line":5,"column":35},"end":{"line":5,"column":100}},"6":{"start":{"line":5,"column":41},"end":{"line":5,"column":73}},"7":{"start":{"line":5,"column":88},"end":{"line":5,"column":98}},"8":{"start":{"line":6,"column":32},"end":{"line":6,"column":149}},"9":{"start":{"line":6,"column":97},"end":{"line":6,"column":119}},"10":{"start":{"line":7,"column":8},"end":{"line":7,"column":78}},"11":{"start":{"line":10,"column":0},"end":{"line":10,"column":62}},"12":{"start":{"line":11,"column":17},"end":{"line":11,"column":34}},"13":{"start":{"line":12,"column":19},"end":{"line":12,"column":40}},"14":{"start":{"line":13,"column":26},"end":{"line":13,"column":52}},"15":{"start":{"line":14,"column":37},"end":{"line":14,"column":74}},"16":{"start":{"line":17,"column":8},"end":{"line":18,"column":56}},"17":{"start":{"line":18,"column":12},"end":{"line":18,"column":56}},"18":{"start":{"line":19,"column":8},"end":{"line":19,"column":39}},"19":{"start":{"line":23,"column":8},"end":{"line":24,"column":55}},"20":{"start":{"line":24,"column":12},"end":{"line":24,"column":55}},"21":{"start":{"line":25,"column":8},"end":{"line":25,"column":39}},"22":{"start":{"line":29,"column":8},"end":{"line":30,"column":56}},"23":{"start":{"line":30,"column":12},"end":{"line":30,"column":56}},"24":{"start":{"line":31,"column":8},"end":{"line":31,"column":40}},"25":{"start":{"line":34,"column":8},"end":{"line":35,"column":56}},"26":{"start":{"line":35,"column":12},"end":{"line":35,"column":56}},"27":{"start":{"line":36,"column":8},"end":{"line":36,"column":43}},"28":{"start":{"line":40,"column":8},"end":{"line":41,"column":56}},"29":{"start":{"line":41,"column":12},"end":{"line":41,"column":56}},"30":{"start":{"line":42,"column":8},"end":{"line":42,"column":38}},"31":{"start":{"line":46,"column":8},"end":{"line":47,"column":56}},"32":{"start":{"line":47,"column":12},"end":{"line":47,"column":56}},"33":{"start":{"line":48,"column":8},"end":{"line":48,"column":49}},"34":{"start":{"line":52,"column":8},"end":{"line":53,"column":56}},"35":{"start":{"line":53,"column":12},"end":{"line":53,"column":56}},"36":{"start":{"line":54,"column":8},"end":{"line":54,"column":48}},"37":{"start":{"line":58,"column":8},"end":{"line":59,"column":56}},"38":{"start":{"line":59,"column":12},"end":{"line":59,"column":56}},"39":{"start":{"line":60,"column":8},"end":{"line":60,"column":44}},"40":{"start":{"line":64,"column":8},"end":{"line":65,"column":56}},"41":{"start":{"line":65,"column":12},"end":{"line":65,"column":56}},"42":{"start":{"line":66,"column":8},"end":{"line":66,"column":41}},"43":{"start":{"line":70,"column":8},"end":{"line":71,"column":56}},"44":{"start":{"line":71,"column":12},"end":{"line":71,"column":56}},"45":{"start":{"line":72,"column":8},"end":{"line":72,"column":38}},"46":{"start":{"line":76,"column":8},"end":{"line":77,"column":56}},"47":{"start":{"line":77,"column":12},"end":{"line":77,"column":56}},"48":{"start":{"line":78,"column":8},"end":{"line":78,"column":54}},"49":{"start":{"line":79,"column":24},"end":{"line":81,"column":10}},"50":{"start":{"line":80,"column":12},"end":{"line":80,"column":137}},"51":{"start":{"line":80,"column":85},"end":{"line":80,"column":128}},"52":{"start":{"line":82,"column":8},"end":{"line":106,"column":11}},"53":{"start":{"line":83,"column":31},"end":{"line":85,"column":14}},"54":{"start":{"line":84,"column":16},"end":{"line":84,"column":66}},"55":{"start":{"line":86,"column":25},"end":{"line":86,"column":111}},"56":{"start":{"line":87,"column":12},"end":{"line":89,"column":13}},"57":{"start":{"line":88,"column":16},"end":{"line":88,"column":54}},"58":{"start":{"line":90,"column":30},"end":{"line":93,"column":14}},"59":{"start":{"line":91,"column":16},"end":{"line":92,"column":105}},"60":{"start":{"line":95,"column":12},"end":{"line":101,"column":14}},"61":{"start":{"line":102,"column":25},"end":{"line":104,"column":14}},"62":{"start":{"line":103,"column":16},"end":{"line":103,"column":102}},"63":{"start":{"line":105,"column":12},"end":{"line":105,"column":76}},"64":{"start":{"line":107,"column":8},"end":{"line":107,"column":62}},"65":{"start":{"line":110,"column":20},"end":{"line":110,"column":24}},"66":{"start":{"line":111,"column":8},"end":{"line":111,"column":46}},"67":{"start":{"line":112,"column":21},"end":{"line":112,"column":60}},"68":{"start":{"line":113,"column":25},"end":{"line":113,"column":30}},"69":{"start":{"line":114,"column":16},"end":{"line":114,"column":17}},"70":{"start":{"line":115,"column":8},"end":{"line":129,"column":9}},"71":{"start":{"line":116,"column":22},"end":{"line":116,"column":70}},"72":{"start":{"line":117,"column":31},"end":{"line":117,"column":46}},"73":{"start":{"line":118,"column":12},"end":{"line":127,"column":13}},"74":{"start":{"line":119,"column":38},"end":{"line":119,"column":77}},"75":{"start":{"line":120,"column":36},"end":{"line":120,"column":90}},"76":{"start":{"line":121,"column":36},"end":{"line":121,"column":78}},"77":{"start":{"line":122,"column":16},"end":{"line":122,"column":72}},"78":{"start":{"line":123,"column":16},"end":{"line":126,"column":17}},"79":{"start":{"line":124,"column":20},"end":{"line":124,"column":96}},"80":{"start":{"line":125,"column":20},"end":{"line":125,"column":38}},"81":{"start":{"line":128,"column":12},"end":{"line":128,"column":16}},"82":{"start":{"line":130,"column":8},"end":{"line":130,"column":21}},"83":{"start":{"line":133,"column":31},"end":{"line":135,"column":10}},"84":{"start":{"line":134,"column":12},"end":{"line":134,"column":155}},"85":{"start":{"line":134,"column":91},"end":{"line":134,"column":146}},"86":{"start":{"line":136,"column":32},"end":{"line":138,"column":10}},"87":{"start":{"line":137,"column":12},"end":{"line":137,"column":155}},"88":{"start":{"line":137,"column":91},"end":{"line":137,"column":146}},"89":{"start":{"line":139,"column":8},"end":{"line":139,"column":98}},"90":{"start":{"line":140,"column":8},"end":{"line":140,"column":100}},"91":{"start":{"line":143,"column":8},"end":{"line":175,"column":11}},"92":{"start":{"line":144,"column":21},"end":{"line":144,"column":34}},"93":{"start":{"line":145,"column":28},"end":{"line":150,"column":13}},"94":{"start":{"line":151,"column":30},"end":{"line":151,"column":119}},"95":{"start":{"line":152,"column":28},"end":{"line":154,"column":14}},"96":{"start":{"line":155,"column":12},"end":{"line":155,"column":55}},"97":{"start":{"line":156,"column":27},"end":{"line":156,"column":53}},"98":{"start":{"line":157,"column":12},"end":{"line":173,"column":15}},"99":{"start":{"line":158,"column":16},"end":{"line":158,"column":40}},"100":{"start":{"line":159,"column":16},"end":{"line":172,"column":19}},"101":{"start":{"line":160,"column":31},"end":{"line":160,"column":72}},"102":{"start":{"line":161,"column":33},"end":{"line":161,"column":58}},"103":{"start":{"line":162,"column":20},"end":{"line":167,"column":22}},"104":{"start":{"line":168,"column":33},"end":{"line":168,"column":80}},"105":{"start":{"line":169,"column":20},"end":{"line":171,"column":21}},"106":{"start":{"line":170,"column":24},"end":{"line":170,"column":73}},"107":{"start":{"line":174,"column":31},"end":{"line":174,"column":105}},"108":{"start":{"line":178,"column":19},"end":{"line":178,"column":104}},"109":{"start":{"line":179,"column":8},"end":{"line":179,"column":49}},"110":{"start":{"line":180,"column":8},"end":{"line":180,"column":20}},"111":{"start":{"line":183,"column":23},"end":{"line":183,"column":25}},"112":{"start":{"line":184,"column":8},"end":{"line":187,"column":11}},"113":{"start":{"line":185,"column":26},"end":{"line":185,"column":87}},"114":{"start":{"line":185,"column":67},"end":{"line":185,"column":86}},"115":{"start":{"line":186,"column":12},"end":{"line":186,"column":120}},"116":{"start":{"line":188,"column":8},"end":{"line":188,"column":22}},"117":{"start":{"line":191,"column":25},"end":{"line":191,"column":27}},"118":{"start":{"line":192,"column":8},"end":{"line":205,"column":11}},"119":{"start":{"line":193,"column":12},"end":{"line":204,"column":13}},"120":{"start":{"line":194,"column":30},"end":{"line":194,"column":102}},"121":{"start":{"line":195,"column":29},"end":{"line":195,"column":47}},"122":{"start":{"line":196,"column":16},"end":{"line":203,"column":19}},"123":{"start":{"line":206,"column":8},"end":{"line":206,"column":24}},"124":{"start":{"line":209,"column":21},"end":{"line":209,"column":76}},"125":{"start":{"line":209,"column":54},"end":{"line":209,"column":75}},"126":{"start":{"line":210,"column":8},"end":{"line":212,"column":9}},"127":{"start":{"line":211,"column":12},"end":{"line":211,"column":24}},"128":{"start":{"line":213,"column":22},"end":{"line":213,"column":92}},"129":{"start":{"line":214,"column":21},"end":{"line":214,"column":38}},"130":{"start":{"line":215,"column":28},"end":{"line":225,"column":9}},"131":{"start":{"line":226,"column":8},"end":{"line":226,"column":27}},"132":{"start":{"line":229,"column":0},"end":{"line":229,"column":50}}},"fnMap":{"0":{"name":"(anonymous_0)","decl":{"start":{"line":2,"column":44},"end":{"line":2,"column":45}},"loc":{"start":{"line":2,"column":89},"end":{"line":9,"column":1}},"line":2},"1":{"name":"(anonymous_1)","decl":{"start":{"line":3,"column":36},"end":{"line":3,"column":37}},"loc":{"start":{"line":3,"column":63},"end":{"line":8,"column":5}},"line":3},"2":{"name":"fulfilled","decl":{"start":{"line":4,"column":17},"end":{"line":4,"column":26}},"loc":{"start":{"line":4,"column":34},"end":{"line":4,"column":99}},"line":4},"3":{"name":"rejected","decl":{"start":{"line":5,"column":17},"end":{"line":5,"column":25}},"loc":{"start":{"line":5,"column":33},"end":{"line":5,"column":102}},"line":5},"4":{"name":"step","decl":{"start":{"line":6,"column":17},"end":{"line":6,"column":21}},"loc":{"start":{"line":6,"column":30},"end":{"line":6,"column":151}},"line":6},"5":{"name":"(anonymous_5)","decl":{"start":{"line":6,"column":76},"end":{"line":6,"column":77}},"loc":{"start":{"line":6,"column":95},"end":{"line":6,"column":121}},"line":6},"6":{"name":"(anonymous_6)","decl":{"start":{"line":16,"column":4},"end":{"line":16,"column":5}},"loc":{"start":{"line":16,"column":25},"end":{"line":20,"column":5}},"line":16},"7":{"name":"(anonymous_7)","decl":{"start":{"line":22,"column":4},"end":{"line":22,"column":5}},"loc":{"start":{"line":22,"column":25},"end":{"line":26,"column":5}},"line":22},"8":{"name":"(anonymous_8)","decl":{"start":{"line":28,"column":4},"end":{"line":28,"column":5}},"loc":{"start":{"line":28,"column":30},"end":{"line":32,"column":5}},"line":28},"9":{"name":"(anonymous_9)","decl":{"start":{"line":33,"column":4},"end":{"line":33,"column":5}},"loc":{"start":{"line":33,"column":29},"end":{"line":37,"column":5}},"line":33},"10":{"name":"(anonymous_10)","decl":{"start":{"line":39,"column":4},"end":{"line":39,"column":5}},"loc":{"start":{"line":39,"column":24},"end":{"line":43,"column":5}},"line":39},"11":{"name":"(anonymous_11)","decl":{"start":{"line":45,"column":4},"end":{"line":45,"column":5}},"loc":{"start":{"line":45,"column":35},"end":{"line":49,"column":5}},"line":45},"12":{"name":"(anonymous_12)","decl":{"start":{"line":51,"column":4},"end":{"line":51,"column":5}},"loc":{"start":{"line":51,"column":34},"end":{"line":55,"column":5}},"line":51},"13":{"name":"(anonymous_13)","decl":{"start":{"line":57,"column":4},"end":{"line":57,"column":5}},"loc":{"start":{"line":57,"column":30},"end":{"line":61,"column":5}},"line":57},"14":{"name":"(anonymous_14)","decl":{"start":{"line":63,"column":4},"end":{"line":63,"column":5}},"loc":{"start":{"line":63,"column":27},"end":{"line":67,"column":5}},"line":63},"15":{"name":"(anonymous_15)","decl":{"start":{"line":69,"column":4},"end":{"line":69,"column":5}},"loc":{"start":{"line":69,"column":24},"end":{"line":73,"column":5}},"line":69},"16":{"name":"(anonymous_16)","decl":{"start":{"line":75,"column":4},"end":{"line":75,"column":5}},"loc":{"start":{"line":75,"column":33},"end":{"line":108,"column":5}},"line":75},"17":{"name":"(anonymous_17)","decl":{"start":{"line":79,"column":69},"end":{"line":79,"column":70}},"loc":{"start":{"line":79,"column":81},"end":{"line":81,"column":9}},"line":79},"18":{"name":"(anonymous_18)","decl":{"start":{"line":80,"column":67},"end":{"line":80,"column":68}},"loc":{"start":{"line":80,"column":83},"end":{"line":80,"column":130}},"line":80},"19":{"name":"(anonymous_19)","decl":{"start":{"line":82,"column":54},"end":{"line":82,"column":55}},"loc":{"start":{"line":82,"column":66},"end":{"line":106,"column":9}},"line":82},"20":{"name":"(anonymous_20)","decl":{"start":{"line":83,"column":78},"end":{"line":83,"column":79}},"loc":{"start":{"line":83,"column":94},"end":{"line":85,"column":13}},"line":83},"21":{"name":"(anonymous_21)","decl":{"start":{"line":90,"column":75},"end":{"line":90,"column":76}},"loc":{"start":{"line":90,"column":85},"end":{"line":93,"column":13}},"line":90},"22":{"name":"(anonymous_22)","decl":{"start":{"line":102,"column":69},"end":{"line":102,"column":70}},"loc":{"start":{"line":102,"column":80},"end":{"line":104,"column":13}},"line":102},"23":{"name":"(anonymous_23)","decl":{"start":{"line":109,"column":4},"end":{"line":109,"column":5}},"loc":{"start":{"line":109,"column":41},"end":{"line":131,"column":5}},"line":109},"24":{"name":"(anonymous_24)","decl":{"start":{"line":132,"column":4},"end":{"line":132,"column":5}},"loc":{"start":{"line":132,"column":45},"end":{"line":141,"column":5}},"line":132},"25":{"name":"(anonymous_25)","decl":{"start":{"line":133,"column":81},"end":{"line":133,"column":82}},"loc":{"start":{"line":133,"column":97},"end":{"line":135,"column":9}},"line":133},"26":{"name":"(anonymous_26)","decl":{"start":{"line":134,"column":67},"end":{"line":134,"column":68}},"loc":{"start":{"line":134,"column":89},"end":{"line":134,"column":148}},"line":134},"27":{"name":"(anonymous_27)","decl":{"start":{"line":136,"column":83},"end":{"line":136,"column":84}},"loc":{"start":{"line":136,"column":99},"end":{"line":138,"column":9}},"line":136},"28":{"name":"(anonymous_28)","decl":{"start":{"line":137,"column":67},"end":{"line":137,"column":68}},"loc":{"start":{"line":137,"column":89},"end":{"line":137,"column":148}},"line":137},"29":{"name":"(anonymous_29)","decl":{"start":{"line":142,"column":4},"end":{"line":142,"column":5}},"loc":{"start":{"line":142,"column":32},"end":{"line":176,"column":5}},"line":142},"30":{"name":"(anonymous_30)","decl":{"start":{"line":143,"column":47},"end":{"line":143,"column":48}},"loc":{"start":{"line":143,"column":60},"end":{"line":175,"column":9}},"line":143},"31":{"name":"(anonymous_31)","decl":{"start":{"line":157,"column":50},"end":{"line":157,"column":51}},"loc":{"start":{"line":157,"column":59},"end":{"line":173,"column":13}},"line":157},"32":{"name":"(anonymous_32)","decl":{"start":{"line":159,"column":59},"end":{"line":159,"column":60}},"loc":{"start":{"line":159,"column":71},"end":{"line":172,"column":17}},"line":159},"33":{"name":"(anonymous_33)","decl":{"start":{"line":177,"column":4},"end":{"line":177,"column":5}},"loc":{"start":{"line":177,"column":52},"end":{"line":181,"column":5}},"line":177},"34":{"name":"(anonymous_34)","decl":{"start":{"line":182,"column":4},"end":{"line":182,"column":5}},"loc":{"start":{"line":182,"column":55},"end":{"line":189,"column":5}},"line":182},"35":{"name":"(anonymous_35)","decl":{"start":{"line":184,"column":39},"end":{"line":184,"column":40}},"loc":{"start":{"line":184,"column":50},"end":{"line":187,"column":9}},"line":184},"36":{"name":"(anonymous_36)","decl":{"start":{"line":185,"column":57},"end":{"line":185,"column":58}},"loc":{"start":{"line":185,"column":67},"end":{"line":185,"column":86}},"line":185},"37":{"name":"(anonymous_37)","decl":{"start":{"line":190,"column":4},"end":{"line":190,"column":5}},"loc":{"start":{"line":190,"column":33},"end":{"line":207,"column":5}},"line":190},"38":{"name":"(anonymous_38)","decl":{"start":{"line":192,"column":33},"end":{"line":192,"column":34}},"loc":{"start":{"line":192,"column":44},"end":{"line":205,"column":9}},"line":192},"39":{"name":"(anonymous_39)","decl":{"start":{"line":208,"column":4},"end":{"line":208,"column":5}},"loc":{"start":{"line":208,"column":34},"end":{"line":227,"column":5}},"line":208},"40":{"name":"(anonymous_40)","decl":{"start":{"line":209,"column":43},"end":{"line":209,"column":44}},"loc":{"start":{"line":209,"column":54},"end":{"line":209,"column":75}},"line":209}},"branchMap":{"0":{"loc":{"start":{"line":2,"column":16},"end":{"line":9,"column":1}},"type":"binary-expr","locations":[{"start":{"line":2,"column":17},"end":{"line":2,"column":21}},{"start":{"line":2,"column":25},"end":{"line":2,"column":39}},{"start":{"line":2,"column":44},"end":{"line":9,"column":1}}],"line":2},"1":{"loc":{"start":{"line":3,"column":16},"end":{"line":3,"column":34}},"type":"binary-expr","locations":[{"start":{"line":3,"column":16},"end":{"line":3,"column":17}},{"start":{"line":3,"column":22},"end":{"line":3,"column":33}}],"line":3},"2":{"loc":{"start":{"line":6,"column":32},"end":{"line":6,"column":148}},"type":"cond-expr","locations":[{"start":{"line":6,"column":46},"end":{"line":6,"column":67}},{"start":{"line":6,"column":70},"end":{"line":6,"column":148}}],"line":6},"3":{"loc":{"start":{"line":7,"column":51},"end":{"line":7,"column":67}},"type":"binary-expr","locations":[{"start":{"line":7,"column":51},"end":{"line":7,"column":61}},{"start":{"line":7,"column":65},"end":{"line":7,"column":67}}],"line":7},"4":{"loc":{"start":{"line":17,"column":8},"end":{"line":18,"column":56}},"type":"if","locations":[{"start":{"line":17,"column":8},"end":{"line":18,"column":56}},{"start":{"line":17,"column":8},"end":{"line":18,"column":56}}],"line":17},"5":{"loc":{"start":{"line":23,"column":8},"end":{"line":24,"column":55}},"type":"if","locations":[{"start":{"line":23,"column":8},"end":{"line":24,"column":55}},{"start":{"line":23,"column":8},"end":{"line":24,"column":55}}],"line":23},"6":{"loc":{"start":{"line":29,"column":8},"end":{"line":30,"column":56}},"type":"if","locations":[{"start":{"line":29,"column":8},"end":{"line":30,"column":56}},{"start":{"line":29,"column":8},"end":{"line":30,"column":56}}],"line":29},"7":{"loc":{"start":{"line":34,"column":8},"end":{"line":35,"column":56}},"type":"if","locations":[{"start":{"line":34,"column":8},"end":{"line":35,"column":56}},{"start":{"line":34,"column":8},"end":{"line":35,"column":56}}],"line":34},"8":{"loc":{"start":{"line":40,"column":8},"end":{"line":41,"column":56}},"type":"if","locations":[{"start":{"line":40,"column":8},"end":{"line":41,"column":56}},{"start":{"line":40,"column":8},"end":{"line":41,"column":56}}],"line":40},"9":{"loc":{"start":{"line":46,"column":8},"end":{"line":47,"column":56}},"type":"if","locations":[{"start":{"line":46,"column":8},"end":{"line":47,"column":56}},{"start":{"line":46,"column":8},"end":{"line":47,"column":56}}],"line":46},"10":{"loc":{"start":{"line":52,"column":8},"end":{"line":53,"column":56}},"type":"if","locations":[{"start":{"line":52,"column":8},"end":{"line":53,"column":56}},{"start":{"line":52,"column":8},"end":{"line":53,"column":56}}],"line":52},"11":{"loc":{"start":{"line":58,"column":8},"end":{"line":59,"column":56}},"type":"if","locations":[{"start":{"line":58,"column":8},"end":{"line":59,"column":56}},{"start":{"line":58,"column":8},"end":{"line":59,"column":56}}],"line":58},"12":{"loc":{"start":{"line":64,"column":8},"end":{"line":65,"column":56}},"type":"if","locations":[{"start":{"line":64,"column":8},"end":{"line":65,"column":56}},{"start":{"line":64,"column":8},"end":{"line":65,"column":56}}],"line":64},"13":{"loc":{"start":{"line":70,"column":8},"end":{"line":71,"column":56}},"type":"if","locations":[{"start":{"line":70,"column":8},"end":{"line":71,"column":56}},{"start":{"line":70,"column":8},"end":{"line":71,"column":56}}],"line":70},"14":{"loc":{"start":{"line":76,"column":8},"end":{"line":77,"column":56}},"type":"if","locations":[{"start":{"line":76,"column":8},"end":{"line":77,"column":56}},{"start":{"line":76,"column":8},"end":{"line":77,"column":56}}],"line":76},"15":{"loc":{"start":{"line":87,"column":12},"end":{"line":89,"column":13}},"type":"if","locations":[{"start":{"line":87,"column":12},"end":{"line":89,"column":13}},{"start":{"line":87,"column":12},"end":{"line":89,"column":13}}],"line":87},"16":{"loc":{"start":{"line":91,"column":23},"end":{"line":92,"column":104}},"type":"binary-expr","locations":[{"start":{"line":91,"column":24},"end":{"line":91,"column":55}},{"start":{"line":91,"column":59},"end":{"line":91,"column":100}},{"start":{"line":92,"column":21},"end":{"line":92,"column":58}},{"start":{"line":92,"column":62},"end":{"line":92,"column":103}}],"line":91},"17":{"loc":{"start":{"line":100,"column":23},"end":{"line":100,"column":72}},"type":"cond-expr","locations":[{"start":{"line":100,"column":52},"end":{"line":100,"column":67}},{"start":{"line":100,"column":70},"end":{"line":100,"column":72}}],"line":100},"18":{"loc":{"start":{"line":103,"column":23},"end":{"line":103,"column":101}},"type":"binary-expr","locations":[{"start":{"line":103,"column":23},"end":{"line":103,"column":59}},{"start":{"line":103,"column":63},"end":{"line":103,"column":101}}],"line":103},"19":{"loc":{"start":{"line":115,"column":15},"end":{"line":115,"column":45}},"type":"binary-expr","locations":[{"start":{"line":115,"column":15},"end":{"line":115,"column":26}},{"start":{"line":115,"column":30},"end":{"line":115,"column":45}}],"line":115},"20":{"loc":{"start":{"line":118,"column":12},"end":{"line":127,"column":13}},"type":"if","locations":[{"start":{"line":118,"column":12},"end":{"line":127,"column":13}},{"start":{"line":118,"column":12},"end":{"line":127,"column":13}}],"line":118},"21":{"loc":{"start":{"line":123,"column":16},"end":{"line":126,"column":17}},"type":"if","locations":[{"start":{"line":123,"column":16},"end":{"line":126,"column":17}},{"start":{"line":123,"column":16},"end":{"line":126,"column":17}}],"line":123},"22":{"loc":{"start":{"line":169,"column":20},"end":{"line":171,"column":21}},"type":"if","locations":[{"start":{"line":169,"column":20},"end":{"line":171,"column":21}},{"start":{"line":169,"column":20},"end":{"line":171,"column":21}}],"line":169},"23":{"loc":{"start":{"line":178,"column":19},"end":{"line":178,"column":104}},"type":"cond-expr","locations":[{"start":{"line":178,"column":44},"end":{"line":178,"column":68}},{"start":{"line":178,"column":71},"end":{"line":178,"column":104}}],"line":178},"24":{"loc":{"start":{"line":186,"column":34},"end":{"line":186,"column":119}},"type":"cond-expr","locations":[{"start":{"line":186,"column":70},"end":{"line":186,"column":88}},{"start":{"line":186,"column":91},"end":{"line":186,"column":119}}],"line":186},"25":{"loc":{"start":{"line":193,"column":12},"end":{"line":204,"column":13}},"type":"if","locations":[{"start":{"line":193,"column":12},"end":{"line":204,"column":13}},{"start":{"line":193,"column":12},"end":{"line":204,"column":13}}],"line":193},"26":{"loc":{"start":{"line":210,"column":8},"end":{"line":212,"column":9}},"type":"if","locations":[{"start":{"line":210,"column":8},"end":{"line":212,"column":9}},{"start":{"line":210,"column":8},"end":{"line":212,"column":9}}],"line":210}},"s":{"0":1,"1":0,"2":0,"3":0,"4":0,"5":0,"6":0,"7":0,"8":0,"9":0,"10":0,"11":1,"12":1,"13":1,"14":1,"15":1,"16":15,"17":0,"18":15,"19":5,"20":0,"21":5,"22":2,"23":0,"24":2,"25":25,"26":0,"27":25,"28":41,"29":1,"30":41,"31":6,"32":0,"33":6,"34":5,"35":0,"36":5,"37":0,"38":0,"39":0,"40":24,"41":0,"42":24,"43":85,"44":0,"45":85,"46":2,"47":0,"48":2,"49":2,"50":22,"51":30,"52":2,"53":22,"54":30,"55":22,"56":22,"57":10,"58":22,"59":28,"60":22,"61":22,"62":418,"63":22,"64":2,"65":5,"66":5,"67":5,"68":5,"69":5,"70":5,"71":30,"72":30,"73":30,"74":4,"75":4,"76":4,"77":4,"78":4,"79":4,"80":4,"81":30,"82":5,"83":2,"84":2,"85":2,"86":2,"87":2,"88":4,"89":2,"90":2,"91":0,"92":0,"93":0,"94":0,"95":0,"96":0,"97":0,"98":0,"99":0,"100":0,"101":0,"102":0,"103":0,"104":0,"105":0,"106":0,"107":0,"108":22,"109":22,"110":22,"111":4,"112":4,"113":7,"114":5,"115":7,"116":4,"117":0,"118":0,"119":0,"120":0,"121":0,"122":0,"123":0,"124":0,"125":0,"126":0,"127":0,"128":0,"129":0,"130":0,"131":0,"132":1},"f":{"0":0,"1":0,"2":0,"3":0,"4":0,"5":0,"6":15,"7":5,"8":2,"9":25,"10":41,"11":6,"12":5,"13":0,"14":24,"15":85,"16":2,"17":22,"18":30,"19":22,"20":30,"21":28,"22":418,"23":5,"24":2,"25":2,"26":2,"27":2,"28":4,"29":0,"30":0,"31":0,"32":0,"33":22,"34":4,"35":7,"36":5,"37":0,"38":0,"39":0,"40":0},"b":{"0":[1,1,1],"1":[0,0],"2":[0,0],"3":[0,0],"4":[0,15],"5":[0,5],"6":[0,2],"7":[0,25],"8":[1,40],"9":[0,6],"10":[0,5],"11":[0,0],"12":[0,24],"13":[0,85],"14":[0,2],"15":[10,12],"16":[28,22,12,2],"17":[18,4],"18":[418,240],"19":[35,31],"20":[4,26],"21":[4,0],"22":[0,0],"23":[0,22],"24":[6,1],"25":[0,0],"26":[0,0]},"_coverageSchema":"43e27e138ebf9cfc5966b082cf9a028302ed4184","hash":"38e65633c935c6cf033969941c7a93ab634eb491","contentHash":"5f92ee1be4083a0033c12bf1c0f9fa04"},"C:\\Cavepot\\Git\\kiwi\\dist\\src\\metadata\\metadata.js":{"path":"C:\\Cavepot\\Git\\kiwi\\dist\\src\\metadata\\metadata.js","statementMap":{"0":{"start":{"line":2,"column":0},"end":{"line":2,"column":62}},"1":{"start":{"line":5,"column":8},"end":{"line":5,"column":25}},"2":{"start":{"line":6,"column":8},"end":{"line":6,"column":26}},"3":{"start":{"line":7,"column":8},"end":{"line":7,"column":30}},"4":{"start":{"line":8,"column":8},"end":{"line":8,"column":28}},"5":{"start":{"line":9,"column":8},"end":{"line":9,"column":31}},"6":{"start":{"line":10,"column":8},"end":{"line":10,"column":35}},"7":{"start":{"line":11,"column":8},"end":{"line":11,"column":36}},"8":{"start":{"line":12,"column":8},"end":{"line":12,"column":25}},"9":{"start":{"line":15,"column":0},"end":{"line":15,"column":28}}},"fnMap":{"0":{"name":"(anonymous_0)","decl":{"start":{"line":4,"column":4},"end":{"line":4,"column":5}},"loc":{"start":{"line":4,"column":18},"end":{"line":13,"column":5}},"line":4}},"branchMap":{},"s":{"0":1,"1":1,"2":1,"3":1,"4":1,"5":1,"6":1,"7":1,"8":1,"9":1},"f":{"0":1},"b":{},"_coverageSchema":"43e27e138ebf9cfc5966b082cf9a028302ed4184","hash":"58a415e71fba8d6d7cb0d705636cd480b9901104","contentHash":"6aa2af4461909014900e8ac83e3fb849"},"C:\\Cavepot\\Git\\kiwi\\dist\\src\\middlewares\\corsMiddlware.js":{"path":"C:\\Cavepot\\Git\\kiwi\\dist\\src\\middlewares\\corsMiddlware.js","statementMap":{"0":{"start":{"line":2,"column":0},"end":{"line":2,"column":62}},"1":{"start":{"line":3,"column":17},"end":{"line":3,"column":34}},"2":{"start":{"line":6,"column":22},"end":{"line":6,"column":49}},"3":{"start":{"line":7,"column":21},"end":{"line":7,"column":23}},"4":{"start":{"line":8,"column":8},"end":{"line":13,"column":9}},"5":{"start":{"line":9,"column":12},"end":{"line":9,"column":25}},"6":{"start":{"line":11,"column":13},"end":{"line":13,"column":9}},"7":{"start":{"line":12,"column":12},"end":{"line":12,"column":44}},"8":{"start":{"line":14,"column":8},"end":{"line":27,"column":9}},"9":{"start":{"line":15,"column":26},"end":{"line":15,"column":47}},"10":{"start":{"line":16,"column":12},"end":{"line":16,"column":60}},"11":{"start":{"line":17,"column":12},"end":{"line":17,"column":88}},"12":{"start":{"line":18,"column":12},"end":{"line":18,"column":174}},"13":{"start":{"line":19,"column":12},"end":{"line":19,"column":45}},"14":{"start":{"line":20,"column":12},"end":{"line":20,"column":27}},"15":{"start":{"line":23,"column":12},"end":{"line":23,"column":70}},"16":{"start":{"line":24,"column":12},"end":{"line":24,"column":86}},"17":{"start":{"line":25,"column":12},"end":{"line":25,"column":129}},"18":{"start":{"line":26,"column":12},"end":{"line":26,"column":19}},"19":{"start":{"line":30,"column":0},"end":{"line":30,"column":40}}},"fnMap":{"0":{"name":"(anonymous_0)","decl":{"start":{"line":5,"column":4},"end":{"line":5,"column":5}},"loc":{"start":{"line":5,"column":37},"end":{"line":28,"column":5}},"line":5}},"branchMap":{"0":{"loc":{"start":{"line":8,"column":8},"end":{"line":13,"column":9}},"type":"if","locations":[{"start":{"line":8,"column":8},"end":{"line":13,"column":9}},{"start":{"line":8,"column":8},"end":{"line":13,"column":9}}],"line":8},"1":{"loc":{"start":{"line":8,"column":12},"end":{"line":8,"column":59}},"type":"binary-expr","locations":[{"start":{"line":8,"column":12},"end":{"line":8,"column":35}},{"start":{"line":8,"column":39},"end":{"line":8,"column":59}}],"line":8},"2":{"loc":{"start":{"line":11,"column":13},"end":{"line":13,"column":9}},"type":"if","locations":[{"start":{"line":11,"column":13},"end":{"line":13,"column":9}},{"start":{"line":11,"column":13},"end":{"line":13,"column":9}}],"line":11},"3":{"loc":{"start":{"line":11,"column":17},"end":{"line":11,"column":114}},"type":"binary-expr","locations":[{"start":{"line":11,"column":17},"end":{"line":11,"column":56}},{"start":{"line":11,"column":60},"end":{"line":11,"column":114}}],"line":11},"4":{"loc":{"start":{"line":14,"column":8},"end":{"line":27,"column":9}},"type":"if","locations":[{"start":{"line":14,"column":8},"end":{"line":27,"column":9}},{"start":{"line":14,"column":8},"end":{"line":27,"column":9}}],"line":14}},"s":{"0":1,"1":1,"2":0,"3":0,"4":0,"5":0,"6":0,"7":0,"8":0,"9":0,"10":0,"11":0,"12":0,"13":0,"14":0,"15":0,"16":0,"17":0,"18":0,"19":1},"f":{"0":0},"b":{"0":[0,0],"1":[0,0],"2":[0,0],"3":[0,0],"4":[0,0]},"_coverageSchema":"43e27e138ebf9cfc5966b082cf9a028302ed4184","hash":"a6b962d2909d75c2a3faef6fb3839c1e4889ad4a","contentHash":"652689ff6e3cfe27f1b8ea3d5f0aee48"},"C:\\Cavepot\\Git\\kiwi\\dist\\src\\middlewares\\logMiddlware.js":{"path":"C:\\Cavepot\\Git\\kiwi\\dist\\src\\middlewares\\logMiddlware.js","statementMap":{"0":{"start":{"line":2,"column":0},"end":{"line":2,"column":62}},"1":{"start":{"line":5,"column":8},"end":{"line":5,"column":72}},"2":{"start":{"line":6,"column":8},"end":{"line":6,"column":15}},"3":{"start":{"line":9,"column":0},"end":{"line":9,"column":38}}},"fnMap":{"0":{"name":"(anonymous_0)","decl":{"start":{"line":4,"column":4},"end":{"line":4,"column":5}},"loc":{"start":{"line":4,"column":37},"end":{"line":7,"column":5}},"line":4}},"branchMap":{},"s":{"0":1,"1":0,"2":0,"3":1},"f":{"0":0},"b":{},"_coverageSchema":"43e27e138ebf9cfc5966b082cf9a028302ed4184","hash":"91f68d3df0bd42a71da73b0ad6c217ad5a6ff4d2","contentHash":"51b110f07b0df4a85b9ee62a4de00f48"},"C:\\Cavepot\\Git\\kiwi\\dist\\src\\middlewares\\docMiddleware.js":{"path":"C:\\Cavepot\\Git\\kiwi\\dist\\src\\middlewares\\docMiddleware.js","statementMap":{"0":{"start":{"line":2,"column":0},"end":{"line":2,"column":62}},"1":{"start":{"line":3,"column":17},"end":{"line":3,"column":34}},"2":{"start":{"line":6,"column":18},"end":{"line":7,"column":47}},"3":{"start":{"line":8,"column":8},"end":{"line":8,"column":47}},"4":{"start":{"line":9,"column":8},"end":{"line":18,"column":9}},"5":{"start":{"line":10,"column":12},"end":{"line":10,"column":71}},"6":{"start":{"line":12,"column":13},"end":{"line":18,"column":9}},"7":{"start":{"line":13,"column":12},"end":{"line":13,"column":75}},"8":{"start":{"line":14,"column":12},"end":{"line":14,"column":61}},"9":{"start":{"line":17,"column":12},"end":{"line":17,"column":26}},"10":{"start":{"line":21,"column":30},"end":{"line":21,"column":34}},"11":{"start":{"line":22,"column":8},"end":{"line":22,"column":71}},"12":{"start":{"line":23,"column":8},"end":{"line":25,"column":9}},"13":{"start":{"line":24,"column":12},"end":{"line":24,"column":75}},"14":{"start":{"line":26,"column":19},"end":{"line":26,"column":32}},"15":{"start":{"line":27,"column":8},"end":{"line":48,"column":11}},"16":{"start":{"line":28,"column":12},"end":{"line":33,"column":13}},"17":{"start":{"line":29,"column":16},"end":{"line":29,"column":33}},"18":{"start":{"line":30,"column":16},"end":{"line":30,"column":40}},"19":{"start":{"line":31,"column":16},"end":{"line":31,"column":82}},"20":{"start":{"line":32,"column":16},"end":{"line":32,"column":23}},"21":{"start":{"line":34,"column":12},"end":{"line":45,"column":13}},"22":{"start":{"line":35,"column":16},"end":{"line":35,"column":72}},"23":{"start":{"line":37,"column":17},"end":{"line":45,"column":13}},"24":{"start":{"line":38,"column":16},"end":{"line":38,"column":79}},"25":{"start":{"line":40,"column":17},"end":{"line":45,"column":13}},"26":{"start":{"line":41,"column":16},"end":{"line":41,"column":80}},"27":{"start":{"line":44,"column":16},"end":{"line":44,"column":73}},"28":{"start":{"line":46,"column":12},"end":{"line":46,"column":33}},"29":{"start":{"line":47,"column":12},"end":{"line":47,"column":27}},"30":{"start":{"line":51,"column":0},"end":{"line":51,"column":38}}},"fnMap":{"0":{"name":"(anonymous_0)","decl":{"start":{"line":5,"column":4},"end":{"line":5,"column":5}},"loc":{"start":{"line":5,"column":37},"end":{"line":19,"column":5}},"line":5},"1":{"name":"(anonymous_1)","decl":{"start":{"line":20,"column":4},"end":{"line":20,"column":5}},"loc":{"start":{"line":20,"column":46},"end":{"line":49,"column":5}},"line":20},"2":{"name":"(anonymous_2)","decl":{"start":{"line":27,"column":53},"end":{"line":27,"column":54}},"loc":{"start":{"line":27,"column":68},"end":{"line":48,"column":9}},"line":27}},"branchMap":{"0":{"loc":{"start":{"line":6,"column":18},"end":{"line":7,"column":47}},"type":"cond-expr","locations":[{"start":{"line":6,"column":49},"end":{"line":6,"column":112}},{"start":{"line":7,"column":14},"end":{"line":7,"column":47}}],"line":6},"1":{"loc":{"start":{"line":9,"column":8},"end":{"line":18,"column":9}},"type":"if","locations":[{"start":{"line":9,"column":8},"end":{"line":18,"column":9}},{"start":{"line":9,"column":8},"end":{"line":18,"column":9}}],"line":9},"2":{"loc":{"start":{"line":12,"column":13},"end":{"line":18,"column":9}},"type":"if","locations":[{"start":{"line":12,"column":13},"end":{"line":18,"column":9}},{"start":{"line":12,"column":13},"end":{"line":18,"column":9}}],"line":12},"3":{"loc":{"start":{"line":12,"column":17},"end":{"line":12,"column":150}},"type":"binary-expr","locations":[{"start":{"line":12,"column":17},"end":{"line":12,"column":88}},{"start":{"line":12,"column":92},"end":{"line":12,"column":150}}],"line":12},"4":{"loc":{"start":{"line":23,"column":8},"end":{"line":25,"column":9}},"type":"if","locations":[{"start":{"line":23,"column":8},"end":{"line":25,"column":9}},{"start":{"line":23,"column":8},"end":{"line":25,"column":9}}],"line":23},"5":{"loc":{"start":{"line":23,"column":12},"end":{"line":23,"column":69}},"type":"binary-expr","locations":[{"start":{"line":23,"column":12},"end":{"line":23,"column":38}},{"start":{"line":23,"column":42},"end":{"line":23,"column":69}}],"line":23},"6":{"loc":{"start":{"line":28,"column":12},"end":{"line":33,"column":13}},"type":"if","locations":[{"start":{"line":28,"column":12},"end":{"line":33,"column":13}},{"start":{"line":28,"column":12},"end":{"line":33,"column":13}}],"line":28},"7":{"loc":{"start":{"line":34,"column":12},"end":{"line":45,"column":13}},"type":"if","locations":[{"start":{"line":34,"column":12},"end":{"line":45,"column":13}},{"start":{"line":34,"column":12},"end":{"line":45,"column":13}}],"line":34},"8":{"loc":{"start":{"line":37,"column":17},"end":{"line":45,"column":13}},"type":"if","locations":[{"start":{"line":37,"column":17},"end":{"line":45,"column":13}},{"start":{"line":37,"column":17},"end":{"line":45,"column":13}}],"line":37},"9":{"loc":{"start":{"line":40,"column":17},"end":{"line":45,"column":13}},"type":"if","locations":[{"start":{"line":40,"column":17},"end":{"line":45,"column":13}},{"start":{"line":40,"column":17},"end":{"line":45,"column":13}}],"line":40}},"s":{"0":1,"1":1,"2":0,"3":0,"4":0,"5":0,"6":0,"7":0,"8":0,"9":0,"10":0,"11":0,"12":0,"13":0,"14":0,"15":0,"16":0,"17":0,"18":0,"19":0,"20":0,"21":0,"22":0,"23":0,"24":0,"25":0,"26":0,"27":0,"28":0,"29":0,"30":1},"f":{"0":0,"1":0,"2":0},"b":{"0":[0,0],"1":[0,0],"2":[0,0],"3":[0,0],"4":[0,0],"5":[0,0],"6":[0,0],"7":[0,0],"8":[0,0],"9":[0,0]},"_coverageSchema":"43e27e138ebf9cfc5966b082cf9a028302ed4184","hash":"6f9c6730acb7919a4776c56be95b2b762865ba9b","contentHash":"dbc68b98683457e74c25cd878c183a74"},"C:\\Cavepot\\Git\\kiwi\\dist\\src\\helpers\\parser.js":{"path":"C:\\Cavepot\\Git\\kiwi\\dist\\src\\helpers\\parser.js","statementMap":{"0":{"start":{"line":2,"column":16},"end":{"line":9,"column":1}},"1":{"start":{"line":3,"column":4},"end":{"line":8,"column":7}},"2":{"start":{"line":4,"column":36},"end":{"line":4,"column":97}},"3":{"start":{"line":4,"column":42},"end":{"line":4,"column":70}},"4":{"start":{"line":4,"column":85},"end":{"line":4,"column":95}},"5":{"start":{"line":5,"column":35},"end":{"line":5,"column":100}},"6":{"start":{"line":5,"column":41},"end":{"line":5,"column":73}},"7":{"start":{"line":5,"column":88},"end":{"line":5,"column":98}},"8":{"start":{"line":6,"column":32},"end":{"line":6,"column":149}},"9":{"start":{"line":6,"column":97},"end":{"line":6,"column":119}},"10":{"start":{"line":7,"column":8},"end":{"line":7,"column":78}},"11":{"start":{"line":10,"column":0},"end":{"line":10,"column":62}},"12":{"start":{"line":11,"column":17},"end":{"line":11,"column":34}},"13":{"start":{"line":14,"column":8},"end":{"line":30,"column":11}},"14":{"start":{"line":15,"column":20},"end":{"line":19,"column":14}},"15":{"start":{"line":16,"column":27},"end":{"line":16,"column":29}},"16":{"start":{"line":17,"column":16},"end":{"line":17,"column":59}},"17":{"start":{"line":17,"column":44},"end":{"line":17,"column":57}},"18":{"start":{"line":18,"column":16},"end":{"line":18,"column":55}},"19":{"start":{"line":18,"column":40},"end":{"line":18,"column":53}},"20":{"start":{"line":20,"column":23},"end":{"line":28,"column":14}},"21":{"start":{"line":21,"column":16},"end":{"line":23,"column":17}},"22":{"start":{"line":22,"column":20},"end":{"line":22,"column":32}},"23":{"start":{"line":24,"column":16},"end":{"line":26,"column":17}},"24":{"start":{"line":25,"column":20},"end":{"line":25,"column":46}},"25":{"start":{"line":27,"column":16},"end":{"line":27,"column":30}},"26":{"start":{"line":29,"column":12},"end":{"line":29,"column":24}},"27":{"start":{"line":33,"column":0},"end":{"line":33,"column":36}}},"fnMap":{"0":{"name":"(anonymous_0)","decl":{"start":{"line":2,"column":44},"end":{"line":2,"column":45}},"loc":{"start":{"line":2,"column":89},"end":{"line":9,"column":1}},"line":2},"1":{"name":"(anonymous_1)","decl":{"start":{"line":3,"column":36},"end":{"line":3,"column":37}},"loc":{"start":{"line":3,"column":63},"end":{"line":8,"column":5}},"line":3},"2":{"name":"fulfilled","decl":{"start":{"line":4,"column":17},"end":{"line":4,"column":26}},"loc":{"start":{"line":4,"column":34},"end":{"line":4,"column":99}},"line":4},"3":{"name":"rejected","decl":{"start":{"line":5,"column":17},"end":{"line":5,"column":25}},"loc":{"start":{"line":5,"column":33},"end":{"line":5,"column":102}},"line":5},"4":{"name":"step","decl":{"start":{"line":6,"column":17},"end":{"line":6,"column":21}},"loc":{"start":{"line":6,"column":30},"end":{"line":6,"column":151}},"line":6},"5":{"name":"(anonymous_5)","decl":{"start":{"line":6,"column":76},"end":{"line":6,"column":77}},"loc":{"start":{"line":6,"column":95},"end":{"line":6,"column":121}},"line":6},"6":{"name":"(anonymous_6)","decl":{"start":{"line":13,"column":4},"end":{"line":13,"column":5}},"loc":{"start":{"line":13,"column":19},"end":{"line":31,"column":5}},"line":13},"7":{"name":"(anonymous_7)","decl":{"start":{"line":14,"column":47},"end":{"line":14,"column":48}},"loc":{"start":{"line":14,"column":60},"end":{"line":30,"column":9}},"line":14},"8":{"name":"(anonymous_8)","decl":{"start":{"line":15,"column":32},"end":{"line":15,"column":33}},"loc":{"start":{"line":15,"column":53},"end":{"line":19,"column":13}},"line":15},"9":{"name":"(anonymous_9)","decl":{"start":{"line":17,"column":35},"end":{"line":17,"column":36}},"loc":{"start":{"line":17,"column":44},"end":{"line":17,"column":57}},"line":17},"10":{"name":"(anonymous_10)","decl":{"start":{"line":18,"column":34},"end":{"line":18,"column":35}},"loc":{"start":{"line":18,"column":40},"end":{"line":18,"column":53}},"line":18},"11":{"name":"(anonymous_11)","decl":{"start":{"line":20,"column":36},"end":{"line":20,"column":37}},"loc":{"start":{"line":20,"column":48},"end":{"line":28,"column":13}},"line":20}},"branchMap":{"0":{"loc":{"start":{"line":2,"column":16},"end":{"line":9,"column":1}},"type":"binary-expr","locations":[{"start":{"line":2,"column":17},"end":{"line":2,"column":21}},{"start":{"line":2,"column":25},"end":{"line":2,"column":39}},{"start":{"line":2,"column":44},"end":{"line":9,"column":1}}],"line":2},"1":{"loc":{"start":{"line":3,"column":16},"end":{"line":3,"column":34}},"type":"binary-expr","locations":[{"start":{"line":3,"column":16},"end":{"line":3,"column":17}},{"start":{"line":3,"column":22},"end":{"line":3,"column":33}}],"line":3},"2":{"loc":{"start":{"line":6,"column":32},"end":{"line":6,"column":148}},"type":"cond-expr","locations":[{"start":{"line":6,"column":46},"end":{"line":6,"column":67}},{"start":{"line":6,"column":70},"end":{"line":6,"column":148}}],"line":6},"3":{"loc":{"start":{"line":7,"column":51},"end":{"line":7,"column":67}},"type":"binary-expr","locations":[{"start":{"line":7,"column":51},"end":{"line":7,"column":61}},{"start":{"line":7,"column":65},"end":{"line":7,"column":67}}],"line":7},"4":{"loc":{"start":{"line":21,"column":16},"end":{"line":23,"column":17}},"type":"if","locations":[{"start":{"line":21,"column":16},"end":{"line":23,"column":17}},{"start":{"line":21,"column":16},"end":{"line":23,"column":17}}],"line":21},"5":{"loc":{"start":{"line":21,"column":20},"end":{"line":21,"column":59}},"type":"binary-expr","locations":[{"start":{"line":21,"column":20},"end":{"line":21,"column":42}},{"start":{"line":21,"column":46},"end":{"line":21,"column":59}}],"line":21},"6":{"loc":{"start":{"line":24,"column":16},"end":{"line":26,"column":17}},"type":"if","locations":[{"start":{"line":24,"column":16},"end":{"line":26,"column":17}},{"start":{"line":24,"column":16},"end":{"line":26,"column":17}}],"line":24}},"s":{"0":1,"1":0,"2":0,"3":0,"4":0,"5":0,"6":0,"7":0,"8":0,"9":0,"10":0,"11":1,"12":1,"13":0,"14":0,"15":0,"16":0,"17":0,"18":0,"19":0,"20":0,"21":0,"22":0,"23":0,"24":0,"25":0,"26":0,"27":1},"f":{"0":0,"1":0,"2":0,"3":0,"4":0,"5":0,"6":0,"7":0,"8":0,"9":0,"10":0,"11":0},"b":{"0":[1,1,1],"1":[0,0],"2":[0,0],"3":[0,0],"4":[0,0],"5":[0,0],"6":[0,0]},"_coverageSchema":"43e27e138ebf9cfc5966b082cf9a028302ed4184","hash":"7acdd2b3012a2e631b332324be5bf7ce0dfa1749","contentHash":"8126eb6cfb6d53cb3b288a41ec92d230"},"C:\\Cavepot\\Git\\kiwi\\dist\\src\\decorators\\get.js":{"path":"C:\\Cavepot\\Git\\kiwi\\dist\\src\\decorators\\get.js","statementMap":{"0":{"start":{"line":2,"column":0},"end":{"line":2,"column":62}},"1":{"start":{"line":3,"column":26},"end":{"line":3,"column":64}},"2":{"start":{"line":5,"column":4},"end":{"line":12,"column":6}},"3":{"start":{"line":6,"column":8},"end":{"line":11,"column":11}},"4":{"start":{"line":14,"column":0},"end":{"line":14,"column":18}}},"fnMap":{"0":{"name":"Get","decl":{"start":{"line":4,"column":9},"end":{"line":4,"column":12}},"loc":{"start":{"line":4,"column":19},"end":{"line":13,"column":1}},"line":4},"1":{"name":"(anonymous_1)","decl":{"start":{"line":5,"column":11},"end":{"line":5,"column":12}},"loc":{"start":{"line":5,"column":41},"end":{"line":12,"column":5}},"line":5}},"branchMap":{},"s":{"0":1,"1":1,"2":7,"3":7,"4":1},"f":{"0":7,"1":7},"b":{},"_coverageSchema":"43e27e138ebf9cfc5966b082cf9a028302ed4184","hash":"61956900334ed94934ab42dbeab23481ad173fd3","contentHash":"c3ea2ea03167da49185eecd17904e45d"},"C:\\Cavepot\\Git\\kiwi\\dist\\src\\decorators\\post.js":{"path":"C:\\Cavepot\\Git\\kiwi\\dist\\src\\decorators\\post.js","statementMap":{"0":{"start":{"line":2,"column":0},"end":{"line":2,"column":62}},"1":{"start":{"line":3,"column":26},"end":{"line":3,"column":64}},"2":{"start":{"line":5,"column":4},"end":{"line":12,"column":6}},"3":{"start":{"line":6,"column":8},"end":{"line":11,"column":11}},"4":{"start":{"line":14,"column":0},"end":{"line":14,"column":20}}},"fnMap":{"0":{"name":"Post","decl":{"start":{"line":4,"column":9},"end":{"line":4,"column":13}},"loc":{"start":{"line":4,"column":20},"end":{"line":13,"column":1}},"line":4},"1":{"name":"(anonymous_1)","decl":{"start":{"line":5,"column":11},"end":{"line":5,"column":12}},"loc":{"start":{"line":5,"column":41},"end":{"line":12,"column":5}},"line":5}},"branchMap":{"0":{"loc":{"start":{"line":7,"column":18},"end":{"line":7,"column":34}},"type":"cond-expr","locations":[{"start":{"line":7,"column":25},"end":{"line":7,"column":29}},{"start":{"line":7,"column":32},"end":{"line":7,"column":34}}],"line":7}},"s":{"0":1,"1":1,"2":4,"3":4,"4":1},"f":{"0":4,"1":4},"b":{"0":[4,0]},"_coverageSchema":"43e27e138ebf9cfc5966b082cf9a028302ed4184","hash":"f82e0de1831f83029cadaaa8a5148ba1300aaffb","contentHash":"4024500b1a7fbe44650ff0bb01c31319"},"C:\\Cavepot\\Git\\kiwi\\dist\\src\\decorators\\put.js":{"path":"C:\\Cavepot\\Git\\kiwi\\dist\\src\\decorators\\put.js","statementMap":{"0":{"start":{"line":2,"column":0},"end":{"line":2,"column":62}},"1":{"start":{"line":3,"column":26},"end":{"line":3,"column":64}},"2":{"start":{"line":5,"column":4},"end":{"line":12,"column":6}},"3":{"start":{"line":6,"column":8},"end":{"line":11,"column":11}},"4":{"start":{"line":14,"column":0},"end":{"line":14,"column":18}}},"fnMap":{"0":{"name":"Put","decl":{"start":{"line":4,"column":9},"end":{"line":4,"column":12}},"loc":{"start":{"line":4,"column":19},"end":{"line":13,"column":1}},"line":4},"1":{"name":"(anonymous_1)","decl":{"start":{"line":5,"column":11},"end":{"line":5,"column":12}},"loc":{"start":{"line":5,"column":41},"end":{"line":12,"column":5}},"line":5}},"branchMap":{"0":{"loc":{"start":{"line":7,"column":18},"end":{"line":7,"column":34}},"type":"cond-expr","locations":[{"start":{"line":7,"column":25},"end":{"line":7,"column":29}},{"start":{"line":7,"column":32},"end":{"line":7,"column":34}}],"line":7}},"s":{"0":1,"1":1,"2":0,"3":0,"4":1},"f":{"0":0,"1":0},"b":{"0":[0,0]},"_coverageSchema":"43e27e138ebf9cfc5966b082cf9a028302ed4184","hash":"0633fb9bb4bc80f170e80cee8c1116fc510c15cc","contentHash":"ec3c550c0da2cb3f8b43b2df3cfb3fcb"},"C:\\Cavepot\\Git\\kiwi\\dist\\src\\decorators\\delete.js":{"path":"C:\\Cavepot\\Git\\kiwi\\dist\\src\\decorators\\delete.js","statementMap":{"0":{"start":{"line":2,"column":0},"end":{"line":2,"column":62}},"1":{"start":{"line":3,"column":26},"end":{"line":3,"column":64}},"2":{"start":{"line":5,"column":4},"end":{"line":12,"column":6}},"3":{"start":{"line":6,"column":8},"end":{"line":11,"column":11}},"4":{"start":{"line":14,"column":0},"end":{"line":14,"column":24}}},"fnMap":{"0":{"name":"Delete","decl":{"start":{"line":4,"column":9},"end":{"line":4,"column":15}},"loc":{"start":{"line":4,"column":22},"end":{"line":13,"column":1}},"line":4},"1":{"name":"(anonymous_1)","decl":{"start":{"line":5,"column":11},"end":{"line":5,"column":12}},"loc":{"start":{"line":5,"column":41},"end":{"line":12,"column":5}},"line":5}},"branchMap":{"0":{"loc":{"start":{"line":7,"column":18},"end":{"line":7,"column":34}},"type":"cond-expr","locations":[{"start":{"line":7,"column":25},"end":{"line":7,"column":29}},{"start":{"line":7,"column":32},"end":{"line":7,"column":34}}],"line":7}},"s":{"0":1,"1":1,"2":0,"3":0,"4":1},"f":{"0":0,"1":0},"b":{"0":[0,0]},"_coverageSchema":"43e27e138ebf9cfc5966b082cf9a028302ed4184","hash":"09e51ce9748d124065aa88cae0fe720de36e3163","contentHash":"a2a8d2e60f5197f0fe6a3e9284ea0ebd"},"C:\\Cavepot\\Git\\kiwi\\dist\\src\\types\\types.js":{"path":"C:\\Cavepot\\Git\\kiwi\\dist\\src\\types\\types.js","statementMap":{"0":{"start":{"line":2,"column":0},"end":{"line":2,"column":62}},"1":{"start":{"line":3,"column":17},"end":{"line":3,"column":34}},"2":{"start":{"line":6,"column":8},"end":{"line":6,"column":61}},"3":{"start":{"line":7,"column":8},"end":{"line":7,"column":76}},"4":{"start":{"line":10,"column":0},"end":{"line":10,"column":46}}},"fnMap":{"0":{"name":"(anonymous_0)","decl":{"start":{"line":5,"column":4},"end":{"line":5,"column":5}},"loc":{"start":{"line":5,"column":33},"end":{"line":8,"column":5}},"line":5}},"branchMap":{"0":{"loc":{"start":{"line":6,"column":22},"end":{"line":6,"column":60}},"type":"cond-expr","locations":[{"start":{"line":6,"column":47},"end":{"line":6,"column":51}},{"start":{"line":6,"column":54},"end":{"line":6,"column":60}}],"line":6},"1":{"loc":{"start":{"line":7,"column":23},"end":{"line":7,"column":75}},"type":"cond-expr","locations":[{"start":{"line":7,"column":49},"end":{"line":7,"column":65}},{"start":{"line":7,"column":68},"end":{"line":7,"column":75}}],"line":7}},"s":{"0":1,"1":1,"2":0,"3":0,"4":1},"f":{"0":0},"b":{"0":[0,0],"1":[0,0]},"_coverageSchema":"43e27e138ebf9cfc5966b082cf9a028302ed4184","hash":"b017805c2a2176ac8208aa293fc99f840c1c6981","contentHash":"ccffdee402f553cdcf34924b71a90b3e"},"C:\\Cavepot\\Git\\kiwi\\dist\\src\\decorators\\jsonController.js":{"path":"C:\\Cavepot\\Git\\kiwi\\dist\\src\\decorators\\jsonController.js","statementMap":{"0":{"start":{"line":2,"column":0},"end":{"line":2,"column":62}},"1":{"start":{"line":3,"column":26},"end":{"line":3,"column":64}},"2":{"start":{"line":5,"column":4},"end":{"line":10,"column":6}},"3":{"start":{"line":6,"column":8},"end":{"line":9,"column":11}},"4":{"start":{"line":12,"column":0},"end":{"line":12,"column":40}}},"fnMap":{"0":{"name":"JsonController","decl":{"start":{"line":4,"column":9},"end":{"line":4,"column":23}},"loc":{"start":{"line":4,"column":30},"end":{"line":11,"column":1}},"line":4},"1":{"name":"decorator","decl":{"start":{"line":5,"column":20},"end":{"line":5,"column":29}},"loc":{"start":{"line":5,"column":38},"end":{"line":10,"column":5}},"line":5}},"branchMap":{},"s":{"0":1,"1":1,"2":3,"3":3,"4":1},"f":{"0":3,"1":3},"b":{},"_coverageSchema":"43e27e138ebf9cfc5966b082cf9a028302ed4184","hash":"3363143dcfe88f1bc0b09a4869ecd09975ff3f93","contentHash":"bdb5a556cd9fe43451a2cab0c75f965c"},"C:\\Cavepot\\Git\\kiwi\\dist\\src\\decorators\\param.js":{"path":"C:\\Cavepot\\Git\\kiwi\\dist\\src\\decorators\\param.js","statementMap":{"0":{"start":{"line":2,"column":0},"end":{"line":2,"column":62}},"1":{"start":{"line":3,"column":26},"end":{"line":3,"column":64}},"2":{"start":{"line":5,"column":4},"end":{"line":14,"column":6}},"3":{"start":{"line":6,"column":8},"end":{"line":13,"column":11}},"4":{"start":{"line":16,"column":0},"end":{"line":16,"column":22}}},"fnMap":{"0":{"name":"Param","decl":{"start":{"line":4,"column":9},"end":{"line":4,"column":14}},"loc":{"start":{"line":4,"column":21},"end":{"line":15,"column":1}},"line":4},"1":{"name":"(anonymous_1)","decl":{"start":{"line":5,"column":11},"end":{"line":5,"column":12}},"loc":{"start":{"line":5,"column":53},"end":{"line":14,"column":5}},"line":5}},"branchMap":{},"s":{"0":1,"1":1,"2":10,"3":10,"4":1},"f":{"0":10,"1":10},"b":{},"_coverageSchema":"43e27e138ebf9cfc5966b082cf9a028302ed4184","hash":"a6b286a4fdd7203596eff7aa4d01e7e5f41f04fc","contentHash":"660fb36d88dfdfbf303861223d21745b"},"C:\\Cavepot\\Git\\kiwi\\dist\\src\\decorators\\queryParam.js":{"path":"C:\\Cavepot\\Git\\kiwi\\dist\\src\\decorators\\queryParam.js","statementMap":{"0":{"start":{"line":2,"column":0},"end":{"line":2,"column":62}},"1":{"start":{"line":3,"column":26},"end":{"line":3,"column":64}},"2":{"start":{"line":5,"column":4},"end":{"line":13,"column":6}},"3":{"start":{"line":6,"column":8},"end":{"line":12,"column":11}},"4":{"start":{"line":15,"column":0},"end":{"line":15,"column":32}}},"fnMap":{"0":{"name":"QueryParam","decl":{"start":{"line":4,"column":9},"end":{"line":4,"column":19}},"loc":{"start":{"line":4,"column":22},"end":{"line":14,"column":1}},"line":4},"1":{"name":"(anonymous_1)","decl":{"start":{"line":5,"column":11},"end":{"line":5,"column":12}},"loc":{"start":{"line":5,"column":53},"end":{"line":13,"column":5}},"line":5}},"branchMap":{},"s":{"0":1,"1":1,"2":1,"3":1,"4":1},"f":{"0":1,"1":1},"b":{},"_coverageSchema":"43e27e138ebf9cfc5966b082cf9a028302ed4184","hash":"efcbb34e917498d909eb16b1e5be08a108743af7","contentHash":"875598333cfcf43f786b4f5fc19c7284"},"C:\\Cavepot\\Git\\kiwi\\dist\\src\\decorators\\headerParam.js":{"path":"C:\\Cavepot\\Git\\kiwi\\dist\\src\\decorators\\headerParam.js","statementMap":{"0":{"start":{"line":2,"column":0},"end":{"line":2,"column":62}},"1":{"start":{"line":3,"column":26},"end":{"line":3,"column":64}},"2":{"start":{"line":5,"column":4},"end":{"line":13,"column":6}},"3":{"start":{"line":6,"column":8},"end":{"line":12,"column":11}},"4":{"start":{"line":15,"column":0},"end":{"line":15,"column":34}}},"fnMap":{"0":{"name":"HeaderParam","decl":{"start":{"line":4,"column":9},"end":{"line":4,"column":20}},"loc":{"start":{"line":4,"column":27},"end":{"line":14,"column":1}},"line":4},"1":{"name":"(anonymous_1)","decl":{"start":{"line":5,"column":11},"end":{"line":5,"column":12}},"loc":{"start":{"line":5,"column":53},"end":{"line":13,"column":5}},"line":5}},"branchMap":{},"s":{"0":1,"1":1,"2":4,"3":4,"4":1},"f":{"0":4,"1":4},"b":{},"_coverageSchema":"43e27e138ebf9cfc5966b082cf9a028302ed4184","hash":"6f85edcb2ce2f4e76ec602b3ca14b78266d433f2","contentHash":"de99f90a5dc3f43a3d6069fed76f2c2b"},"C:\\Cavepot\\Git\\kiwi\\dist\\src\\decorators\\body.js":{"path":"C:\\Cavepot\\Git\\kiwi\\dist\\src\\decorators\\body.js","statementMap":{"0":{"start":{"line":2,"column":0},"end":{"line":2,"column":62}},"1":{"start":{"line":3,"column":26},"end":{"line":3,"column":64}},"2":{"start":{"line":5,"column":4},"end":{"line":14,"column":6}},"3":{"start":{"line":6,"column":8},"end":{"line":13,"column":11}},"4":{"start":{"line":16,"column":0},"end":{"line":16,"column":20}}},"fnMap":{"0":{"name":"Body","decl":{"start":{"line":4,"column":9},"end":{"line":4,"column":13}},"loc":{"start":{"line":4,"column":16},"end":{"line":15,"column":1}},"line":4},"1":{"name":"(anonymous_1)","decl":{"start":{"line":5,"column":11},"end":{"line":5,"column":12}},"loc":{"start":{"line":5,"column":53},"end":{"line":14,"column":5}},"line":5}},"branchMap":{},"s":{"0":1,"1":1,"2":4,"3":4,"4":1},"f":{"0":4,"1":4},"b":{},"_coverageSchema":"43e27e138ebf9cfc5966b082cf9a028302ed4184","hash":"2219560b3e959ab6419b0f2ccb633210dd5207f8","contentHash":"a7958e20a0cc3eea9097e26de55e4a13"},"C:\\Cavepot\\Git\\kiwi\\dist\\src\\decorators\\authorize.js":{"path":"C:\\Cavepot\\Git\\kiwi\\dist\\src\\decorators\\authorize.js","statementMap":{"0":{"start":{"line":2,"column":0},"end":{"line":2,"column":62}},"1":{"start":{"line":3,"column":26},"end":{"line":3,"column":64}},"2":{"start":{"line":4,"column":17},"end":{"line":4,"column":34}},"3":{"start":{"line":6,"column":4},"end":{"line":13,"column":6}},"4":{"start":{"line":7,"column":26},"end":{"line":7,"column":83}},"5":{"start":{"line":8,"column":8},"end":{"line":12,"column":11}},"6":{"start":{"line":15,"column":0},"end":{"line":15,"column":30}}},"fnMap":{"0":{"name":"Authorize","decl":{"start":{"line":5,"column":9},"end":{"line":5,"column":18}},"loc":{"start":{"line":5,"column":26},"end":{"line":14,"column":1}},"line":5},"1":{"name":"(anonymous_1)","decl":{"start":{"line":6,"column":11},"end":{"line":6,"column":12}},"loc":{"start":{"line":6,"column":41},"end":{"line":13,"column":5}},"line":6}},"branchMap":{"0":{"loc":{"start":{"line":7,"column":26},"end":{"line":7,"column":83}},"type":"cond-expr","locations":[{"start":{"line":7,"column":56},"end":{"line":7,"column":74}},{"start":{"line":7,"column":77},"end":{"line":7,"column":83}}],"line":7}},"s":{"0":1,"1":1,"2":1,"3":2,"4":2,"5":2,"6":1},"f":{"0":2,"1":2},"b":{"0":[1,1]},"_coverageSchema":"43e27e138ebf9cfc5966b082cf9a028302ed4184","hash":"59e2a159ab1f34fb9922e40370ae5591bfed3ebf","contentHash":"7a2aba9fde7ff9d332d45b9abfaeb0d1"},"C:\\Cavepot\\Git\\kiwi\\dist\\src\\decorators\\middlewareBefore.js":{"path":"C:\\Cavepot\\Git\\kiwi\\dist\\src\\decorators\\middlewareBefore.js","statementMap":{"0":{"start":{"line":2,"column":0},"end":{"line":2,"column":62}},"1":{"start":{"line":3,"column":26},"end":{"line":3,"column":64}},"2":{"start":{"line":5,"column":4},"end":{"line":10,"column":6}},"3":{"start":{"line":6,"column":8},"end":{"line":9,"column":11}},"4":{"start":{"line":12,"column":0},"end":{"line":12,"column":44}}},"fnMap":{"0":{"name":"MiddlewareBefore","decl":{"start":{"line":4,"column":9},"end":{"line":4,"column":25}},"loc":{"start":{"line":4,"column":33},"end":{"line":11,"column":1}},"line":4},"1":{"name":"decorator","decl":{"start":{"line":5,"column":20},"end":{"line":5,"column":29}},"loc":{"start":{"line":5,"column":38},"end":{"line":10,"column":5}},"line":5}},"branchMap":{"0":{"loc":{"start":{"line":8,"column":19},"end":{"line":8,
[...]
7":{"start":{"line":122,"column":16},"end":{"line":122,"column":72}},"78":{"start":{"line":123,"column":16},"end":{"line":126,"column":17}},"79":{"start":{"line":124,"column":20},"end":{"line":124,"column":96}},"80":{"start":{"line":125,"column":20},"end":{"line":125,"column":38}},"81":{"start":{"line":128,"column":12},"end":{"line":128,"column":16}},"82":{"start":{"line":130,"column":8},"end":{"line":130,"column":21}},"83":{"start":{"line":133,"column":31},"end":{"line":135,"column":10}},"84":{"start":{"line":134,"column":12},"end":{"line":134,"column":155}},"85":{"start":{"line":134,"column":91},"end":{"line":134,"column":146}},"86":{"start":{"line":136,"column":32},"end":{"line":138,"column":10}},"87":{"start":{"line":137,"column":12},"end":{"line":137,"column":155}},"88":{"start":{"line":137,"column":91},"end":{"line":137,"column":146}},"89":{"start":{"line":139,"column":8},"end":{"line":139,"column":98}},"90":{"start":{"line":140,"column":8},"end":{"line":140,"column":100}},"91":{"start":{"line":143,"column":8},"end":{"line":175,"column":11}},"92":{"start":{"line":144,"column":21},"end":{"line":144,"column":34}},"93":{"start":{"line":145,"column":28},"end":{"line":150,"column":13}},"94":{"start":{"line":151,"column":30},"end":{"line":151,"column":119}},"95":{"start":{"line":152,"column":28},"end":{"line":154,"column":14}},"96":{"start":{"line":155,"column":12},"end":{"line":155,"column":55}},"97":{"start":{"line":156,"column":27},"end":{"line":156,"column":53}},"98":{"start":{"line":157,"column":12},"end":{"line":173,"column":15}},"99":{"start":{"line":158,"column":16},"end":{"line":158,"column":40}},"100":{"start":{"line":159,"column":16},"end":{"line":172,"column":19}},"101":{"start":{"line":160,"column":31},"end":{"line":160,"column":72}},"102":{"start":{"line":161,"column":33},"end":{"line":161,"column":58}},"103":{"start":{"line":162,"column":20},"end":{"line":167,"column":22}},"104":{"start":{"line":168,"column":33},"end":{"line":168,"column":80}},"105":{"start":{"line":169,"column":20},"end":{"line":171,"column":21}},"106":{"start":{"line":170,"column":24},"end":{"line":170,"column":73}},"107":{"start":{"line":174,"column":31},"end":{"line":174,"column":105}},"108":{"start":{"line":178,"column":19},"end":{"line":178,"column":104}},"109":{"start":{"line":179,"column":8},"end":{"line":179,"column":49}},"110":{"start":{"line":180,"column":8},"end":{"line":180,"column":20}},"111":{"start":{"line":183,"column":23},"end":{"line":183,"column":25}},"112":{"start":{"line":184,"column":8},"end":{"line":187,"column":11}},"113":{"start":{"line":185,"column":26},"end":{"line":185,"column":87}},"114":{"start":{"line":185,"column":67},"end":{"line":185,"column":86}},"115":{"start":{"line":186,"column":12},"end":{"line":186,"column":120}},"116":{"start":{"line":188,"column":8},"end":{"line":188,"column":22}},"117":{"start":{"line":191,"column":25},"end":{"line":191,"column":27}},"118":{"start":{"line":192,"column":8},"end":{"line":205,"column":11}},"119":{"start":{"line":193,"column":12},"end":{"line":204,"column":13}},"120":{"start":{"line":194,"column":30},"end":{"line":194,"column":102}},"121":{"start":{"line":195,"column":29},"end":{"line":195,"column":47}},"122":{"start":{"line":196,"column":16},"end":{"line":203,"column":19}},"123":{"start":{"line":206,"column":8},"end":{"line":206,"column":24}},"124":{"start":{"line":209,"column":21},"end":{"line":209,"column":76}},"125":{"start":{"line":209,"column":54},"end":{"line":209,"column":75}},"126":{"start":{"line":210,"column":8},"end":{"line":212,"column":9}},"127":{"start":{"line":211,"column":12},"end":{"line":211,"column":24}},"128":{"start":{"line":213,"column":22},"end":{"line":213,"column":92}},"129":{"start":{"line":214,"column":21},"end":{"line":214,"column":38}},"130":{"start":{"line":215,"column":28},"end":{"line":225,"column":9}},"131":{"start":{"line":226,"column":8},"end":{"line":226,"column":27}},"132":{"start":{"line":229,"column":0},"end":{"line":229,"column":50}}},"fnMap":{"0":{"name":"(anonymous_0)","decl":{"start":{"line":2,"column":44},"end":{"line":2,"column":45}},"loc":{"start":{"line":2,"column":89},"end":{"line":9,"column":1}},"line":2},"1":{"name":"(anonymous_1)","decl":{"start":{"line":3,"column":36},"end":{"line":3,"column":37}},"loc":{"start":{"line":3,"column":63},"end":{"line":8,"column":5}},"line":3},"2":{"name":"fulfilled","decl":{"start":{"line":4,"column":17},"end":{"line":4,"column":26}},"loc":{"start":{"line":4,"column":34},"end":{"line":4,"column":99}},"line":4},"3":{"name":"rejected","decl":{"start":{"line":5,"column":17},"end":{"line":5,"column":25}},"loc":{"start":{"line":5,"column":33},"end":{"line":5,"column":102}},"line":5},"4":{"name":"step","decl":{"start":{"line":6,"column":17},"end":{"line":6,"column":21}},"loc":{"start":{"line":6,"column":30},"end":{"line":6,"column":151}},"line":6},"5":{"name":"(anonymous_5)","decl":{"start":{"line":6,"column":76},"end":{"line":6,"column":77}},"loc":{"start":{"line":6,"column":95},"end":{"line":6,"column":121}},"line":6},"6":{"name":"(anonymous_6)","decl":{"start":{"line":16,"column":4},"end":{"line":16,"column":5}},"loc":{"start":{"line":16,"column":25},"end":{"line":20,"column":5}},"line":16},"7":{"name":"(anonymous_7)","decl":{"start":{"line":22,"column":4},"end":{"line":22,"column":5}},"loc":{"start":{"line":22,"column":25},"end":{"line":26,"column":5}},"line":22},"8":{"name":"(anonymous_8)","decl":{"start":{"line":28,"column":4},"end":{"line":28,"column":5}},"loc":{"start":{"line":28,"column":30},"end":{"line":32,"column":5}},"line":28},"9":{"name":"(anonymous_9)","decl":{"start":{"line":33,"column":4},"end":{"line":33,"column":5}},"loc":{"start":{"line":33,"column":29},"end":{"line":37,"column":5}},"line":33},"10":{"name":"(anonymous_10)","decl":{"start":{"line":39,"column":4},"end":{"line":39,"column":5}},"loc":{"start":{"line":39,"column":24},"end":{"line":43,"column":5}},"line":39},"11":{"name":"(anonymous_11)","decl":{"start":{"line":45,"column":4},"end":{"line":45,"column":5}},"loc":{"start":{"line":45,"column":35},"end":{"line":49,"column":5}},"line":45},"12":{"name":"(anonymous_12)","decl":{"start":{"line":51,"column":4},"end":{"line":51,"column":5}},"loc":{"start":{"line":51,"column":34},"end":{"line":55,"column":5}},"line":51},"13":{"name":"(anonymous_13)","decl":{"start":{"line":57,"column":4},"end":{"line":57,"column":5}},"loc":{"start":{"line":57,"column":30},"end":{"line":61,"column":5}},"line":57},"14":{"name":"(anonymous_14)","decl":{"start":{"line":63,"column":4},"end":{"line":63,"column":5}},"loc":{"start":{"line":63,"column":27},"end":{"line":67,"column":5}},"line":63},"15":{"name":"(anonymous_15)","decl":{"start":{"line":69,"column":4},"end":{"line":69,"column":5}},"loc":{"start":{"line":69,"column":24},"end":{"line":73,"column":5}},"line":69},"16":{"name":"(anonymous_16)","decl":{"start":{"line":75,"column":4},"end":{"line":75,"column":5}},"loc":{"start":{"line":75,"column":33},"end":{"line":108,"column":5}},"line":75},"17":{"name":"(anonymous_17)","decl":{"start":{"line":79,"column":69},"end":{"line":79,"column":70}},"loc":{"start":{"line":79,"column":81},"end":{"line":81,"column":9}},"line":79},"18":{"name":"(anonymous_18)","decl":{"start":{"line":80,"column":67},"end":{"line":80,"column":68}},"loc":{"start":{"line":80,"column":83},"end":{"line":80,"column":130}},"line":80},"19":{"name":"(anonymous_19)","decl":{"start":{"line":82,"column":54},"end":{"line":82,"column":55}},"loc":{"start":{"line":82,"column":66},"end":{"line":106,"column":9}},"line":82},"20":{"name":"(anonymous_20)","decl":{"start":{"line":83,"column":78},"end":{"line":83,"column":79}},"loc":{"start":{"line":83,"column":94},"end":{"line":85,"column":13}},"line":83},"21":{"name":"(anonymous_21)","decl":{"start":{"line":90,"column":75},"end":{"line":90,"column":76}},"loc":{"start":{"line":90,"column":85},"end":{"line":93,"column":13}},"line":90},"22":{"name":"(anonymous_22)","decl":{"start":{"line":102,"column":69},"end":{"line":102,"column":70}},"loc":{"start":{"line":102,"column":80},"end":{"line":104,"column":13}},"line":102},"23":{"name":"(anonymous_23)","decl":{"start":{"line":109,"column":4},"end":{"line":109,"column":5}},"loc":{"start":{"line":109,"column":41},"end":{"line":131,"column":5}},"line":109},"24":{"name":"(anonymous_24)","decl":{"start":{"line":132,"column":4},"end":{"line":132,"column":5}},"loc":{"start":{"line":132,"column":45},"end":{"line":141,"column":5}},"line":132},"25":{"name":"(anonymous_25)","decl":{"start":{"line":133,"column":81},"end":{"line":133,"column":82}},"loc":{"start":{"line":133,"column":97},"end":{"line":135,"column":9}},"line":133},"26":{"name":"(anonymous_26)","decl":{"start":{"line":134,"column":67},"end":{"line":134,"column":68}},"loc":{"start":{"line":134,"column":89},"end":{"line":134,"column":148}},"line":134},"27":{"name":"(anonymous_27)","decl":{"start":{"line":136,"column":83},"end":{"line":136,"column":84}},"loc":{"start":{"line":136,"column":99},"end":{"line":138,"column":9}},"line":136},"28":{"name":"(anonymous_28)","decl":{"start":{"line":137,"column":67},"end":{"line":137,"column":68}},"loc":{"start":{"line":137,"column":89},"end":{"line":137,"column":148}},"line":137},"29":{"name":"(anonymous_29)","decl":{"start":{"line":142,"column":4},"end":{"line":142,"column":5}},"loc":{"start":{"line":142,"column":32},"end":{"line":176,"column":5}},"line":142},"30":{"name":"(anonymous_30)","decl":{"start":{"line":143,"column":47},"end":{"line":143,"column":48}},"loc":{"start":{"line":143,"column":60},"end":{"line":175,"column":9}},"line":143},"31":{"name":"(anonymous_31)","decl":{"start":{"line":157,"column":50},"end":{"line":157,"column":51}},"loc":{"start":{"line":157,"column":59},"end":{"line":173,"column":13}},"line":157},"32":{"name":"(anonymous_32)","decl":{"start":{"line":159,"column":59},"end":{"line":159,"column":60}},"loc":{"start":{"line":159,"column":71},"end":{"line":172,"column":17}},"line":159},"33":{"name":"(anonymous_33)","decl":{"start":{"line":177,"column":4},"end":{"line":177,"column":5}},"loc":{"start":{"line":177,"column":52},"end":{"line":181,"column":5}},"line":177},"34":{"name":"(anonymous_34)","decl":{"start":{"line":182,"column":4},"end":{"line":182,"column":5}},"loc":{"start":{"line":182,"column":55},"end":{"line":189,"column":5}},"line":182},"35":{"name":"(anonymous_35)","decl":{"start":{"line":184,"column":39},"end":{"line":184,"column":40}},"loc":{"start":{"line":184,"column":50},"end":{"line":187,"column":9}},"line":184},"36":{"name":"(anonymous_36)","decl":{"start":{"line":185,"column":57},"end":{"line":185,"column":58}},"loc":{"start":{"line":185,"column":67},"end":{"line":185,"column":86}},"line":185},"37":{"name":"(anonymous_37)","decl":{"start":{"line":190,"column":4},"end":{"line":190,"column":5}},"loc":{"start":{"line":190,"column":33},"end":{"line":207,"column":5}},"line":190},"38":{"name":"(anonymous_38)","decl":{"start":{"line":192,"column":33},"end":{"line":192,"column":34}},"loc":{"start":{"line":192,"column":44},"end":{"line":205,"column":9}},"line":192},"39":{"name":"(anonymous_39)","decl":{"start":{"line":208,"column":4},"end":{"line":208,"column":5}},"loc":{"start":{"line":208,"column":34},"end":{"line":227,"column":5}},"line":208},"40":{"name":"(anonymous_40)","decl":{"start":{"line":209,"column":43},"end":{"line":209,"column":44}},"loc":{"start":{"line":209,"column":54},"end":{"line":209,"column":75}},"line":209}},"branchMap":{"0":{"loc":{"start":{"line":2,"column":16},"end":{"line":9,"column":1}},"type":"binary-expr","locations":[{"start":{"line":2,"column":17},"end":{"line":2,"column":21}},{"start":{"line":2,"column":25},"end":{"line":2,"column":39}},{"start":{"line":2,"column":44},"end":{"line":9,"column":1}}],"line":2},"1":{"loc":{"start":{"line":3,"column":16},"end":{"line":3,"column":34}},"type":"binary-expr","locations":[{"start":{"line":3,"column":16},"end":{"line":3,"column":17}},{"start":{"line":3,"column":22},"end":{"line":3,"column":33}}],"line":3},"2":{"loc":{"start":{"line":6,"column":32},"end":{"line":6,"column":148}},"type":"cond-expr","locations":[{"start":{"line":6,"column":46},"end":{"line":6,"column":67}},{"start":{"line":6,"column":70},"end":{"line":6,"column":148}}],"line":6},"3":{"loc":{"start":{"line":7,"column":51},"end":{"line":7,"column":67}},"type":"binary-expr","locations":[{"start":{"line":7,"column":51},"end":{"line":7,"column":61}},{"start":{"line":7,"column":65},"end":{"line":7,"column":67}}],"line":7},"4":{"loc":{"start":{"line":17,"column":8},"end":{"line":18,"column":56}},"type":"if","locations":[{"start":{"line":17,"column":8},"end":{"line":18,"column":56}},{"start":{"line":17,"column":8},"end":{"line":18,"column":56}}],"line":17},"5":{"loc":{"start":{"line":23,"column":8},"end":{"line":24,"column":55}},"type":"if","locations":[{"start":{"line":23,"column":8},"end":{"line":24,"column":55}},{"start":{"line":23,"column":8},"end":{"line":24,"column":55}}],"line":23},"6":{"loc":{"start":{"line":29,"column":8},"end":{"line":30,"column":56}},"type":"if","locations":[{"start":{"line":29,"column":8},"end":{"line":30,"column":56}},{"start":{"line":29,"column":8},"end":{"line":30,"column":56}}],"line":29},"7":{"loc":{"start":{"line":34,"column":8},"end":{"line":35,"column":56}},"type":"if","locations":[{"start":{"line":34,"column":8},"end":{"line":35,"column":56}},{"start":{"line":34,"column":8},"end":{"line":35,"column":56}}],"line":34},"8":{"loc":{"start":{"line":40,"column":8},"end":{"line":41,"column":56}},"type":"if","locations":[{"start":{"line":40,"column":8},"end":{"line":41,"column":56}},{"start":{"line":40,"column":8},"end":{"line":41,"column":56}}],"line":40},"9":{"loc":{"start":{"line":46,"column":8},"end":{"line":47,"column":56}},"type":"if","locations":[{"start":{"line":46,"column":8},"end":{"line":47,"column":56}},{"start":{"line":46,"column":8},"end":{"line":47,"column":56}}],"line":46},"10":{"loc":{"start":{"line":52,"column":8},"end":{"line":53,"column":56}},"type":"if","locations":[{"start":{"line":52,"column":8},"end":{"line":53,"column":56}},{"start":{"line":52,"column":8},"end":{"line":53,"column":56}}],"line":52},"11":{"loc":{"start":{"line":58,"column":8},"end":{"line":59,"column":56}},"type":"if","locations":[{"start":{"line":58,"column":8},"end":{"line":59,"column":56}},{"start":{"line":58,"column":8},"end":{"line":59,"column":56}}],"line":58},"12":{"loc":{"start":{"line":64,"column":8},"end":{"line":65,"column":56}},"type":"if","locations":[{"start":{"line":64,"column":8},"end":{"line":65,"column":56}},{"start":{"line":64,"column":8},"end":{"line":65,"column":56}}],"line":64},"13":{"loc":{"start":{"line":70,"column":8},"end":{"line":71,"column":56}},"type":"if","locations":[{"start":{"line":70,"column":8},"end":{"line":71,"column":56}},{"start":{"line":70,"column":8},"end":{"line":71,"column":56}}],"line":70},"14":{"loc":{"start":{"line":76,"column":8},"end":{"line":77,"column":56}},"type":"if","locations":[{"start":{"line":76,"column":8},"end":{"line":77,"column":56}},{"start":{"line":76,"column":8},"end":{"line":77,"column":56}}],"line":76},"15":{"loc":{"start":{"line":87,"column":12},"end":{"line":89,"column":13}},"type":"if","locations":[{"start":{"line":87,"column":12},"end":{"line":89,"column":13}},{"start":{"line":87,"column":12},"end":{"line":89,"column":13}}],"line":87},"16":{"loc":{"start":{"line":91,"column":23},"end":{"line":92,"column":104}},"type":"binary-expr","locations":[{"start":{"line":91,"column":24},"end":{"line":91,"column":55}},{"start":{"line":91,"column":59},"end":{"line":91,"column":100}},{"start":{"line":92,"column":21},"end":{"line":92,"column":58}},{"start":{"line":92,"column":62},"end":{"line":92,"column":103}}],"line":91},"17":{"loc":{"start":{"line":100,"column":23},"end":{"line":100,"column":72}},"type":"cond-expr","locations":[{"start":{"line":100,"column":52},"end":{"line":100,"column":67}},{"start":{"line":100,"column":70},"end":{"line":100,"column":72}}],"line":100},"18":{"loc":{"start":{"line":103,"column":23},"end":{"line":103,"column":101}},"type":"binary-expr","locations":[{"start":{"line":103,"column":23},"end":{"line":103,"column":59}},{"start":{"line":103,"column":63},"end":{"line":103,"column":101}}],"line":103},"19":{"loc":{"start":{"line":115,"column":15},"end":{"line":115,"column":45}},"type":"binary-expr","locations":[{"start":{"line":115,"column":15},"end":{"line":115,"column":26}},{"start":{"line":115,"column":30},"end":{"line":115,"column":45}}],"line":115},"20":{"loc":{"start":{"line":118,"column":12},"end":{"line":127,"column":13}},"type":"if","locations":[{"start":{"line":118,"column":12},"end":{"line":127,"column":13}},{"start":{"line":118,"column":12},"end":{"line":127,"column":13}}],"line":118},"21":{"loc":{"start":{"line":123,"column":16},"end":{"line":126,"column":17}},"type":"if","locations":[{"start":{"line":123,"column":16},"end":{"line":126,"column":17}},{"start":{"line":123,"column":16},"end":{"line":126,"column":17}}],"line":123},"22":{"loc":{"start":{"line":169,"column":20},"end":{"line":171,"column":21}},"type":"if","locations":[{"start":{"line":169,"column":20},"end":{"line":171,"column":21}},{"start":{"line":169,"column":20},"end":{"line":171,"column":21}}],"line":169},"23":{"loc":{"start":{"line":178,"column":19},"end":{"line":178,"column":104}},"type":"cond-expr","locations":[{"start":{"line":178,"column":44},"end":{"line":178,"column":68}},{"start":{"line":178,"column":71},"end":{"line":178,"column":104}}],"line":178},"24":{"loc":{"start":{"line":186,"column":34},"end":{"line":186,"column":119}},"type":"cond-expr","locations":[{"start":{"line":186,"column":70},"end":{"line":186,"column":88}},{"start":{"line":186,"column":91},"end":{"line":186,"column":119}}],"line":186},"25":{"loc":{"start":{"line":193,"column":12},"end":{"line":204,"column":13}},"type":"if","locations":[{"start":{"line":193,"column":12},"end":{"line":204,"column":13}},{"start":{"line":193,"column":12},"end":{"line":204,"column":13}}],"line":193},"26":{"loc":{"start":{"line":210,"column":8},"end":{"line":212,"column":9}},"type":"if","locations":[{"start":{"line":210,"column":8},"end":{"line":212,"column":9}},{"start":{"line":210,"column":8},"end":{"line":212,"column":9}}],"line":210}},"s":{"0":1,"1":0,"2":0,"3":0,"4":0,"5":0,"6":0,"7":0,"8":0,"9":0,"10":0,"11":1,"12":1,"13":1,"14":1,"15":1,"16":2,"17":0,"18":2,"19":0,"20":0,"21":0,"22":1,"23":0,"24":1,"25":11,"26":0,"27":11,"28":11,"29":0,"30":11,"31":1,"32":0,"33":1,"34":1,"35":0,"36":1,"37":0,"38":0,"39":0,"40":11,"41":0,"42":11,"43":37,"44":0,"45":37,"46":1,"47":0,"48":1,"49":1,"50":11,"51":15,"52":1,"53":11,"54":15,"55":11,"56":11,"57":0,"58":11,"59":14,"60":11,"61":11,"62":209,"63":11,"64":1,"65":2,"66":2,"67":2,"68":2,"69":2,"70":2,"71":12,"72":12,"73":12,"74":1,"75":1,"76":1,"77":1,"78":1,"79":1,"80":1,"81":12,"82":2,"83":1,"84":1,"85":1,"86":1,"87":1,"88":2,"89":1,"90":1,"91":0,"92":0,"93":0,"94":0,"95":0,"96":0,"97":0,"98":0,"99":0,"100":0,"101":0,"102":0,"103":0,"104":0,"105":0,"106":0,"107":0,"108":11,"109":11,"110":11,"111":1,"112":1,"113":4,"114":4,"115":4,"116":1,"117":0,"118":0,"119":0,"120":0,"121":0,"122":0,"123":0,"124":0,"125":0,"126":0,"127":0,"128":0,"129":0,"130":0,"131":0,"132":1},"f":{"0":0,"1":0,"2":0,"3":0,"4":0,"5":0,"6":2,"7":0,"8":1,"9":11,"10":11,"11":1,"12":1,"13":0,"14":11,"15":37,"16":1,"17":11,"18":15,"19":11,"20":15,"21":14,"22":209,"23":2,"24":1,"25":1,"26":1,"27":1,"28":2,"29":0,"30":0,"31":0,"32":0,"33":11,"34":1,"35":4,"36":4,"37":0,"38":0,"39":0,"40":0},"b":{"0":[1,1,1],"1":[0,0],"2":[0,0],"3":[0,0],"4":[0,2],"5":[0,0],"6":[0,1],"7":[0,11],"8":[0,11],"9":[0,1],"10":[0,1],"11":[0,0],"12":[0,11],"13":[0,37],"14":[0,1],"15":[0,11],"16":[14,11,6,1],"17":[9,2],"18":[209,120],"19":[14,13],"20":[1,11],"21":[1,0],"22":[0,0],"23":[0,11],"24":[3,1],"25":[0,0],"26":[0,0]},"_coverageSchema":"43e27e138ebf9cfc5966b082cf9a028302ed4184","hash":"b292d30419a57b743c2063ea7f0d6eb87be597b4","contentHash":"0e7cda64253d7d2d08bc2481f3dfd29d"}}